#
# There is insufficient memory for the Java Runtime Environment to continue.
# Native memory allocation (malloc) failed to allocate 212496 bytes for Chunk::new
# Possible reasons:
#   The system is out of physical RAM or swap space
#   The process is running with CompressedOops enabled, and the Java Heap may be blocking the growth of the native heap
# Possible solutions:
#   Reduce memory load on the system
#   Increase physical memory or swap space
#   Check if swap backing store is full
#   Decrease Java heap size (-Xmx/-Xms)
#   Decrease number of Java threads
#   Decrease Java thread stack sizes (-Xss)
#   Set larger code cache with -XX:ReservedCodeCacheSize=
#   JVM is running with Unscaled Compressed Oops mode in which the Java heap is
#     placed in the first 4GB address space. The Java Heap base address is the
#     maximum limit for the native heap growth. Please use -XX:HeapBaseMinAddress
#     to set the Java Heap base and to place the Java Heap above 4GB virtual address.
# This output file may be truncated or incomplete.
#
#  Out of Memory Error (allocation.cpp:389), pid=5528, tid=0x0000000000001b4c
#
# JRE version: OpenJDK Runtime Environment (8.0_202-b03) (build 1.8.0_202-release-1483-b03)
# Java VM: OpenJDK 64-Bit Server VM (25.202-b03 mixed mode windows-amd64 compressed oops)
# Failed to write core dump. Minidumps are not enabled by default on client versions of Windows
#

---------------  T H R E A D  ---------------

Current thread (0x00000000168c2800):  JavaThread "C2 CompilerThread0" daemon [_thread_in_native, id=6988, stack(0x00000000178e0000,0x00000000179e0000)]

Stack: [0x00000000178e0000,0x00000000179e0000]
[error occurred during error reporting (printing stack bounds), id 0xc0000005]

Native frames: (J=compiled Java code, j=interpreted, Vv=VM code, C=native code)


Current CompileTask:
C2:  10652 1401   !   4       java.lang.ClassLoader::loadClass (122 bytes)


---------------  P R O C E S S  ---------------

Java Threads: ( => current thread )
  0x0000000018440000 JavaThread "Thread-9" [_thread_blocked, id=1272, stack(0x000000001aa30000,0x000000001ab30000)]
  0x0000000018c46000 JavaThread "Stdin handler" [_thread_blocked, id=540, stack(0x000000001a930000,0x000000001aa30000)]
  0x0000000018c45800 JavaThread "Asynchronous log dispatcher for DefaultDaemonConnection: socket connection from /127.0.0.1:56141 to /127.0.0.1:56142" [_thread_blocked, id=552, stack(0x000000001a830000,0x000000001a930000)]
  0x000000001871a000 JavaThread "Daemon worker" [_thread_in_vm, id=6268, stack(0x000000001a730000,0x000000001a830000)]
  0x0000000018719000 JavaThread "Cancel handler" [_thread_blocked, id=4680, stack(0x000000001a630000,0x000000001a730000)]
  0x00000000192dc000 JavaThread "Handler for socket connection from /127.0.0.1:56141 to /127.0.0.1:56142" [_thread_in_native, id=6096, stack(0x000000001a330000,0x000000001a430000)]
  0x0000000017e96800 JavaThread "Daemon" [_thread_blocked, id=2132, stack(0x000000001a230000,0x000000001a330000)]
  0x0000000017e26000 JavaThread "Daemon periodic checks" [_thread_blocked, id=6556, stack(0x000000001a130000,0x000000001a230000)]
  0x0000000017f30000 JavaThread "Incoming local TCP Connector on port 56141" [_thread_in_native, id=932, stack(0x0000000019ef0000,0x0000000019ff0000)]
  0x00000000188c8800 JavaThread "Daemon health stats" [_thread_blocked, id=5000, stack(0x00000000198b0000,0x00000000199b0000)]
  0x000000001694c000 JavaThread "Service Thread" daemon [_thread_blocked, id=5460, stack(0x0000000017ae0000,0x0000000017be0000)]
  0x00000000168c5800 JavaThread "C1 CompilerThread1" daemon [_thread_blocked, id=5796, stack(0x00000000179e0000,0x0000000017ae0000)]
=>0x00000000168c2800 JavaThread "C2 CompilerThread0" daemon [_thread_in_native, id=6988, stack(0x00000000178e0000,0x00000000179e0000)]
  0x00000000168c1800 JavaThread "Attach Listener" daemon [_thread_blocked, id=3820, stack(0x00000000177e0000,0x00000000178e0000)]
  0x00000000168bc800 JavaThread "Signal Dispatcher" daemon [_thread_blocked, id=8596, stack(0x00000000176e0000,0x00000000177e0000)]
  0x0000000003187800 JavaThread "Finalizer" daemon [_thread_blocked, id=10024, stack(0x00000000174f0000,0x00000000175f0000)]
  0x00000000168a7000 JavaThread "Reference Handler" daemon [_thread_blocked, id=7120, stack(0x00000000173f0000,0x00000000174f0000)]
  0x000000000175d800 JavaThread "main" [_thread_blocked, id=1820, stack(0x0000000002f90000,0x0000000003090000)]

Other Threads:
  0x0000000016885000 VMThread [stack: 0x00000000172f0000,0x00000000173f0000] [id=7844]
  0x000000001694e000 WatcherThread [stack: 0x0000000017be0000,0x0000000017ce0000] [id=7580]

VM state:not at safepoint (normal execution)

VM Mutex/Monitor currently owned by a thread: None

heap address: 0x00000000a0000000, size: 1536 MB, Compressed Oops mode: 32-bit
Narrow klass base: 0x0000000000000000, Narrow klass shift: 3
Compressed class space size: 1073741824 Address: 0x0000000100000000

Heap:
 PSYoungGen      total 20992K, used 4890K [0x00000000e0000000, 0x00000000e2b00000, 0x0000000100000000)
  eden space 15872K, 4% used [0x00000000e0000000,0x00000000e00a4b20,0x00000000e0f80000)
  from space 5120K, 82% used [0x00000000e1500000,0x00000000e1921e10,0x00000000e1a00000)
  to   space 5632K, 0% used [0x00000000e0f80000,0x00000000e0f80000,0x00000000e1500000)
 ParOldGen       total 44032K, used 4455K [0x00000000a0000000, 0x00000000a2b00000, 0x00000000e0000000)
  object space 44032K, 10% used [0x00000000a0000000,0x00000000a0459d10,0x00000000a2b00000)
 Metaspace       used 13642K, capacity 14020K, committed 14080K, reserved 1060864K
  class space    used 1872K, capacity 1996K, committed 2048K, reserved 1048576K

Card table byte_map: [0x0000000012550000,0x0000000012860000] byte_map_base: 0x0000000012050000

Marking Bits: (ParMarkBitMap*) 0x0000000062dd9f30
 Begin Bits: [0x0000000012c60000, 0x0000000014460000)
 End Bits:   [0x0000000014460000, 0x0000000015c60000)

Polling page: 0x0000000001720000

CodeCache: size=245760Kb used=4510Kb max_used=4548Kb free=241250Kb
 bounds [0x0000000003190000, 0x0000000003610000, 0x0000000012190000]
 total_blobs=1673 nmethods=1295 adapters=292
 compilation: enabled

Compilation events (10 events):
Event: 10.548 Thread 0x00000000168c5800 nmethod 1396 0x00000000032c12d0 code [0x00000000032c1560, 0x00000000032c29f8]
Event: 10.564 Thread 0x00000000168c5800 1397       3       org.gradle.util.GradleVersion::compareTo (9 bytes)
Event: 10.564 Thread 0x00000000168c5800 nmethod 1397 0x00000000033d2f50 code [0x00000000033d30c0, 0x00000000033d3348]
Event: 10.564 Thread 0x00000000168c5800 1398       3       java.util.TreeMap::setColor (10 bytes)
Event: 10.564 Thread 0x00000000168c5800 nmethod 1398 0x0000000003390250 code [0x00000000033903a0, 0x0000000003390510]
Event: 10.565 Thread 0x00000000168c5800 1399       1       java.lang.Character::charValue (5 bytes)
Event: 10.565 Thread 0x00000000168c5800 nmethod 1399 0x0000000003303cd0 code [0x0000000003303e20, 0x0000000003303f30]
Event: 10.595 Thread 0x00000000168c5800 1400       3       org.gradle.internal.service.DefaultServiceRegistry$SingletonService::get (5 bytes)
Event: 10.596 Thread 0x00000000168c5800 nmethod 1400 0x00000000032cc510 code [0x00000000032cc680, 0x00000000032cc888]
Event: 10.609 Thread 0x00000000168c2800 1401   !   4       java.lang.ClassLoader::loadClass (122 bytes)

GC Heap History (10 events):
Event: 4.448 GC heap before
{Heap before GC invocations=2 (full 0):
 PSYoungGen      total 18944K, used 18913K [0x00000000e0000000, 0x00000000e1500000, 0x0000000100000000)
  eden space 16384K, 100% used [0x00000000e0000000,0x00000000e1000000,0x00000000e1000000)
  from space 2560K, 98% used [0x00000000e1000000,0x00000000e12784f0,0x00000000e1280000)
  to   space 2560K, 0% used [0x00000000e1280000,0x00000000e1280000,0x00000000e1500000)
 ParOldGen       total 44032K, used 204K [0x00000000a0000000, 0x00000000a2b00000, 0x00000000e0000000)
  object space 44032K, 0% used [0x00000000a0000000,0x00000000a00331c0,0x00000000a2b00000)
 Metaspace       used 6641K, capacity 6848K, committed 7040K, reserved 1056768K
  class space    used 809K, capacity 844K, committed 896K, reserved 1048576K
Event: 4.480 GC heap after
Heap after GC invocations=2 (full 0):
 PSYoungGen      total 18944K, used 2534K [0x00000000e0000000, 0x00000000e1500000, 0x0000000100000000)
  eden space 16384K, 0% used [0x00000000e0000000,0x00000000e0000000,0x00000000e1000000)
  from space 2560K, 98% used [0x00000000e1280000,0x00000000e14f9950,0x00000000e1500000)
  to   space 2560K, 0% used [0x00000000e1000000,0x00000000e1000000,0x00000000e1280000)
 ParOldGen       total 44032K, used 379K [0x00000000a0000000, 0x00000000a2b00000, 0x00000000e0000000)
  object space 44032K, 0% used [0x00000000a0000000,0x00000000a005ed60,0x00000000a2b00000)
 Metaspace       used 6641K, capacity 6848K, committed 7040K, reserved 1056768K
  class space    used 809K, capacity 844K, committed 896K, reserved 1048576K
}
Event: 5.610 GC heap before
{Heap before GC invocations=3 (full 0):
 PSYoungGen      total 18944K, used 18918K [0x00000000e0000000, 0x00000000e1500000, 0x0000000100000000)
  eden space 16384K, 100% used [0x00000000e0000000,0x00000000e1000000,0x00000000e1000000)
  from space 2560K, 98% used [0x00000000e1280000,0x00000000e14f9950,0x00000000e1500000)
  to   space 2560K, 0% used [0x00000000e1000000,0x00000000e1000000,0x00000000e1280000)
 ParOldGen       total 44032K, used 379K [0x00000000a0000000, 0x00000000a2b00000, 0x00000000e0000000)
  object space 44032K, 0% used [0x00000000a0000000,0x00000000a005ed60,0x00000000a2b00000)
 Metaspace       used 6855K, capacity 7128K, committed 7424K, reserved 1056768K
  class space    used 840K, capacity 916K, committed 1024K, reserved 1048576K
Event: 5.625 GC heap after
Heap after GC invocations=3 (full 0):
 PSYoungGen      total 18944K, used 2540K [0x00000000e0000000, 0x00000000e1500000, 0x0000000100000000)
  eden space 16384K, 0% used [0x00000000e0000000,0x00000000e0000000,0x00000000e1000000)
  from space 2560K, 99% used [0x00000000e1000000,0x00000000e127b240,0x00000000e1280000)
  to   space 2560K, 0% used [0x00000000e1280000,0x00000000e1280000,0x00000000e1500000)
 ParOldGen       total 44032K, used 646K [0x00000000a0000000, 0x00000000a2b00000, 0x00000000e0000000)
  object space 44032K, 1% used [0x00000000a0000000,0x00000000a00a1aa8,0x00000000a2b00000)
 Metaspace       used 6855K, capacity 7128K, committed 7424K, reserved 1056768K
  class space    used 840K, capacity 916K, committed 1024K, reserved 1048576K
}
Event: 6.601 GC heap before
{Heap before GC invocations=4 (full 0):
 PSYoungGen      total 18944K, used 18924K [0x00000000e0000000, 0x00000000e1500000, 0x0000000100000000)
  eden space 16384K, 100% used [0x00000000e0000000,0x00000000e1000000,0x00000000e1000000)
  from space 2560K, 99% used [0x00000000e1000000,0x00000000e127b240,0x00000000e1280000)
  to   space 2560K, 0% used [0x00000000e1280000,0x00000000e1280000,0x00000000e1500000)
 ParOldGen       total 44032K, used 646K [0x00000000a0000000, 0x00000000a2b00000, 0x00000000e0000000)
  object space 44032K, 1% used [0x00000000a0000000,0x00000000a00a1aa8,0x00000000a2b00000)
 Metaspace       used 8988K, capacity 9254K, committed 9472K, reserved 1056768K
  class space    used 1169K, capacity 1259K, committed 1280K, reserved 1048576K
Event: 6.611 GC heap after
Heap after GC invocations=4 (full 0):
 PSYoungGen      total 18944K, used 2544K [0x00000000e0000000, 0x00000000e1500000, 0x0000000100000000)
  eden space 16384K, 0% used [0x00000000e0000000,0x00000000e0000000,0x00000000e1000000)
  from space 2560K, 99% used [0x00000000e1280000,0x00000000e14fc030,0x00000000e1500000)
  to   space 2560K, 0% used [0x00000000e1000000,0x00000000e1000000,0x00000000e1280000)
 ParOldGen       total 44032K, used 2032K [0x00000000a0000000, 0x00000000a2b00000, 0x00000000e0000000)
  object space 44032K, 4% used [0x00000000a0000000,0x00000000a01fc2a8,0x00000000a2b00000)
 Metaspace       used 8988K, capacity 9254K, committed 9472K, reserved 1056768K
  class space    used 1169K, capacity 1259K, committed 1280K, reserved 1048576K
}
Event: 9.786 GC heap before
{Heap before GC invocations=5 (full 0):
 PSYoungGen      total 18944K, used 18928K [0x00000000e0000000, 0x00000000e1500000, 0x0000000100000000)
  eden space 16384K, 100% used [0x00000000e0000000,0x00000000e1000000,0x00000000e1000000)
  from space 2560K, 99% used [0x00000000e1280000,0x00000000e14fc030,0x00000000e1500000)
  to   space 2560K, 0% used [0x00000000e1000000,0x00000000e1000000,0x00000000e1280000)
 ParOldGen       total 44032K, used 2032K [0x00000000a0000000, 0x00000000a2b00000, 0x00000000e0000000)
  object space 44032K, 4% used [0x00000000a0000000,0x00000000a01fc2a8,0x00000000a2b00000)
 Metaspace       used 12302K, capacity 12702K, committed 12800K, reserved 1060864K
  class space    used 1660K, capacity 1769K, committed 1792K, reserved 1048576K
Event: 9.801 GC heap after
Heap after GC invocations=5 (full 0):
 PSYoungGen      total 18944K, used 2544K [0x00000000e0000000, 0x00000000e1a00000, 0x0000000100000000)
  eden space 16384K, 0% used [0x00000000e0000000,0x00000000e0000000,0x00000000e1000000)
  from space 2560K, 99% used [0x00000000e1000000,0x00000000e127c010,0x00000000e1280000)
  to   space 5120K, 0% used [0x00000000e1500000,0x00000000e1500000,0x00000000e1a00000)
 ParOldGen       total 44032K, used 4455K [0x00000000a0000000, 0x00000000a2b00000, 0x00000000e0000000)
  object space 44032K, 10% used [0x00000000a0000000,0x00000000a0459d10,0x00000000a2b00000)
 Metaspace       used 12302K, capacity 12702K, committed 12800K, reserved 1060864K
  class space    used 1660K, capacity 1769K, committed 1792K, reserved 1048576K
}
Event: 10.567 GC heap before
{Heap before GC invocations=6 (full 0):
 PSYoungGen      total 18944K, used 18928K [0x00000000e0000000, 0x00000000e1a00000, 0x0000000100000000)
  eden space 16384K, 100% used [0x00000000e0000000,0x00000000e1000000,0x00000000e1000000)
  from space 2560K, 99% used [0x00000000e1000000,0x00000000e127c010,0x00000000e1280000)
  to   space 5120K, 0% used [0x00000000e1500000,0x00000000e1500000,0x00000000e1a00000)
 ParOldGen       total 44032K, used 4455K [0x00000000a0000000, 0x00000000a2b00000, 0x00000000e0000000)
  object space 44032K, 10% used [0x00000000a0000000,0x00000000a0459d10,0x00000000a2b00000)
 Metaspace       used 13544K, capacity 13956K, committed 14080K, reserved 1060864K
  class space    used 1861K, capacity 1996K, committed 2048K, reserved 1048576K
Event: 10.580 GC heap after
Heap after GC invocations=6 (full 0):
 PSYoungGen      total 20992K, used 4231K [0x00000000e0000000, 0x00000000e2b00000, 0x0000000100000000)
  eden space 15872K, 0% used [0x00000000e0000000,0x00000000e0000000,0x00000000e0f80000)
  from space 5120K, 82% used [0x00000000e1500000,0x00000000e1921e10,0x00000000e1a00000)
  to   space 5632K, 0% used [0x00000000e0f80000,0x00000000e0f80000,0x00000000e1500000)
 ParOldGen       total 44032K, used 4455K [0x00000000a0000000, 0x00000000a2b00000, 0x00000000e0000000)
  object space 44032K, 10% used [0x00000000a0000000,0x00000000a0459d10,0x00000000a2b00000)
 Metaspace       used 13544K, capacity 13956K, committed 14080K, reserved 1060864K
  class space    used 1861K, capacity 1996K, committed 2048K, reserved 1048576K
}

Deoptimization events (10 events):
Event: 8.154 Thread 0x000000000175d800 Uncommon trap: reason=unstable_if action=reinterpret pc=0x00000000034b51dc method=java.io.WinNTFileSystem.normalize(Ljava/lang/String;II)Ljava/lang/String; @ 90
Event: 9.281 Thread 0x00000000192dc000 Uncommon trap: reason=unstable_if action=reinterpret pc=0x00000000035483e8 method=java.util.concurrent.ConcurrentHashMap.putVal(Ljava/lang/Object;Ljava/lang/Object;Z)Ljava/lang/Object; @ 206
Event: 9.504 Thread 0x000000001871a000 Uncommon trap: reason=bimorphic action=maybe_recompile pc=0x000000000341b3e4 method=java.util.HashMap.putVal(ILjava/lang/Object;Ljava/lang/Object;ZZ)Ljava/lang/Object; @ 253
Event: 9.505 Thread 0x000000001871a000 Uncommon trap: reason=bimorphic action=maybe_recompile pc=0x000000000341b3e4 method=java.util.HashMap.putVal(ILjava/lang/Object;Ljava/lang/Object;ZZ)Ljava/lang/Object; @ 253
Event: 9.505 Thread 0x000000001871a000 Uncommon trap: reason=bimorphic action=maybe_recompile pc=0x000000000341b3e4 method=java.util.HashMap.putVal(ILjava/lang/Object;Ljava/lang/Object;ZZ)Ljava/lang/Object; @ 253
Event: 9.505 Thread 0x000000001871a000 Uncommon trap: reason=bimorphic action=maybe_recompile pc=0x000000000341b3e4 method=java.util.HashMap.putVal(ILjava/lang/Object;Ljava/lang/Object;ZZ)Ljava/lang/Object; @ 253
Event: 10.298 Thread 0x000000001871a000 Uncommon trap: reason=class_check action=maybe_recompile pc=0x0000000003456844 method=java.util.regex.Matcher.match(II)Z @ 86
Event: 10.399 Thread 0x000000001871a000 Uncommon trap: reason=class_check action=maybe_recompile pc=0x0000000003456844 method=java.util.regex.Matcher.match(II)Z @ 86
Event: 10.410 Thread 0x000000001871a000 Uncommon trap: reason=class_check action=maybe_recompile pc=0x0000000003456844 method=java.util.regex.Matcher.match(II)Z @ 86
Event: 10.411 Thread 0x000000001871a000 Uncommon trap: reason=class_check action=maybe_recompile pc=0x000000000341671c method=java.util.regex.Matcher.match(II)Z @ 86

Classes redefined (0 events):
No events

Internal exceptions (10 events):
Event: 9.286 Thread 0x00000000192dc000 Exception <a 'java/lang/NoSuchMethodError': <clinit>> (0x00000000e086d330) thrown at [D:\src\AOSP-openjdk-cygwin\jdk8u\hotspot\src\share\vm\prims\jni.cpp, line 1614]
Event: 9.291 Thread 0x00000000192dc000 Exception <a 'java/lang/NoSuchMethodError': <clinit>> (0x00000000e0882160) thrown at [D:\src\AOSP-openjdk-cygwin\jdk8u\hotspot\src\share\vm\prims\jni.cpp, line 1614]
Event: 9.307 Thread 0x00000000192dc000 Exception <a 'java/lang/NoSuchMethodError': <clinit>> (0x00000000e0895338) thrown at [D:\src\AOSP-openjdk-cygwin\jdk8u\hotspot\src\share\vm\prims\jni.cpp, line 1614]
Event: 9.317 Thread 0x00000000192dc000 Exception <a 'java/lang/NoSuchMethodError': <clinit>> (0x00000000e08bc710) thrown at [D:\src\AOSP-openjdk-cygwin\jdk8u\hotspot\src\share\vm\prims\jni.cpp, line 1614]
Event: 9.327 Thread 0x00000000192dc000 Exception <a 'java/lang/NoSuchMethodError': <clinit>> (0x00000000e08d4730) thrown at [D:\src\AOSP-openjdk-cygwin\jdk8u\hotspot\src\share\vm\prims\jni.cpp, line 1614]
Event: 9.331 Thread 0x00000000192dc000 Exception <a 'java/lang/NoSuchMethodError': <clinit>> (0x00000000e08dd3c0) thrown at [D:\src\AOSP-openjdk-cygwin\jdk8u\hotspot\src\share\vm\prims\jni.cpp, line 1614]
Event: 9.336 Thread 0x00000000192dc000 Exception <a 'java/lang/NoSuchMethodError': <clinit>> (0x00000000e08f3a00) thrown at [D:\src\AOSP-openjdk-cygwin\jdk8u\hotspot\src\share\vm\prims\jni.cpp, line 1614]
Event: 9.365 Thread 0x00000000192dc000 Exception <a 'java/lang/NoSuchMethodError': <clinit>> (0x00000000e0953a30) thrown at [D:\src\AOSP-openjdk-cygwin\jdk8u\hotspot\src\share\vm\prims\jni.cpp, line 1614]
Event: 9.375 Thread 0x00000000192dc000 Exception <a 'java/lang/NoSuchMethodError': <clinit>> (0x00000000e09808b0) thrown at [D:\src\AOSP-openjdk-cygwin\jdk8u\hotspot\src\share\vm\prims\jni.cpp, line 1614]
Event: 9.399 Thread 0x00000000192dc000 Exception <a 'java/lang/NoSuchMethodError': <clinit>> (0x00000000e099d210) thrown at [D:\src\AOSP-openjdk-cygwin\jdk8u\hotspot\src\share\vm\prims\jni.cpp, line 1614]

Events (10 events):
Event: 10.604 loading class com/google/common/collect/MapMakerInternalMap$InternalEntry
Event: 10.604 loading class com/google/common/collect/MapMakerInternalMap$InternalEntry done
Event: 10.604 loading class com/google/common/collect/MapMakerInternalMap$WeakKeyDummyValueEntry$Helper
Event: 10.604 loading class com/google/common/collect/MapMakerInternalMap$WeakKeyDummyValueEntry$Helper done
Event: 10.605 loading class com/google/common/collect/MapMakerInternalMap$Segment
Event: 10.605 loading class com/google/common/collect/MapMakerInternalMap$Segment done
Event: 10.606 loading class com/google/common/collect/MapMakerInternalMap$WeakKeyDummyValueSegment
Event: 10.606 loading class com/google/common/collect/MapMakerInternalMap$WeakKeyDummyValueSegment done
Event: 10.609 loading class org/gradle/cache/CacheDecorator
Event: 10.609 loading class org/gradle/cache/CacheDecorator done


Dynamic libraries:
0x00007ff69d9b0000 - 0x00007ff69d9e1000 	F:\Android\Androidstudio\jre\bin\java.exe
0x00007ffab8b90000 - 0x00007ffab8d71000 	C:\WINDOWS\SYSTEM32\ntdll.dll
0x00007ffab66b0000 - 0x00007ffab6762000 	C:\WINDOWS\System32\KERNEL32.DLL
0x00007ffab5b30000 - 0x00007ffab5da3000 	C:\WINDOWS\System32\KERNELBASE.dll
0x00007ffab8a40000 - 0x00007ffab8ae1000 	C:\WINDOWS\System32\ADVAPI32.dll
0x00007ffab6770000 - 0x00007ffab680e000 	C:\WINDOWS\System32\msvcrt.dll
0x00007ffab89c0000 - 0x00007ffab8a1b000 	C:\WINDOWS\System32\sechost.dll
0x00007ffab6e90000 - 0x00007ffab6fb4000 	C:\WINDOWS\System32\RPCRT4.dll
0x00007ffab6fc0000 - 0x00007ffab7150000 	C:\WINDOWS\System32\USER32.dll
0x00007ffab5b10000 - 0x00007ffab5b30000 	C:\WINDOWS\System32\win32u.dll
0x00007ffab6620000 - 0x00007ffab6648000 	C:\WINDOWS\System32\GDI32.dll
0x00007ffab5810000 - 0x00007ffab59a2000 	C:\WINDOWS\System32\gdi32full.dll
0x00007ffab4f60000 - 0x00007ffab4fff000 	C:\WINDOWS\System32\msvcp_win.dll
0x00007ffab5a10000 - 0x00007ffab5b08000 	C:\WINDOWS\System32\ucrtbase.dll
0x00007ffaa1470000 - 0x00007ffaa16d9000 	C:\WINDOWS\WinSxS\amd64_microsoft.windows.common-controls_6595b64144ccf1df_6.0.17134.648_none_fb45a0e93062a6d2\COMCTL32.dll
0x00007ffab6960000 - 0x00007ffab6c82000 	C:\WINDOWS\System32\combase.dll
0x00007ffab5fa0000 - 0x00007ffab601a000 	C:\WINDOWS\System32\bcryptPrimitives.dll
0x00007ffab8990000 - 0x00007ffab89bd000 	C:\WINDOWS\System32\IMM32.DLL
0x0000000062530000 - 0x0000000062602000 	F:\Android\Androidstudio\jre\jre\bin\msvcr100.dll
0x0000000062610000 - 0x0000000062e56000 	F:\Android\Androidstudio\jre\jre\bin\server\jvm.dll
0x00007ffab6950000 - 0x00007ffab6958000 	C:\WINDOWS\System32\PSAPI.DLL
0x00007ffaaba30000 - 0x00007ffaaba39000 	C:\WINDOWS\SYSTEM32\WSOCK32.dll
0x00007ffab3130000 - 0x00007ffab3153000 	C:\WINDOWS\SYSTEM32\WINMM.dll
0x00007ffab6810000 - 0x00007ffab687c000 	C:\WINDOWS\System32\WS2_32.dll
0x00007ffaa7430000 - 0x00007ffaa743a000 	C:\WINDOWS\SYSTEM32\VERSION.dll
0x00007ffab3100000 - 0x00007ffab312a000 	C:\WINDOWS\SYSTEM32\winmmbase.dll
0x00007ffab57c0000 - 0x00007ffab5809000 	C:\WINDOWS\System32\cfgmgr32.dll
0x00007ffaabde0000 - 0x00007ffaabdef000 	F:\Android\Androidstudio\jre\jre\bin\verify.dll
0x00007ffaabdb0000 - 0x00007ffaabdd9000 	F:\Android\Androidstudio\jre\jre\bin\java.dll
0x00007ffaab510000 - 0x00007ffaab526000 	F:\Android\Androidstudio\jre\jre\bin\zip.dll
0x00007ffab7150000 - 0x00007ffab8590000 	C:\WINDOWS\System32\SHELL32.dll
0x00007ffab6c90000 - 0x00007ffab6d39000 	C:\WINDOWS\System32\shcore.dll
0x00007ffab5000000 - 0x00007ffab570d000 	C:\WINDOWS\System32\windows.storage.dll
0x00007ffab6d40000 - 0x00007ffab6d91000 	C:\WINDOWS\System32\shlwapi.dll
0x00007ffab4ec0000 - 0x00007ffab4ed1000 	C:\WINDOWS\System32\kernel.appcore.dll
0x00007ffab4ee0000 - 0x00007ffab4eff000 	C:\WINDOWS\System32\profapi.dll
0x00007ffab4f10000 - 0x00007ffab4f5c000 	C:\WINDOWS\System32\powrprof.dll
0x00007ffab4f00000 - 0x00007ffab4f0a000 	C:\WINDOWS\System32\FLTLIB.DLL
0x00007ffaa8bf0000 - 0x00007ffaa8c0a000 	F:\Android\Androidstudio\jre\jre\bin\net.dll
0x00007ffab4720000 - 0x00007ffab4786000 	C:\WINDOWS\system32\mswsock.dll
0x00007ffaa8c10000 - 0x00007ffaa8c21000 	F:\Android\Androidstudio\jre\jre\bin\nio.dll
0x00007ffaadcc0000 - 0x00007ffaadce6000 	C:\Users\abc\.gradle\native\29\windows-amd64\native-platform.dll
0x00007ffab1840000 - 0x00007ffab184d000 	F:\Android\Androidstudio\jre\jre\bin\management.dll
0x00007ffab48d0000 - 0x00007ffab48e7000 	C:\WINDOWS\SYSTEM32\CRYPTSP.dll
0x00007ffab4300000 - 0x00007ffab4333000 	C:\WINDOWS\system32\rsaenh.dll
0x00007ffab4a20000 - 0x00007ffab4a45000 	C:\WINDOWS\SYSTEM32\bcrypt.dll
0x00007ffab4da0000 - 0x00007ffab4dc8000 	C:\WINDOWS\SYSTEM32\USERENV.dll
0x00007ffab48f0000 - 0x00007ffab48fb000 	C:\WINDOWS\SYSTEM32\CRYPTBASE.dll
0x00007ffab44a0000 - 0x00007ffab44d8000 	C:\WINDOWS\SYSTEM32\IPHLPAPI.DLL
0x00007ffab61c0000 - 0x00007ffab61c8000 	C:\WINDOWS\System32\NSI.dll
0x00007ffaacf10000 - 0x00007ffaacf26000 	C:\WINDOWS\SYSTEM32\dhcpcsvc6.DLL
0x00007ffaaca10000 - 0x00007ffaaca2a000 	C:\WINDOWS\SYSTEM32\dhcpcsvc.DLL

VM Arguments:
jvm_args: -Xmx1536m -Dfile.encoding=windows-1252 -Duser.country=US -Duser.language=en -Duser.variant 
java_command: org.gradle.launcher.daemon.bootstrap.GradleDaemon 5.4.1
java_class_path (initial): C:\Users\abc\.gradle\wrapper\dists\gradle-5.4.1-all\3221gyojl5jsh0helicew7rwx\gradle-5.4.1\lib\gradle-launcher-5.4.1.jar
Launcher Type: SUN_STANDARD

Environment Variables:
CLASSPATH=.;.;C:\PROGRA~2\JMF21~1.1E\lib\sound.jar;C:\PROGRA~2\JMF21~1.1E\lib\jmf.jar;C:\PROGRA~2\JMF21~1.1E\lib;
PATH=C:\WINDOWS\system32;C:\WINDOWS;C:\WINDOWS\System32\Wbem;C:\WINDOWS\System32\WindowsPowerShell\v1.0\;C:\WINDOWS\System32\OpenSSH\;C:\Program Files\Java\jdk1.8.0_161\bin;C:\Program Files\Microsoft VS Code\bin;C:\Users\abc\AppData\Local\Microsoft\WindowsApps;
USERNAME=abc
OS=Windows_NT
PROCESSOR_IDENTIFIER=Intel64 Family 6 Model 58 Stepping 9, GenuineIntel



---------------  S Y S T E M  ---------------

OS: Windows 10.0 , 64 bit Build 17134 (10.0.17134.648)

CPU:total 2 (initial active 2) (2 cores per cpu, 1 threads per core) family 6 model 58 stepping 9, cmov, cx8, fxsr, mmx, sse, sse2, sse3, ssse3, sse4.1, sse4.2, popcnt, clmul, erms, tsc, tscinvbit, tscinv

Memory: 4k page, physical 4077284k(805648k free), swap 4691684k(5380k free)

vm_info: OpenJDK 64-Bit Server VM (25.202-b03) for windows-amd64 JRE (1.8.0_202-release-1483-b03), built by "builder" with MS VC++ 10.0 (VS2010)

time: Mon Dec 09 14:00:07 2019
timezone: Pacific Standard Time
elapsed time: 10 seconds (0d 0h 0m 10s)

