#
# There is insufficient memory for the Java Runtime Environment to continue.
# Native memory allocation (malloc) failed to allocate 32744 bytes for ChunkPool::allocate
# Possible reasons:
#   The system is out of physical RAM or swap space
#   The process is running with CompressedOops enabled, and the Java Heap may be blocking the growth of the native heap
# Possible solutions:
#   Reduce memory load on the system
#   Increase physical memory or swap space
#   Check if swap backing store is full
#   Decrease Java heap size (-Xmx/-Xms)
#   Decrease number of Java threads
#   Decrease Java thread stack sizes (-Xss)
#   Set larger code cache with -XX:ReservedCodeCacheSize=
#   JVM is running with Unscaled Compressed Oops mode in which the Java heap is
#     placed in the first 4GB address space. The Java Heap base address is the
#     maximum limit for the native heap growth. Please use -XX:HeapBaseMinAddress
#     to set the Java Heap base and to place the Java Heap above 4GB virtual address.
# This output file may be truncated or incomplete.
#
#  Out of Memory Error (allocation.cpp:272), pid=6324, tid=0x0000000000000f50
#
# JRE version: OpenJDK Runtime Environment (8.0_202-b03) (build 1.8.0_202-release-1483-b03)
# Java VM: OpenJDK 64-Bit Server VM (25.202-b03 mixed mode windows-amd64 compressed oops)
# Failed to write core dump. Minidumps are not enabled by default on client versions of Windows
#

---------------  T H R E A D  ---------------

Current thread (0x0000000015bc3800):  JavaThread "C1 CompilerThread1" daemon [_thread_in_native, id=3920, stack(0x0000000016d00000,0x0000000016e00000)]

Stack: [0x0000000016d00000,0x0000000016e00000]
[error occurred during error reporting (printing stack bounds), id 0xc0000005]

Native frames: (J=compiled Java code, j=interpreted, Vv=VM code, C=native code)


Current CompileTask:
C1:   6060 1416       3       java.net.URLClassLoader::definePackage (272 bytes)


---------------  P R O C E S S  ---------------

Java Threads: ( => current thread )
  0x00000000170e2000 JavaThread "Cache worker for journal cache (C:\Users\abc\.gradle\caches\journal-1)" [_thread_blocked, id=8660, stack(0x000000001a050000,0x000000001a150000)]
  0x00000000170e4800 JavaThread "File lock request listener" [_thread_in_native, id=8388, stack(0x0000000019f50000,0x000000001a050000)]
  0x00000000179d6800 JavaThread "Cache worker for file hash cache (C:\Users\abc\.gradle\caches\5.4.1\fileHashes)" [_thread_blocked, id=8080, stack(0x0000000019e50000,0x0000000019f50000)]
  0x000000001833d800 JavaThread "Thread-9" [_thread_blocked, id=6128, stack(0x0000000019d50000,0x0000000019e50000)]
  0x0000000018339000 JavaThread "Stdin handler" [_thread_blocked, id=8620, stack(0x0000000019c50000,0x0000000019d50000)]
  0x00000000181d4800 JavaThread "Asynchronous log dispatcher for DefaultDaemonConnection: socket connection from /127.0.0.1:56147 to /127.0.0.1:56148" [_thread_blocked, id=9636, stack(0x0000000019b50000,0x0000000019c50000)]
  0x0000000017b95800 JavaThread "Daemon worker" [_thread_in_vm, id=1392, stack(0x0000000019a50000,0x0000000019b50000)]
  0x0000000017b93800 JavaThread "Cancel handler" [_thread_blocked, id=5352, stack(0x0000000019950000,0x0000000019a50000)]
  0x0000000018110000 JavaThread "Handler for socket connection from /127.0.0.1:56147 to /127.0.0.1:56148" [_thread_in_native, id=8504, stack(0x0000000019650000,0x0000000019750000)]
  0x0000000017e90000 JavaThread "Daemon" [_thread_blocked, id=6856, stack(0x0000000019550000,0x0000000019650000)]
  0x000000001810c800 JavaThread "Daemon periodic checks" [_thread_blocked, id=6652, stack(0x0000000019450000,0x0000000019550000)]
  0x0000000017e53000 JavaThread "Incoming local TCP Connector on port 56147" [_thread_in_native, id=9580, stack(0x0000000019210000,0x0000000019310000)]
  0x0000000018451800 JavaThread "Daemon health stats" [_thread_blocked, id=9648, stack(0x0000000018bd0000,0x0000000018cd0000)]
  0x0000000015c14000 JavaThread "Service Thread" daemon [_thread_blocked, id=6032, stack(0x0000000016e00000,0x0000000016f00000)]
=>0x0000000015bc3800 JavaThread "C1 CompilerThread1" daemon [_thread_in_native, id=3920, stack(0x0000000016d00000,0x0000000016e00000)]
  0x0000000015bc0800 JavaThread "C2 CompilerThread0" daemon [_thread_in_native, id=10020, stack(0x0000000016c00000,0x0000000016d00000)]
  0x0000000015bbe800 JavaThread "Attach Listener" daemon [_thread_blocked, id=7452, stack(0x0000000016b00000,0x0000000016c00000)]
  0x00000000023fe800 JavaThread "Signal Dispatcher" daemon [_thread_blocked, id=4184, stack(0x0000000016a00000,0x0000000016b00000)]
  0x00000000023f2000 JavaThread "Finalizer" daemon [_thread_blocked, id=836, stack(0x0000000016810000,0x0000000016910000)]
  0x0000000015ba7000 JavaThread "Reference Handler" daemon [_thread_blocked, id=6916, stack(0x0000000016710000,0x0000000016810000)]
  0x000000000248d800 JavaThread "main" [_thread_blocked, id=2532, stack(0x0000000000a00000,0x0000000000b00000)]

Other Threads:
  0x0000000015b85000 VMThread [stack: 0x0000000016610000,0x0000000016710000] [id=5920]
  0x0000000015c18000 WatcherThread [stack: 0x0000000016f00000,0x0000000017000000] [id=4272]

VM state:not at safepoint (normal execution)

VM Mutex/Monitor currently owned by a thread: None

heap address: 0x00000000a0000000, size: 1536 MB, Compressed Oops mode: 32-bit
Narrow klass base: 0x0000000000000000, Narrow klass shift: 3
Compressed class space size: 1073741824 Address: 0x0000000100000000

Heap:
 PSYoungGen      total 37376K, used 12335K [0x00000000e0000000, 0x00000000e2b00000, 0x0000000100000000)
  eden space 32256K, 25% used [0x00000000e0000000,0x00000000e07fbe10,0x00000000e1f80000)
  from space 5120K, 81% used [0x00000000e2500000,0x00000000e290fe08,0x00000000e2a00000)
  to   space 5632K, 0% used [0x00000000e1f80000,0x00000000e1f80000,0x00000000e2500000)
 ParOldGen       total 44032K, used 4496K [0x00000000a0000000, 0x00000000a2b00000, 0x00000000e0000000)
  object space 44032K, 10% used [0x00000000a0000000,0x00000000a0464048,0x00000000a2b00000)
 Metaspace       used 14248K, capacity 14570K, committed 14720K, reserved 1062912K
  class space    used 1985K, capacity 2093K, committed 2176K, reserved 1048576K

Card table byte_map: [0x0000000011850000,0x0000000011b60000] byte_map_base: 0x0000000011350000

Marking Bits: (ParMarkBitMap*) 0x0000000062dd9f30
 Begin Bits: [0x0000000011f60000, 0x0000000013760000)
 End Bits:   [0x0000000013760000, 0x0000000014f60000)

Polling page: 0x0000000000b00000

CodeCache: size=245760Kb used=4968Kb max_used=4968Kb free=240791Kb
 bounds [0x0000000002490000, 0x0000000002970000, 0x0000000011490000]
 total_blobs=1794 nmethods=1413 adapters=295
 compilation: enabled

Compilation events (10 events):
Event: 6.028 Thread 0x0000000015bc3800 nmethod 1411 0x0000000002967690 code [0x0000000002967820, 0x0000000002967c28]
Event: 6.029 Thread 0x0000000015bc3800 1412       3       java.lang.invoke.MethodTypeForm::canonicalizeAll (66 bytes)
Event: 6.030 Thread 0x0000000015bc3800 nmethod 1412 0x000000000296b810 code [0x000000000296b9c0, 0x000000000296bff8]
Event: 6.030 Thread 0x0000000015bc3800 1413       3       java.lang.invoke.MethodType::checkRtype (6 bytes)
Event: 6.031 Thread 0x0000000015bc3800 nmethod 1413 0x000000000296b310 code [0x000000000296b480, 0x000000000296b708]
Event: 6.031 Thread 0x0000000015bc3800 1414       3       java.lang.invoke.MethodType$ConcurrentWeakInternSet$WeakEntry::<init> (15 bytes)
Event: 6.031 Thread 0x0000000015bc3800 nmethod 1414 0x000000000296ac10 code [0x000000000296ada0, 0x000000000296b188]
Event: 6.052 Thread 0x0000000015bc3800 1415   !   3       java.lang.ClassLoader::definePackage (77 bytes)
Event: 6.053 Thread 0x0000000015bc3800 nmethod 1415 0x000000000296c7d0 code [0x000000000296c980, 0x000000000296d018]
Event: 6.054 Thread 0x0000000015bc3800 1416       3       java.net.URLClassLoader::definePackage (272 bytes)

GC Heap History (10 events):
Event: 2.534 GC heap before
{Heap before GC invocations=2 (full 0):
 PSYoungGen      total 18944K, used 18919K [0x00000000e0000000, 0x00000000e1500000, 0x0000000100000000)
  eden space 16384K, 100% used [0x00000000e0000000,0x00000000e1000000,0x00000000e1000000)
  from space 2560K, 99% used [0x00000000e1000000,0x00000000e1279e08,0x00000000e1280000)
  to   space 2560K, 0% used [0x00000000e1280000,0x00000000e1280000,0x00000000e1500000)
 ParOldGen       total 44032K, used 204K [0x00000000a0000000, 0x00000000a2b00000, 0x00000000e0000000)
  object space 44032K, 0% used [0x00000000a0000000,0x00000000a00331c0,0x00000000a2b00000)
 Metaspace       used 6646K, capacity 6852K, committed 7040K, reserved 1056768K
  class space    used 809K, capacity 844K, committed 896K, reserved 1048576K
Event: 2.541 GC heap after
Heap after GC invocations=2 (full 0):
 PSYoungGen      total 18944K, used 2534K [0x00000000e0000000, 0x00000000e1500000, 0x0000000100000000)
  eden space 16384K, 0% used [0x00000000e0000000,0x00000000e0000000,0x00000000e1000000)
  from space 2560K, 98% used [0x00000000e1280000,0x00000000e14f9950,0x00000000e1500000)
  to   space 2560K, 0% used [0x00000000e1000000,0x00000000e1000000,0x00000000e1280000)
 ParOldGen       total 44032K, used 379K [0x00000000a0000000, 0x00000000a2b00000, 0x00000000e0000000)
  object space 44032K, 0% used [0x00000000a0000000,0x00000000a005ed60,0x00000000a2b00000)
 Metaspace       used 6646K, capacity 6852K, committed 7040K, reserved 1056768K
  class space    used 809K, capacity 844K, committed 896K, reserved 1048576K
}
Event: 3.190 GC heap before
{Heap before GC invocations=3 (full 0):
 PSYoungGen      total 18944K, used 18918K [0x00000000e0000000, 0x00000000e1500000, 0x0000000100000000)
  eden space 16384K, 100% used [0x00000000e0000000,0x00000000e1000000,0x00000000e1000000)
  from space 2560K, 98% used [0x00000000e1280000,0x00000000e14f9950,0x00000000e1500000)
  to   space 2560K, 0% used [0x00000000e1000000,0x00000000e1000000,0x00000000e1280000)
 ParOldGen       total 44032K, used 379K [0x00000000a0000000, 0x00000000a2b00000, 0x00000000e0000000)
  object space 44032K, 0% used [0x00000000a0000000,0x00000000a005ed60,0x00000000a2b00000)
 Metaspace       used 6858K, capacity 7132K, committed 7424K, reserved 1056768K
  class space    used 840K, capacity 916K, committed 1024K, reserved 1048576K
Event: 3.199 GC heap after
Heap after GC invocations=3 (full 0):
 PSYoungGen      total 18944K, used 2540K [0x00000000e0000000, 0x00000000e1500000, 0x0000000100000000)
  eden space 16384K, 0% used [0x00000000e0000000,0x00000000e0000000,0x00000000e1000000)
  from space 2560K, 99% used [0x00000000e1000000,0x00000000e127b240,0x00000000e1280000)
  to   space 2560K, 0% used [0x00000000e1280000,0x00000000e1280000,0x00000000e1500000)
 ParOldGen       total 44032K, used 638K [0x00000000a0000000, 0x00000000a2b00000, 0x00000000e0000000)
  object space 44032K, 1% used [0x00000000a0000000,0x00000000a009faa8,0x00000000a2b00000)
 Metaspace       used 6858K, capacity 7132K, committed 7424K, reserved 1056768K
  class space    used 840K, capacity 916K, committed 1024K, reserved 1048576K
}
Event: 3.755 GC heap before
{Heap before GC invocations=4 (full 0):
 PSYoungGen      total 18944K, used 18924K [0x00000000e0000000, 0x00000000e1500000, 0x0000000100000000)
  eden space 16384K, 100% used [0x00000000e0000000,0x00000000e1000000,0x00000000e1000000)
  from space 2560K, 99% used [0x00000000e1000000,0x00000000e127b240,0x00000000e1280000)
  to   space 2560K, 0% used [0x00000000e1280000,0x00000000e1280000,0x00000000e1500000)
 ParOldGen       total 44032K, used 638K [0x00000000a0000000, 0x00000000a2b00000, 0x00000000e0000000)
  object space 44032K, 1% used [0x00000000a0000000,0x00000000a009faa8,0x00000000a2b00000)
 Metaspace       used 8993K, capacity 9258K, committed 9472K, reserved 1056768K
  class space    used 1169K, capacity 1259K, committed 1280K, reserved 1048576K
Event: 3.765 GC heap after
Heap after GC invocations=4 (full 0):
 PSYoungGen      total 18944K, used 2544K [0x00000000e0000000, 0x00000000e2500000, 0x0000000100000000)
  eden space 16384K, 0% used [0x00000000e0000000,0x00000000e0000000,0x00000000e1000000)
  from space 2560K, 99% used [0x00000000e1280000,0x00000000e14fc010,0x00000000e1500000)
  to   space 2560K, 0% used [0x00000000e1000000,0x00000000e1000000,0x00000000e1280000)
 ParOldGen       total 44032K, used 2059K [0x00000000a0000000, 0x00000000a2b00000, 0x00000000e0000000)
  object space 44032K, 4% used [0x00000000a0000000,0x00000000a0202df8,0x00000000a2b00000)
 Metaspace       used 8993K, capacity 9258K, committed 9472K, reserved 1056768K
  class space    used 1169K, capacity 1259K, committed 1280K, reserved 1048576K
}
Event: 5.439 GC heap before
{Heap before GC invocations=5 (full 0):
 PSYoungGen      total 18944K, used 18928K [0x00000000e0000000, 0x00000000e2500000, 0x0000000100000000)
  eden space 16384K, 100% used [0x00000000e0000000,0x00000000e1000000,0x00000000e1000000)
  from space 2560K, 99% used [0x00000000e1280000,0x00000000e14fc010,0x00000000e1500000)
  to   space 2560K, 0% used [0x00000000e1000000,0x00000000e1000000,0x00000000e1280000)
 ParOldGen       total 44032K, used 2059K [0x00000000a0000000, 0x00000000a2b00000, 0x00000000e0000000)
  object space 44032K, 4% used [0x00000000a0000000,0x00000000a0202df8,0x00000000a2b00000)
 Metaspace       used 12316K, capacity 12706K, committed 12800K, reserved 1060864K
  class space    used 1663K, capacity 1769K, committed 1792K, reserved 1048576K
Event: 5.451 GC heap after
Heap after GC invocations=5 (full 0):
 PSYoungGen      total 18944K, used 2560K [0x00000000e0000000, 0x00000000e2a00000, 0x0000000100000000)
  eden space 16384K, 0% used [0x00000000e0000000,0x00000000e0000000,0x00000000e1000000)
  from space 2560K, 100% used [0x00000000e1000000,0x00000000e1280000,0x00000000e1280000)
  to   space 5120K, 0% used [0x00000000e2500000,0x00000000e2500000,0x00000000e2a00000)
 ParOldGen       total 44032K, used 4496K [0x00000000a0000000, 0x00000000a2b00000, 0x00000000e0000000)
  object space 44032K, 10% used [0x00000000a0000000,0x00000000a0464048,0x00000000a2b00000)
 Metaspace       used 12316K, capacity 12706K, committed 12800K, reserved 1060864K
  class space    used 1663K, capacity 1769K, committed 1792K, reserved 1048576K
}
Event: 5.842 GC heap before
{Heap before GC invocations=6 (full 0):
 PSYoungGen      total 18944K, used 18944K [0x00000000e0000000, 0x00000000e2a00000, 0x0000000100000000)
  eden space 16384K, 100% used [0x00000000e0000000,0x00000000e1000000,0x00000000e1000000)
  from space 2560K, 100% used [0x00000000e1000000,0x00000000e1280000,0x00000000e1280000)
  to   space 5120K, 0% used [0x00000000e2500000,0x00000000e2500000,0x00000000e2a00000)
 ParOldGen       total 44032K, used 4496K [0x00000000a0000000, 0x00000000a2b00000, 0x00000000e0000000)
  object space 44032K, 10% used [0x00000000a0000000,0x00000000a0464048,0x00000000a2b00000)
 Metaspace       used 13545K, capacity 13960K, committed 14080K, reserved 1060864K
  class space    used 1860K, capacity 1996K, committed 2048K, reserved 1048576K
Event: 5.857 GC heap after
Heap after GC invocations=6 (full 0):
 PSYoungGen      total 37376K, used 4159K [0x00000000e0000000, 0x00000000e2b00000, 0x0000000100000000)
  eden space 32256K, 0% used [0x00000000e0000000,0x00000000e0000000,0x00000000e1f80000)
  from space 5120K, 81% used [0x00000000e2500000,0x00000000e290fe08,0x00000000e2a00000)
  to   space 5632K, 0% used [0x00000000e1f80000,0x00000000e1f80000,0x00000000e2500000)
 ParOldGen       total 44032K, used 4496K [0x00000000a0000000, 0x00000000a2b00000, 0x00000000e0000000)
  object space 44032K, 10% used [0x00000000a0000000,0x00000000a0464048,0x00000000a2b00000)
 Metaspace       used 13545K, capacity 13960K, committed 14080K, reserved 1060864K
  class space    used 1860K, capacity 1996K, committed 2048K, reserved 1048576K
}

Deoptimization events (10 events):
Event: 4.278 Thread 0x000000000248d800 Uncommon trap: reason=unstable_if action=reinterpret pc=0x00000000027d86dc method=java.io.WinNTFileSystem.normalize(Ljava/lang/String;II)Ljava/lang/String; @ 90
Event: 5.083 Thread 0x0000000018110000 Uncommon trap: reason=unstable_if action=reinterpret pc=0x0000000002862aa8 method=java.util.concurrent.ConcurrentHashMap.putVal(Ljava/lang/Object;Ljava/lang/Object;Z)Ljava/lang/Object; @ 206
Event: 5.248 Thread 0x0000000017b95800 Uncommon trap: reason=bimorphic action=maybe_recompile pc=0x000000000273fff4 method=java.util.HashMap.putVal(ILjava/lang/Object;Ljava/lang/Object;ZZ)Ljava/lang/Object; @ 253
Event: 5.248 Thread 0x0000000017b95800 Uncommon trap: reason=bimorphic action=maybe_recompile pc=0x000000000273fff4 method=java.util.HashMap.putVal(ILjava/lang/Object;Ljava/lang/Object;ZZ)Ljava/lang/Object; @ 253
Event: 5.249 Thread 0x0000000017b95800 Uncommon trap: reason=bimorphic action=maybe_recompile pc=0x000000000273fff4 method=java.util.HashMap.putVal(ILjava/lang/Object;Ljava/lang/Object;ZZ)Ljava/lang/Object; @ 253
Event: 5.249 Thread 0x0000000017b95800 Uncommon trap: reason=bimorphic action=maybe_recompile pc=0x000000000273fff4 method=java.util.HashMap.putVal(ILjava/lang/Object;Ljava/lang/Object;ZZ)Ljava/lang/Object; @ 253
Event: 5.765 Thread 0x0000000017b95800 Uncommon trap: reason=class_check action=maybe_recompile pc=0x00000000027685d8 method=java.util.regex.Matcher.match(II)Z @ 86
Event: 5.793 Thread 0x0000000017b95800 Uncommon trap: reason=class_check action=maybe_recompile pc=0x00000000027685d8 method=java.util.regex.Matcher.match(II)Z @ 86
Event: 5.794 Thread 0x0000000017b95800 Uncommon trap: reason=class_check action=maybe_recompile pc=0x00000000027685d8 method=java.util.regex.Matcher.match(II)Z @ 86
Event: 5.795 Thread 0x0000000017b95800 Uncommon trap: reason=class_check action=maybe_recompile pc=0x0000000002726a1c method=java.util.regex.Matcher.match(II)Z @ 86

Classes redefined (0 events):
No events

Internal exceptions (10 events):
Event: 5.088 Thread 0x0000000018110000 Exception <a 'java/lang/NoSuchMethodError': <clinit>> (0x00000000e086d8b8) thrown at [D:\src\AOSP-openjdk-cygwin\jdk8u\hotspot\src\share\vm\prims\jni.cpp, line 1614]
Event: 5.094 Thread 0x0000000018110000 Exception <a 'java/lang/NoSuchMethodError': <clinit>> (0x00000000e08826e8) thrown at [D:\src\AOSP-openjdk-cygwin\jdk8u\hotspot\src\share\vm\prims\jni.cpp, line 1614]
Event: 5.101 Thread 0x0000000018110000 Exception <a 'java/lang/NoSuchMethodError': <clinit>> (0x00000000e08958c0) thrown at [D:\src\AOSP-openjdk-cygwin\jdk8u\hotspot\src\share\vm\prims\jni.cpp, line 1614]
Event: 5.112 Thread 0x0000000018110000 Exception <a 'java/lang/NoSuchMethodError': <clinit>> (0x00000000e08bcce0) thrown at [D:\src\AOSP-openjdk-cygwin\jdk8u\hotspot\src\share\vm\prims\jni.cpp, line 1614]
Event: 5.117 Thread 0x0000000018110000 Exception <a 'java/lang/NoSuchMethodError': <clinit>> (0x00000000e08d4d00) thrown at [D:\src\AOSP-openjdk-cygwin\jdk8u\hotspot\src\share\vm\prims\jni.cpp, line 1614]
Event: 5.118 Thread 0x0000000018110000 Exception <a 'java/lang/NoSuchMethodError': <clinit>> (0x00000000e08dd990) thrown at [D:\src\AOSP-openjdk-cygwin\jdk8u\hotspot\src\share\vm\prims\jni.cpp, line 1614]
Event: 5.122 Thread 0x0000000018110000 Exception <a 'java/lang/NoSuchMethodError': <clinit>> (0x00000000e08f3f60) thrown at [D:\src\AOSP-openjdk-cygwin\jdk8u\hotspot\src\share\vm\prims\jni.cpp, line 1614]
Event: 5.143 Thread 0x0000000018110000 Exception <a 'java/lang/NoSuchMethodError': <clinit>> (0x00000000e0953fc8) thrown at [D:\src\AOSP-openjdk-cygwin\jdk8u\hotspot\src\share\vm\prims\jni.cpp, line 1614]
Event: 5.156 Thread 0x0000000018110000 Exception <a 'java/lang/NoSuchMethodError': <clinit>> (0x00000000e0980e68) thrown at [D:\src\AOSP-openjdk-cygwin\jdk8u\hotspot\src\share\vm\prims\jni.cpp, line 1614]
Event: 5.176 Thread 0x0000000018110000 Exception <a 'java/lang/NoSuchMethodError': <clinit>> (0x00000000e099d7c0) thrown at [D:\src\AOSP-openjdk-cygwin\jdk8u\hotspot\src\share\vm\prims\jni.cpp, line 1614]

Events (10 events):
Event: 6.049 loading class org/gradle/internal/resource/local/GroupedAndNamedUniqueFileStore
Event: 6.049 loading class org/gradle/internal/resource/local/GroupedAndNamedUniqueFileStore done
Event: 6.050 loading class org/gradle/api/internal/artifacts/repositories/transport/RepositoryTransportFactory
Event: 6.050 loading class org/gradle/api/internal/artifacts/repositories/transport/RepositoryTransportFactory done
Event: 6.051 loading class org/gradle/api/internal/runtimeshaded/RuntimeShadedJarFactory
Event: 6.051 loading class org/gradle/api/internal/runtimeshaded/RuntimeShadedJarFactory done
Event: 6.052 loading class org/gradle/util/internal/SimpleMapInterner
Event: 6.052 loading class org/gradle/util/internal/SimpleMapInterner done
Event: 6.054 loading class org/gradle/api/internal/artifacts/ivyservice/resolveengine/excludes/ModuleExclusions
Event: 6.054 loading class org/gradle/api/internal/artifacts/ivyservice/resolveengine/excludes/ModuleExclusions done


Dynamic libraries:
0x00007ff69d9b0000 - 0x00007ff69d9e1000 	F:\Android\Androidstudio\jre\bin\java.exe
0x00007ffab8b90000 - 0x00007ffab8d71000 	C:\WINDOWS\SYSTEM32\ntdll.dll
0x00007ffab66b0000 - 0x00007ffab6762000 	C:\WINDOWS\System32\KERNEL32.DLL
0x00007ffab5b30000 - 0x00007ffab5da3000 	C:\WINDOWS\System32\KERNELBASE.dll
0x00007ffab8a40000 - 0x00007ffab8ae1000 	C:\WINDOWS\System32\ADVAPI32.dll
0x00007ffab6770000 - 0x00007ffab680e000 	C:\WINDOWS\System32\msvcrt.dll
0x00007ffab89c0000 - 0x00007ffab8a1b000 	C:\WINDOWS\System32\sechost.dll
0x00007ffab6e90000 - 0x00007ffab6fb4000 	C:\WINDOWS\System32\RPCRT4.dll
0x00007ffab6fc0000 - 0x00007ffab7150000 	C:\WINDOWS\System32\USER32.dll
0x00007ffab5b10000 - 0x00007ffab5b30000 	C:\WINDOWS\System32\win32u.dll
0x00007ffab6620000 - 0x00007ffab6648000 	C:\WINDOWS\System32\GDI32.dll
0x00007ffab5810000 - 0x00007ffab59a2000 	C:\WINDOWS\System32\gdi32full.dll
0x00007ffab4f60000 - 0x00007ffab4fff000 	C:\WINDOWS\System32\msvcp_win.dll
0x00007ffab5a10000 - 0x00007ffab5b08000 	C:\WINDOWS\System32\ucrtbase.dll
0x00007ffaa1470000 - 0x00007ffaa16d9000 	C:\WINDOWS\WinSxS\amd64_microsoft.windows.common-controls_6595b64144ccf1df_6.0.17134.648_none_fb45a0e93062a6d2\COMCTL32.dll
0x00007ffab6960000 - 0x00007ffab6c82000 	C:\WINDOWS\System32\combase.dll
0x00007ffab5fa0000 - 0x00007ffab601a000 	C:\WINDOWS\System32\bcryptPrimitives.dll
0x00007ffab8990000 - 0x00007ffab89bd000 	C:\WINDOWS\System32\IMM32.DLL
0x0000000062530000 - 0x0000000062602000 	F:\Android\Androidstudio\jre\jre\bin\msvcr100.dll
0x0000000062610000 - 0x0000000062e56000 	F:\Android\Androidstudio\jre\jre\bin\server\jvm.dll
0x00007ffab6950000 - 0x00007ffab6958000 	C:\WINDOWS\System32\PSAPI.DLL
0x00007ffaaba30000 - 0x00007ffaaba39000 	C:\WINDOWS\SYSTEM32\WSOCK32.dll
0x00007ffab6810000 - 0x00007ffab687c000 	C:\WINDOWS\System32\WS2_32.dll
0x00007ffab3130000 - 0x00007ffab3153000 	C:\WINDOWS\SYSTEM32\WINMM.dll
0x00007ffaa7430000 - 0x00007ffaa743a000 	C:\WINDOWS\SYSTEM32\VERSION.dll
0x00007ffab3100000 - 0x00007ffab312a000 	C:\WINDOWS\SYSTEM32\WINMMBASE.dll
0x00007ffab57c0000 - 0x00007ffab5809000 	C:\WINDOWS\System32\cfgmgr32.dll
0x00007ffaabde0000 - 0x00007ffaabdef000 	F:\Android\Androidstudio\jre\jre\bin\verify.dll
0x00007ffaabdb0000 - 0x00007ffaabdd9000 	F:\Android\Androidstudio\jre\jre\bin\java.dll
0x00007ffaab510000 - 0x00007ffaab526000 	F:\Android\Androidstudio\jre\jre\bin\zip.dll
0x00007ffab7150000 - 0x00007ffab8590000 	C:\WINDOWS\System32\SHELL32.dll
0x00007ffab6c90000 - 0x00007ffab6d39000 	C:\WINDOWS\System32\shcore.dll
0x00007ffab5000000 - 0x00007ffab570d000 	C:\WINDOWS\System32\windows.storage.dll
0x00007ffab6d40000 - 0x00007ffab6d91000 	C:\WINDOWS\System32\shlwapi.dll
0x00007ffab4ec0000 - 0x00007ffab4ed1000 	C:\WINDOWS\System32\kernel.appcore.dll
0x00007ffab4ee0000 - 0x00007ffab4eff000 	C:\WINDOWS\System32\profapi.dll
0x00007ffab4f10000 - 0x00007ffab4f5c000 	C:\WINDOWS\System32\powrprof.dll
0x00007ffab4f00000 - 0x00007ffab4f0a000 	C:\WINDOWS\System32\FLTLIB.DLL
0x00007ffaa8bf0000 - 0x00007ffaa8c0a000 	F:\Android\Androidstudio\jre\jre\bin\net.dll
0x00007ffab4720000 - 0x00007ffab4786000 	C:\WINDOWS\system32\mswsock.dll
0x00007ffaa8c10000 - 0x00007ffaa8c21000 	F:\Android\Androidstudio\jre\jre\bin\nio.dll
0x00007ffaadcc0000 - 0x00007ffaadce6000 	C:\Users\abc\.gradle\native\29\windows-amd64\native-platform.dll
0x00007ffab1840000 - 0x00007ffab184d000 	F:\Android\Androidstudio\jre\jre\bin\management.dll
0x00007ffab48d0000 - 0x00007ffab48e7000 	C:\WINDOWS\SYSTEM32\CRYPTSP.dll
0x00007ffab4300000 - 0x00007ffab4333000 	C:\WINDOWS\system32\rsaenh.dll
0x00007ffab4a20000 - 0x00007ffab4a45000 	C:\WINDOWS\SYSTEM32\bcrypt.dll
0x00007ffab4da0000 - 0x00007ffab4dc8000 	C:\WINDOWS\SYSTEM32\USERENV.dll
0x00007ffab48f0000 - 0x00007ffab48fb000 	C:\WINDOWS\SYSTEM32\CRYPTBASE.dll
0x00007ffab44a0000 - 0x00007ffab44d8000 	C:\WINDOWS\SYSTEM32\IPHLPAPI.DLL
0x00007ffab61c0000 - 0x00007ffab61c8000 	C:\WINDOWS\System32\NSI.dll
0x00007ffaacf10000 - 0x00007ffaacf26000 	C:\WINDOWS\SYSTEM32\dhcpcsvc6.DLL
0x00007ffaaca10000 - 0x00007ffaaca2a000 	C:\WINDOWS\SYSTEM32\dhcpcsvc.DLL

VM Arguments:
jvm_args: -Xmx1536m -Dfile.encoding=windows-1252 -Duser.country=US -Duser.language=en -Duser.variant 
java_command: org.gradle.launcher.daemon.bootstrap.GradleDaemon 5.4.1
java_class_path (initial): C:\Users\abc\.gradle\wrapper\dists\gradle-5.4.1-all\3221gyojl5jsh0helicew7rwx\gradle-5.4.1\lib\gradle-launcher-5.4.1.jar
Launcher Type: SUN_STANDARD

Environment Variables:
CLASSPATH=.;.;C:\PROGRA~2\JMF21~1.1E\lib\sound.jar;C:\PROGRA~2\JMF21~1.1E\lib\jmf.jar;C:\PROGRA~2\JMF21~1.1E\lib;
PATH=C:\WINDOWS\system32;C:\WINDOWS;C:\WINDOWS\System32\Wbem;C:\WINDOWS\System32\WindowsPowerShell\v1.0\;C:\WINDOWS\System32\OpenSSH\;C:\Program Files\Java\jdk1.8.0_161\bin;C:\Program Files\Microsoft VS Code\bin;C:\Users\abc\AppData\Local\Microsoft\WindowsApps;
USERNAME=abc
OS=Windows_NT
PROCESSOR_IDENTIFIER=Intel64 Family 6 Model 58 Stepping 9, GenuineIntel



---------------  S Y S T E M  ---------------

OS: Windows 10.0 , 64 bit Build 17134 (10.0.17134.648)

CPU:total 2 (initial active 2) (2 cores per cpu, 1 threads per core) family 6 model 58 stepping 9, cmov, cx8, fxsr, mmx, sse, sse2, sse3, ssse3, sse4.1, sse4.2, popcnt, clmul, erms, tsc, tscinvbit, tscinv

Memory: 4k page, physical 4077284k(814320k free), swap 4691684k(4376k free)

vm_info: OpenJDK 64-Bit Server VM (25.202-b03) for windows-amd64 JRE (1.8.0_202-release-1483-b03), built by "builder" with MS VC++ 10.0 (VS2010)

time: Mon Dec 09 14:00:25 2019
timezone: Pacific Standard Time
elapsed time: 6 seconds (0d 0h 0m 6s)

