#
# There is insufficient memory for the Java Runtime Environment to continue.
# Native memory allocation (malloc) failed to allocate 131088 bytes for Chunk::new
# Possible reasons:
#   The system is out of physical RAM or swap space
#   In 32 bit mode, the process size limit was hit
# Possible solutions:
#   Reduce memory load on the system
#   Increase physical memory or swap space
#   Check if swap backing store is full
#   Use 64 bit Java on a 64 bit OS
#   Decrease Java heap size (-Xmx/-Xms)
#   Decrease number of Java threads
#   Decrease Java thread stack sizes (-Xss)
#   Set larger code cache with -XX:ReservedCodeCacheSize=
# This output file may be truncated or incomplete.
#
#  Out of Memory Error (allocation.cpp:390), pid=13740, tid=0x0000000000002010
#
# JRE version: OpenJDK Runtime Environment (8.0_152-b01) (build 1.8.0_152-release-1343-b01)
# Java VM: OpenJDK 64-Bit Server VM (25.152-b01 mixed mode windows-amd64 compressed oops)
# Failed to write core dump. Minidumps are not enabled by default on client versions of Windows
#

---------------  T H R E A D  ---------------

Current thread (0x0000000016200000):  JavaThread "C2 CompilerThread0" daemon [_thread_in_native, id=8208, stack(0x0000000017850000,0x0000000017950000)]

Stack: [0x0000000017850000,0x0000000017950000]
[error occurred during error reporting (printing stack bounds), id 0xc0000005]

Native frames: (J=compiled Java code, j=interpreted, Vv=VM code, C=native code)


Current CompileTask:
C2:  18874 6245       4       java.net.URLClassLoader$1::run (5 bytes)


---------------  P R O C E S S  ---------------

Java Threads: ( => current thread )
  0x000000001c9d3800 JavaThread "Memory manager" [_thread_blocked, id=6984, stack(0x0000000020f90000,0x0000000021090000)]
  0x000000001c9d8000 JavaThread "build operations Thread 4" [_thread_blocked, id=4832, stack(0x0000000020e90000,0x0000000020f90000)]
  0x000000001c9d1000 JavaThread "build operations Thread 3" [_thread_blocked, id=7292, stack(0x0000000020d90000,0x0000000020e90000)]
  0x000000001c9d2800 JavaThread "build operations Thread 2" [_thread_blocked, id=10384, stack(0x000000001f9e0000,0x000000001fae0000)]
  0x000000001c9d5800 JavaThread "build operations" [_thread_blocked, id=6624, stack(0x000000001f7e0000,0x000000001f8e0000)]
  0x000000001c9d4000 JavaThread "Cache worker for Artifact transforms cache (C:\Users\Kamakhya\.gradle\caches\transforms-1)" [_thread_blocked, id=15324, stack(0x000000001d040000,0x000000001d140000)]
  0x0000000019879000 JavaThread "Cache worker for file hash cache (D:\KabunaStateGovernment_21_Aug\KabunaStateGovernment\.gradle\4.4\fileHashes)" [_thread_blocked, id=19696, stack(0x000000001bd70000,0x000000001be70000)]
  0x00000000191c2000 JavaThread "File lock request listener" [_thread_in_native, id=18308, stack(0x000000001aca0000,0x000000001ada0000)]
  0x00000000194fb000 JavaThread "Cache worker for file hash cache (C:\Users\Kamakhya\.gradle\caches\4.4\fileHashes)" [_thread_blocked, id=8624, stack(0x000000001aba0000,0x000000001aca0000)]
  0x00000000191c0800 JavaThread "Stdin handler" [_thread_blocked, id=4108, stack(0x000000001a8a0000,0x000000001a9a0000)]
  0x00000000191b9000 JavaThread "Asynchronous log dispatcher for DefaultDaemonConnection: socket connection from /127.0.0.1:51444 to /127.0.0.1:51445" [_thread_blocked, id=16504, stack(0x000000001a7a0000,0x000000001a8a0000)]
  0x00000000191cd800 JavaThread "Daemon worker" [_thread_in_vm, id=12480, stack(0x000000001a6a0000,0x000000001a7a0000)]
  0x00000000191cd000 JavaThread "Cancel handler" [_thread_blocked, id=19088, stack(0x000000001a5a0000,0x000000001a6a0000)]
  0x0000000018f05000 JavaThread "Handler for socket connection from /127.0.0.1:51444 to /127.0.0.1:51445" [_thread_in_native, id=13164, stack(0x000000001a2a0000,0x000000001a3a0000)]
  0x0000000018f01800 JavaThread "Daemon" [_thread_blocked, id=13176, stack(0x000000001a1a0000,0x000000001a2a0000)]
  0x0000000018ee7000 JavaThread "Daemon periodic checks" [_thread_blocked, id=16296, stack(0x000000001a0a0000,0x000000001a1a0000)]
  0x000000001904e800 JavaThread "Incoming local TCP Connector on port 51444" [_thread_in_native, id=7888, stack(0x0000000019e60000,0x0000000019f60000)]
  0x000000001625c800 JavaThread "Service Thread" daemon [_thread_blocked, id=7100, stack(0x0000000017f50000,0x0000000018050000)]
  0x000000001620b800 JavaThread "C1 CompilerThread2" daemon [_thread_in_vm, id=18744, stack(0x0000000017a50000,0x0000000017b50000)]
  0x0000000016203800 JavaThread "C2 CompilerThread1" daemon [_thread_in_native, id=20732, stack(0x0000000017950000,0x0000000017a50000)]
=>0x0000000016200000 JavaThread "C2 CompilerThread0" daemon [_thread_in_native, id=8208, stack(0x0000000017850000,0x0000000017950000)]
  0x00000000161ff000 JavaThread "Attach Listener" daemon [_thread_blocked, id=16064, stack(0x0000000017750000,0x0000000017850000)]
  0x00000000161fc000 JavaThread "Signal Dispatcher" daemon [_thread_blocked, id=11276, stack(0x0000000017650000,0x0000000017750000)]
  0x00000000161ed800 JavaThread "Finalizer" daemon [_thread_blocked, id=6220, stack(0x0000000017450000,0x0000000017550000)]
  0x0000000002885000 JavaThread "Reference Handler" daemon [_thread_blocked, id=6604, stack(0x0000000017350000,0x0000000017450000)]
  0x0000000000ebe800 JavaThread "main" [_thread_blocked, id=6648, stack(0x0000000002690000,0x0000000002790000)]

Other Threads:
  0x00000000161c6000 VMThread [stack: 0x0000000017250000,0x0000000017350000] [id=18376]
  0x0000000017b72000 WatcherThread [stack: 0x0000000018050000,0x0000000018150000] [id=18136]

VM state:not at safepoint (normal execution)

VM Mutex/Monitor currently owned by a thread: None

Heap:
 PSYoungGen      total 158208K, used 94881K [0x00000000e0000000, 0x00000000edf80000, 0x0000000100000000)
  eden space 143360K, 55% used [0x00000000e0000000,0x00000000e4e2ccc8,0x00000000e8c00000)
  from space 14848K, 99% used [0x00000000e8c00000,0x00000000e9a7b738,0x00000000e9a80000)
  to   space 16896K, 0% used [0x00000000ecf00000,0x00000000ecf00000,0x00000000edf80000)
 ParOldGen       total 104960K, used 19921K [0x00000000a0000000, 0x00000000a6680000, 0x00000000e0000000)
  object space 104960K, 18% used [0x00000000a0000000,0x00000000a1374728,0x00000000a6680000)
 Metaspace       used 51889K, capacity 53030K, committed 53208K, reserved 1095680K
  class space    used 6952K, capacity 7299K, committed 7424K, reserved 1048576K

Card table byte_map: [0x0000000011c50000,0x0000000011f60000] byte_map_base: 0x0000000011750000

Marking Bits: (ParMarkBitMap*) 0x0000000053605aa0
 Begin Bits: [0x0000000012560000, 0x0000000013d60000)
 End Bits:   [0x0000000013d60000, 0x0000000015560000)

Polling page: 0x00000000009f0000

CodeCache: size=245760Kb used=19424Kb max_used=19424Kb free=226335Kb
 bounds [0x0000000002890000, 0x0000000003ba0000, 0x0000000011890000]
 total_blobs=6512 nmethods=5714 adapters=711
 compilation: enabled

Compilation events (10 events):
Event: 18.863 Thread 0x000000001620b800 nmethod 6308 0x0000000003b67990 code [0x0000000003b67ae0, 0x0000000003b67bf0]
Event: 18.863 Thread 0x000000001620b800 6309       3       com.google.common.collect.ArrayListMultimap::createCollection (5 bytes)
Event: 18.863 Thread 0x000000001620b800 nmethod 6309 0x0000000003b67450 code [0x0000000003b675c0, 0x0000000003b67888]
Event: 18.863 Thread 0x000000001620b800 6310       3       com.google.common.collect.ArrayListMultimap::createCollection (12 bytes)
Event: 18.863 Thread 0x000000001620b800 nmethod 6310 0x0000000003b67050 code [0x0000000003b671c0, 0x0000000003b673a8]
Event: 18.864 Thread 0x000000001620b800 6311       3       java.lang.invoke.MethodHandleNatives::isCallerSensitive (29 bytes)
Event: 18.864 Thread 0x000000001620b800 nmethod 6311 0x0000000003b86590 code [0x0000000003b86740, 0x0000000003b86de8]
Event: 18.864 Thread 0x000000001620b800 6312       3       java.lang.invoke.MethodHandleNatives::canBeCalledVirtual (132 bytes)
Event: 18.864 Thread 0x000000001620b800 nmethod 6312 0x0000000003b86fd0 code [0x0000000003b871c0, 0x0000000003b87af8]
Event: 18.867 Thread 0x000000001620b800 6313       3       java.beans.Introspector::getTargetEventInfo (1082 bytes)

GC Heap History (10 events):
Event: 2.740 GC heap before
{Heap before GC invocations=5 (full 1):
 PSYoungGen      total 75776K, used 65024K [0x00000000e0000000, 0x00000000e9400000, 0x0000000100000000)
  eden space 65024K, 100% used [0x00000000e0000000,0x00000000e3f80000,0x00000000e3f80000)
  from space 10752K, 0% used [0x00000000e3f80000,0x00000000e3f80000,0x00000000e4a00000)
  to   space 10752K, 0% used [0x00000000e8980000,0x00000000e8980000,0x00000000e9400000)
 ParOldGen       total 104960K, used 8621K [0x00000000a0000000, 0x00000000a6680000, 0x00000000e0000000)
  object space 104960K, 8% used [0x00000000a0000000,0x00000000a086b640,0x00000000a6680000)
 Metaspace       used 26550K, capacity 26998K, committed 27136K, reserved 1073152K
  class space    used 3661K, capacity 3830K, committed 3840K, reserved 1048576K
Event: 2.747 GC heap after
Heap after GC invocations=5 (full 1):
 PSYoungGen      total 104960K, used 7113K [0x00000000e0000000, 0x00000000e9080000, 0x0000000100000000)
  eden space 97792K, 0% used [0x00000000e0000000,0x00000000e0000000,0x00000000e5f80000)
  from space 7168K, 99% used [0x00000000e8980000,0x00000000e90725c0,0x00000000e9080000)
  to   space 10752K, 0% used [0x00000000e7b80000,0x00000000e7b80000,0x00000000e8600000)
 ParOldGen       total 104960K, used 8629K [0x00000000a0000000, 0x00000000a6680000, 0x00000000e0000000)
  object space 104960K, 8% used [0x00000000a0000000,0x00000000a086d640,0x00000000a6680000)
 Metaspace       used 26550K, capacity 26998K, committed 27136K, reserved 1073152K
  class space    used 3661K, capacity 3830K, committed 3840K, reserved 1048576K
}
Event: 3.704 GC heap before
{Heap before GC invocations=6 (full 1):
 PSYoungGen      total 104960K, used 102539K [0x00000000e0000000, 0x00000000e9080000, 0x0000000100000000)
  eden space 97792K, 97% used [0x00000000e0000000,0x00000000e5d308f8,0x00000000e5f80000)
  from space 7168K, 99% used [0x00000000e8980000,0x00000000e90725c0,0x00000000e9080000)
  to   space 10752K, 0% used [0x00000000e7b80000,0x00000000e7b80000,0x00000000e8600000)
 ParOldGen       total 104960K, used 8629K [0x00000000a0000000, 0x00000000a6680000, 0x00000000e0000000)
  object space 104960K, 8% used [0x00000000a0000000,0x00000000a086d640,0x00000000a6680000)
 Metaspace       used 34774K, capacity 35358K, committed 35416K, reserved 1079296K
  class space    used 4803K, capacity 4979K, committed 4992K, reserved 1048576K
Event: 3.714 GC heap after
Heap after GC invocations=6 (full 1):
 PSYoungGen      total 137216K, used 10739K [0x00000000e0000000, 0x00000000ea800000, 0x0000000100000000)
  eden space 126464K, 0% used [0x00000000e0000000,0x00000000e0000000,0x00000000e7b80000)
  from space 10752K, 99% used [0x00000000e7b80000,0x00000000e85fcd88,0x00000000e8600000)
  to   space 13824K, 0% used [0x00000000e9a80000,0x00000000e9a80000,0x00000000ea800000)
 ParOldGen       total 104960K, used 11165K [0x00000000a0000000, 0x00000000a6680000, 0x00000000e0000000)
  object space 104960K, 10% used [0x00000000a0000000,0x00000000a0ae77c0,0x00000000a6680000)
 Metaspace       used 34774K, capacity 35358K, committed 35416K, reserved 1079296K
  class space    used 4803K, capacity 4979K, committed 4992K, reserved 1048576K
}
Event: 3.714 GC heap before
{Heap before GC invocations=7 (full 2):
 PSYoungGen      total 137216K, used 10739K [0x00000000e0000000, 0x00000000ea800000, 0x0000000100000000)
  eden space 126464K, 0% used [0x00000000e0000000,0x00000000e0000000,0x00000000e7b80000)
  from space 10752K, 99% used [0x00000000e7b80000,0x00000000e85fcd88,0x00000000e8600000)
  to   space 13824K, 0% used [0x00000000e9a80000,0x00000000e9a80000,0x00000000ea800000)
 ParOldGen       total 104960K, used 11165K [0x00000000a0000000, 0x00000000a6680000, 0x00000000e0000000)
  object space 104960K, 10% used [0x00000000a0000000,0x00000000a0ae77c0,0x00000000a6680000)
 Metaspace       used 34774K, capacity 35358K, committed 35416K, reserved 1079296K
  class space    used 4803K, capacity 4979K, committed 4992K, reserved 1048576K
Event: 3.758 GC heap after
Heap after GC invocations=7 (full 2):
 PSYoungGen      total 137216K, used 0K [0x00000000e0000000, 0x00000000ea800000, 0x0000000100000000)
  eden space 126464K, 0% used [0x00000000e0000000,0x00000000e0000000,0x00000000e7b80000)
  from space 10752K, 0% used [0x00000000e7b80000,0x00000000e7b80000,0x00000000e8600000)
  to   space 13824K, 0% used [0x00000000e9a80000,0x00000000e9a80000,0x00000000ea800000)
 ParOldGen       total 104960K, used 19681K [0x00000000a0000000, 0x00000000a6680000, 0x00000000e0000000)
  object space 104960K, 18% used [0x00000000a0000000,0x00000000a13386d0,0x00000000a6680000)
 Metaspace       used 34774K, capacity 35358K, committed 35416K, reserved 1079296K
  class space    used 4803K, capacity 4979K, committed 4992K, reserved 1048576K
}
Event: 5.318 GC heap before
{Heap before GC invocations=8 (full 2):
 PSYoungGen      total 137216K, used 126464K [0x00000000e0000000, 0x00000000ea800000, 0x0000000100000000)
  eden space 126464K, 100% used [0x00000000e0000000,0x00000000e7b80000,0x00000000e7b80000)
  from space 10752K, 0% used [0x00000000e7b80000,0x00000000e7b80000,0x00000000e8600000)
  to   space 13824K, 0% used [0x00000000e9a80000,0x00000000e9a80000,0x00000000ea800000)
 ParOldGen       total 104960K, used 19681K [0x00000000a0000000, 0x00000000a6680000, 0x00000000e0000000)
  object space 104960K, 18% used [0x00000000a0000000,0x00000000a13386d0,0x00000000a6680000)
 Metaspace       used 42037K, capacity 42856K, committed 42968K, reserved 1085440K
  class space    used 5799K, capacity 6060K, committed 6144K, reserved 1048576K
Event: 5.329 GC heap after
Heap after GC invocations=8 (full 2):
 PSYoungGen      total 157184K, used 12566K [0x00000000e0000000, 0x00000000ec600000, 0x0000000100000000)
  eden space 143360K, 0% used [0x00000000e0000000,0x00000000e0000000,0x00000000e8c00000)
  from space 13824K, 90% used [0x00000000e9a80000,0x00000000ea6c5bb0,0x00000000ea800000)
  to   space 14848K, 0% used [0x00000000e8c00000,0x00000000e8c00000,0x00000000e9a80000)
 ParOldGen       total 104960K, used 19689K [0x00000000a0000000, 0x00000000a6680000, 0x00000000e0000000)
  object space 104960K, 18% used [0x00000000a0000000,0x00000000a133a6d0,0x00000000a6680000)
 Metaspace       used 42037K, capacity 42856K, committed 42968K, reserved 1085440K
  class space    used 5799K, capacity 6060K, committed 6144K, reserved 1048576K
}
Event: 6.166 GC heap before
{Heap before GC invocations=9 (full 2):
 PSYoungGen      total 157184K, used 155926K [0x00000000e0000000, 0x00000000ec600000, 0x0000000100000000)
  eden space 143360K, 100% used [0x00000000e0000000,0x00000000e8c00000,0x00000000e8c00000)
  from space 13824K, 90% used [0x00000000e9a80000,0x00000000ea6c5bb0,0x00000000ea800000)
  to   space 14848K, 0% used [0x00000000e8c00000,0x00000000e8c00000,0x00000000e9a80000)
 ParOldGen       total 104960K, used 19689K [0x00000000a0000000, 0x00000000a6680000, 0x00000000e0000000)
  object space 104960K, 18% used [0x00000000a0000000,0x00000000a133a6d0,0x00000000a6680000)
 Metaspace       used 45976K, capacity 46910K, committed 47192K, reserved 1089536K
  class space    used 6203K, capacity 6491K, committed 6528K, reserved 1048576K
Event: 6.175 GC heap after
Heap after GC invocations=9 (full 2):
 PSYoungGen      total 158208K, used 14829K [0x00000000e0000000, 0x00000000edf80000, 0x0000000100000000)
  eden space 143360K, 0% used [0x00000000e0000000,0x00000000e0000000,0x00000000e8c00000)
  from space 14848K, 99% used [0x00000000e8c00000,0x00000000e9a7b738,0x00000000e9a80000)
  to   space 16896K, 0% used [0x00000000ecf00000,0x00000000ecf00000,0x00000000edf80000)
 ParOldGen       total 104960K, used 19921K [0x00000000a0000000, 0x00000000a6680000, 0x00000000e0000000)
  object space 104960K, 18% used [0x00000000a0000000,0x00000000a1374728,0x00000000a6680000)
 Metaspace       used 45976K, capacity 46910K, committed 47192K, reserved 1089536K
  class space    used 6203K, capacity 6491K, committed 6528K, reserved 1048576K
}

Deoptimization events (10 events):
Event: 8.416 Thread 0x00000000191cd800 Uncommon trap: reason=class_check action=maybe_recompile pc=0x0000000003101124 method=java.util.zip.InflaterInputStream.read([BII)I @ 100
Event: 9.119 Thread 0x00000000191cd800 Uncommon trap: reason=bimorphic action=maybe_recompile pc=0x0000000003afe8e8 method=java.io.InputStream.read([B)I @ 5
Event: 9.901 Thread 0x00000000191cd800 Uncommon trap: reason=class_check action=maybe_recompile pc=0x0000000003101124 method=java.util.zip.InflaterInputStream.read([BII)I @ 100
Event: 10.217 Thread 0x00000000191cd800 Uncommon trap: reason=class_check action=maybe_recompile pc=0x0000000003101124 method=java.util.zip.InflaterInputStream.read([BII)I @ 100
Event: 18.681 Thread 0x00000000191cd800 Uncommon trap: reason=class_check action=maybe_recompile pc=0x000000000342d178 method=com.google.common.collect.AbstractMapBasedMultimap$WrappedCollection.refreshIfEmpty()V @ 59
Event: 18.681 Thread 0x00000000191cd800 Uncommon trap: reason=class_check action=maybe_recompile pc=0x000000000342d178 method=com.google.common.collect.AbstractMapBasedMultimap$WrappedCollection.refreshIfEmpty()V @ 59
Event: 18.681 Thread 0x00000000191cd800 Uncommon trap: reason=class_check action=maybe_recompile pc=0x000000000342d178 method=com.google.common.collect.AbstractMapBasedMultimap$WrappedCollection.refreshIfEmpty()V @ 59
Event: 18.681 Thread 0x00000000191cd800 Uncommon trap: reason=class_check action=maybe_recompile pc=0x000000000342d178 method=com.google.common.collect.AbstractMapBasedMultimap$WrappedCollection.refreshIfEmpty()V @ 59
Event: 18.698 Thread 0x00000000191cd800 Uncommon trap: reason=unstable_if action=reinterpret pc=0x00000000031b9e04 method=com.esotericsoftware.kryo.io.Input.readUtf8(I)V @ 79
Event: 18.777 Thread 0x00000000191cd800 Uncommon trap: reason=unstable_if action=reinterpret pc=0x0000000003856114 method=java.util.HashMap$HashIterator.<init>(Ljava/util/HashMap;)V @ 45

Classes redefined (0 events):
No events

Internal exceptions (10 events):
Event: 18.852 Thread 0x00000000191cd800 Exception <a 'java/lang/ClassNotFoundException': com/android/build/gradle/internal/tasks/BaseTaskBeanInfo> (0x00000000e499c3b8) thrown at [D:\src\AOSP-openjdk-cygwin\jdk8u\hotspot\src\share\vm\classfile\systemDictionary.cpp, line 210]
Event: 18.852 Thread 0x00000000191cd800 Exception <a 'java/lang/ClassNotFoundException': com/android/build/gradle/internal/tasks/BaseTaskCustomizer> (0x00000000e49b05f0) thrown at [D:\src\AOSP-openjdk-cygwin\jdk8u\hotspot\src\share\vm\classfile\systemDictionary.cpp, line 210]
Event: 18.852 Thread 0x00000000191cd800 Exception <a 'java/lang/ClassNotFoundException': com/android/build/gradle/internal/tasks/IncrementalTaskCustomizer> (0x00000000e49d5918) thrown at [D:\src\AOSP-openjdk-cygwin\jdk8u\hotspot\src\share\vm\classfile\systemDictionary.cpp, line 210]
Event: 18.853 Thread 0x00000000191cd800 Exception <a 'java/lang/ClassNotFoundException': com/android/build/gradle/tasks/ManifestProcessorTaskCustomizer> (0x00000000e49ff560) thrown at [D:\src\AOSP-openjdk-cygwin\jdk8u\hotspot\src\share\vm\classfile\systemDictionary.cpp, line 210]
Event: 18.854 Thread 0x00000000191cd800 Exception <a 'java/lang/ClassNotFoundException': com/android/build/gradle/tasks/MergeManifestsCustomizer> (0x00000000e4a2d330) thrown at [D:\src\AOSP-openjdk-cygwin\jdk8u\hotspot\src\share\vm\classfile\systemDictionary.cpp, line 210]
Event: 18.855 Thread 0x00000000191cd800 Exception <a 'java/lang/ClassNotFoundException': com/android/build/gradle/tasks/MergeManifests_DecoratedCustomizer> (0x00000000e4a845d0) thrown at [D:\src\AOSP-openjdk-cygwin\jdk8u\hotspot\src\share\vm\classfile\systemDictionary.cpp, line 210]
Event: 18.865 Thread 0x00000000191cd800 Exception <a 'java/lang/ClassNotFoundException': com/android/build/gradle/tasks/GenerateResValues_DecoratedBeanInfo> (0x00000000e4c05028) thrown at [D:\src\AOSP-openjdk-cygwin\jdk8u\hotspot\src\share\vm\classfile\systemDictionary.cpp, line 210]
Event: 18.865 Thread 0x00000000191cd800 Exception <a 'java/lang/ClassNotFoundException': com/android/build/gradle/tasks/GenerateResValuesBeanInfo> (0x00000000e4c19010) thrown at [D:\src\AOSP-openjdk-cygwin\jdk8u\hotspot\src\share\vm\classfile\systemDictionary.cpp, line 210]
Event: 18.866 Thread 0x00000000191cd800 Exception <a 'java/lang/ClassNotFoundException': com/android/build/gradle/tasks/GenerateResValuesCustomizer> (0x00000000e4c2d068) thrown at [D:\src\AOSP-openjdk-cygwin\jdk8u\hotspot\src\share\vm\classfile\systemDictionary.cpp, line 210]
Event: 18.867 Thread 0x00000000191cd800 Exception <a 'java/lang/ClassNotFoundException': com/android/build/gradle/tasks/GenerateResValues_DecoratedCustomizer> (0x00000000e4c5bb70) thrown at [D:\src\AOSP-openjdk-cygwin\jdk8u\hotspot\src\share\vm\classfile\systemDictionary.cpp, line 210]

Events (10 events):
Event: 18.867 loading class com/android/build/gradle/tasks/GenerateResValues_DecoratedCustomizer
Event: 18.867 loading class com/android/build/gradle/tasks/GenerateResValues_DecoratedCustomizer done
Event: 18.867 loading class com/android/build/gradle/tasks/GenerateResValues_DecoratedCustomizer
Event: 18.867 loading class com/android/build/gradle/tasks/GenerateResValues_DecoratedCustomizer done
Event: 18.868 loading class com/android/build/gradle/internal/TaskFactory
Event: 18.868 loading class com/android/build/gradle/internal/TaskFactory done
Event: 18.868 loading class com/android/build/gradle/internal/ApplicationTaskManager
Event: 18.868 loading class com/android/build/gradle/internal/ApplicationTaskManager done
Event: 18.869 loading class com/android/build/gradle/tasks/RenderscriptCompile$ConfigAction
Event: 18.869 loading class com/android/build/gradle/tasks/RenderscriptCompile$ConfigAction done


Dynamic libraries:
0x00007ff655e80000 - 0x00007ff655eb1000 	C:\Program Files\Android\Android Studio\jre\bin\java.exe
0x00007ffe85840000 - 0x00007ffe85a2d000 	C:\WINDOWS\SYSTEM32\ntdll.dll
0x00007ffe84030000 - 0x00007ffe840e3000 	C:\WINDOWS\System32\KERNEL32.DLL
0x00007ffe81fe0000 - 0x00007ffe82273000 	C:\WINDOWS\System32\KERNELBASE.dll
0x00007ffe82e00000 - 0x00007ffe82ea3000 	C:\WINDOWS\System32\ADVAPI32.dll
0x00007ffe840f0000 - 0x00007ffe8418e000 	C:\WINDOWS\System32\msvcrt.dll
0x00007ffe83d90000 - 0x00007ffe83e2e000 	C:\WINDOWS\System32\sechost.dll
0x00007ffe83840000 - 0x00007ffe83962000 	C:\WINDOWS\System32\RPCRT4.dll
0x00007ffe83e30000 - 0x00007ffe83fc7000 	C:\WINDOWS\System32\USER32.dll
0x00007ffe82a00000 - 0x00007ffe82a20000 	C:\WINDOWS\System32\win32u.dll
0x00007ffe82eb0000 - 0x00007ffe82ed9000 	C:\WINDOWS\System32\GDI32.dll
0x00007ffe81e40000 - 0x00007ffe81fd9000 	C:\WINDOWS\System32\gdi32full.dll
0x00007ffe81da0000 - 0x00007ffe81e40000 	C:\WINDOWS\System32\msvcp_win.dll
0x00007ffe819c0000 - 0x00007ffe81aba000 	C:\WINDOWS\System32\ucrtbase.dll
0x00007ffe6f150000 - 0x00007ffe6f3c9000 	C:\WINDOWS\WinSxS\amd64_microsoft.windows.common-controls_6595b64144ccf1df_6.0.17763.678_none_05b74150071d72bf\COMCTL32.dll
0x00007ffe82ad0000 - 0x00007ffe82dfc000 	C:\WINDOWS\System32\combase.dll
0x00007ffe81ae0000 - 0x00007ffe81b5e000 	C:\WINDOWS\System32\bcryptPrimitives.dll
0x00007ffe836b0000 - 0x00007ffe836de000 	C:\WINDOWS\System32\IMM32.DLL
0x0000000053740000 - 0x0000000053812000 	C:\Program Files\Android\Android Studio\jre\jre\bin\msvcr100.dll
0x0000000052e40000 - 0x0000000053681000 	C:\Program Files\Android\Android Studio\jre\jre\bin\server\jvm.dll
0x00007ffe83d80000 - 0x00007ffe83d88000 	C:\WINDOWS\System32\PSAPI.DLL
0x00007ffe7d670000 - 0x00007ffe7d67a000 	C:\WINDOWS\SYSTEM32\VERSION.dll
0x00007ffe739c0000 - 0x00007ffe739c9000 	C:\WINDOWS\SYSTEM32\WSOCK32.dll
0x00007ffe83b80000 - 0x00007ffe83bed000 	C:\WINDOWS\System32\WS2_32.dll
0x00007ffe7fc20000 - 0x00007ffe7fc44000 	C:\WINDOWS\SYSTEM32\WINMM.dll
0x00007ffe7f970000 - 0x00007ffe7f99d000 	C:\WINDOWS\SYSTEM32\WINMMBASE.dll
0x00007ffe81970000 - 0x00007ffe819ba000 	C:\WINDOWS\System32\cfgmgr32.dll
0x00007ffe6fdf0000 - 0x00007ffe6fdff000 	C:\Program Files\Android\Android Studio\jre\jre\bin\verify.dll
0x00007ffe6fdc0000 - 0x00007ffe6fde9000 	C:\Program Files\Android\Android Studio\jre\jre\bin\java.dll
0x00007ffe674c0000 - 0x00007ffe674d6000 	C:\Program Files\Android\Android Studio\jre\jre\bin\zip.dll
0x00007ffe84190000 - 0x00007ffe85680000 	C:\WINDOWS\System32\SHELL32.dll
0x00007ffe83cd0000 - 0x00007ffe83d78000 	C:\WINDOWS\System32\shcore.dll
0x00007ffe82280000 - 0x00007ffe829ca000 	C:\WINDOWS\System32\windows.storage.dll
0x00007ffe818e0000 - 0x00007ffe81904000 	C:\WINDOWS\System32\profapi.dll
0x00007ffe81910000 - 0x00007ffe8196d000 	C:\WINDOWS\System32\powrprof.dll
0x00007ffe85730000 - 0x00007ffe85782000 	C:\WINDOWS\System32\shlwapi.dll
0x00007ffe818a0000 - 0x00007ffe818b1000 	C:\WINDOWS\System32\kernel.appcore.dll
0x00007ffe81ac0000 - 0x00007ffe81ad7000 	C:\WINDOWS\System32\cryptsp.dll
0x00007ffe66530000 - 0x00007ffe6654a000 	C:\Program Files\Android\Android Studio\jre\jre\bin\net.dll
0x00007ffe810b0000 - 0x00007ffe81117000 	C:\WINDOWS\system32\mswsock.dll
0x00007ffe66510000 - 0x00007ffe66521000 	C:\Program Files\Android\Android Studio\jre\jre\bin\nio.dll
0x00007ffe65440000 - 0x00007ffe6545e000 	C:\Users\Kamakhya\.gradle\native\25\windows-amd64\native-platform.dll
0x00007ffe6fa30000 - 0x00007ffe6fa3d000 	C:\Program Files\Android\Android Studio\jre\jre\bin\management.dll
0x00007ffe80c30000 - 0x00007ffe80c63000 	C:\WINDOWS\system32\rsaenh.dll
0x00007ffe829d0000 - 0x00007ffe829f6000 	C:\WINDOWS\System32\bcrypt.dll
0x00007ffe817a0000 - 0x00007ffe817c8000 	C:\WINDOWS\SYSTEM32\USERENV.dll
0x00007ffe81280000 - 0x00007ffe8128c000 	C:\WINDOWS\SYSTEM32\CRYPTBASE.dll
0x00007ffe80dd0000 - 0x00007ffe80e0d000 	C:\WINDOWS\SYSTEM32\IPHLPAPI.DLL
0x00007ffe83cc0000 - 0x00007ffe83cc8000 	C:\WINDOWS\System32\NSI.dll
0x00007ffe7c420000 - 0x00007ffe7c436000 	C:\WINDOWS\SYSTEM32\dhcpcsvc6.DLL
0x00007ffe7c400000 - 0x00007ffe7c41c000 	C:\WINDOWS\SYSTEM32\dhcpcsvc.DLL
0x00007ffe80e10000 - 0x00007ffe80ed6000 	C:\WINDOWS\SYSTEM32\DNSAPI.dll
0x00007ffe62af0000 - 0x00007ffe62b14000 	C:\Program Files\Android\Android Studio\jre\jre\bin\sunec.dll
0x00007ffe76150000 - 0x00007ffe7615a000 	C:\Windows\System32\rasadhlp.dll
0x00007ffe7b3e0000 - 0x00007ffe7b459000 	C:\WINDOWS\System32\fwpuclnt.dll
0x00007ffe6e530000 - 0x00007ffe6e53b000 	C:\Program Files\Android\Android Studio\jre\jre\bin\sunmscapi.dll
0x00007ffe81bc0000 - 0x00007ffe81d9b000 	C:\WINDOWS\System32\CRYPT32.dll
0x00007ffe818c0000 - 0x00007ffe818d2000 	C:\WINDOWS\System32\MSASN1.dll

VM Arguments:
jvm_args: -Xmx1536m -Dfile.encoding=windows-1252 -Duser.country=US -Duser.language=en -Duser.variant 
java_command: org.gradle.launcher.daemon.bootstrap.GradleDaemon 4.4
java_class_path (initial): C:\Users\Kamakhya\.gradle\wrapper\dists\gradle-4.4-all\9br9xq1tocpiv8o6njlyu5op1\gradle-4.4\lib\gradle-launcher-4.4.jar
Launcher Type: SUN_STANDARD

Environment Variables:
JAVA_HOME=C:\Program Files\Java\jdk1.8.0_201
PATH=C:\Program Files (x86)\Common Files\Oracle\Java\javapath;C:\Program Files (x86)\Intel\Intel(R) Management Engine Components\iCLS\;C:\Program Files\Intel\Intel(R) Management Engine Components\iCLS\;C:\WINDOWS\system32;C:\WINDOWS;C:\WINDOWS\System32\Wbem;C:\WINDOWS\System32\WindowsPowerShell\v1.0\;C:\Program Files (x86)\Intel\Intel(R) Management Engine Components\DAL;C:\Program Files\Intel\Intel(R) Management Engine Components\DAL;C:\Program Files (x86)\Intel\Intel(R) Management Engine Components\IPT;C:\Program Files\Intel\Intel(R) Management Engine Components\IPT;C:\Program Files\Java\jdk1.8.0_201\bin;C:\Program Files\nodejs\;C:\WINDOWS\System32\OpenSSH\;C:\Program Files\Java\jdk1.8.0_201\bin;C:\xampp\php;C:\ProgramData\ComposerSetup\bin;C:\Users\Kamakhya\AppData\Local\Android\Sdk\platform-tools;C:\Program Files\Git\cmd;C:\Program Files\PuTTY\;C:\Users\Kamakhya\AppData\Local\Microsoft\WindowsApps;C:\Users\Kamakhya\AppData\Local\Programs\Microsoft VS Code\bin;C:\Users\Kamakhya\AppData\Roaming\npm;C:\Users\Kamakhya\AppData\Roaming\Composer\vendor\bin
USERNAME=Kamakhya
OS=Windows_NT
PROCESSOR_IDENTIFIER=Intel64 Family 6 Model 158 Stepping 11, GenuineIntel



---------------  S Y S T E M  ---------------

OS: Windows 10.0 , 64 bit Build 17763 (10.0.17763.475)

CPU:total 4 (initial active 4) (4 cores per cpu, 1 threads per core) family 6 model 158 stepping 11, cmov, cx8, fxsr, mmx, sse, sse2, sse3, ssse3, sse4.1, sse4.2, popcnt, avx, avx2, aes, clmul, erms, 3dnowpref, lzcnt, tsc, tscinvbit, bmi1, bmi2, adx

Memory: 4k page, physical 16637240k(2730204k free), swap 18931144k(5436k free)

vm_info: OpenJDK 64-Bit Server VM (25.152-b01) for windows-amd64 JRE (1.8.0_152-release-1343-b01), built by "builder" with MS VC++ 10.0 (VS2010)

time: Fri Sep 06 14:19:21 2019
elapsed time: 18 seconds (0d 0h 0m 18s)

