#
# There is insufficient memory for the Java Runtime Environment to continue.
# Native memory allocation (malloc) failed to allocate 1103216 bytes for Chunk::new
# Possible reasons:
#   The system is out of physical RAM or swap space
#   In 32 bit mode, the process size limit was hit
# Possible solutions:
#   Reduce memory load on the system
#   Increase physical memory or swap space
#   Check if swap backing store is full
#   Use 64 bit Java on a 64 bit OS
#   Decrease Java heap size (-Xmx/-Xms)
#   Decrease number of Java threads
#   Decrease Java thread stack sizes (-Xss)
#   Set larger code cache with -XX:ReservedCodeCacheSize=
# This output file may be truncated or incomplete.
#
#  Out of Memory Error (allocation.cpp:390), pid=17444, tid=0x0000000000002664
#
# JRE version: OpenJDK Runtime Environment (8.0_152-b01) (build 1.8.0_152-release-1343-b01)
# Java VM: OpenJDK 64-Bit Server VM (25.152-b01 mixed mode windows-amd64 compressed oops)
# Failed to write core dump. Minidumps are not enabled by default on client versions of Windows
#

---------------  T H R E A D  ---------------

Current thread (0x0000000016c4e800):  JavaThread "C2 CompilerThread0" daemon [_thread_in_native, id=9828, stack(0x00000000182d0000,0x00000000183d0000)]

Stack: [0x00000000182d0000,0x00000000183d0000]
[error occurred during error reporting (printing stack bounds), id 0xc0000005]

Native frames: (J=compiled Java code, j=interpreted, Vv=VM code, C=native code)


Current CompileTask:
C2:   5639 3353       4       org.gradle.model.internal.type.ModelType::wrap (219 bytes)


---------------  P R O C E S S  ---------------

Java Threads: ( => current thread )
  0x000000001fbc8800 JavaThread "Memory manager" [_thread_blocked, id=7088, stack(0x0000000021070000,0x0000000021170000)]
  0x0000000019fea000 JavaThread "build operations Thread 4" [_thread_blocked, id=6792, stack(0x0000000020b70000,0x0000000020c70000)]
  0x0000000019fee000 JavaThread "build operations Thread 3" [_thread_blocked, id=11684, stack(0x0000000020a70000,0x0000000020b70000)]
  0x0000000019fef800 JavaThread "build operations Thread 2" [_thread_blocked, id=12244, stack(0x0000000020970000,0x0000000020a70000)]
  0x0000000019fec800 JavaThread "build operations" [_thread_blocked, id=17240, stack(0x000000001ec40000,0x000000001ed40000)]
  0x0000000019fee800 JavaThread "Cache worker for Artifact transforms cache (C:\Users\Kamakhya\.gradle\caches\transforms-1)" [_thread_blocked, id=11060, stack(0x000000001dac0000,0x000000001dbc0000)]
  0x000000001b851000 JavaThread "Cache worker for file hash cache (D:\KabunaStateGovernment_21_Aug\KabunaStateGovernment\.gradle\4.4\fileHashes)" [_thread_blocked, id=4712, stack(0x000000001c7f0000,0x000000001c8f0000)]
  0x000000001a083000 JavaThread "File lock request listener" [_thread_in_native, id=21164, stack(0x000000001b720000,0x000000001b820000)]
  0x0000000019fa0800 JavaThread "Cache worker for file hash cache (C:\Users\Kamakhya\.gradle\caches\4.4\fileHashes)" [_thread_blocked, id=13040, stack(0x000000001b620000,0x000000001b720000)]
  0x0000000019d29000 JavaThread "Stdin handler" [_thread_blocked, id=7420, stack(0x000000001b320000,0x000000001b420000)]
  0x0000000019d27800 JavaThread "Asynchronous log dispatcher for DefaultDaemonConnection: socket connection from /127.0.0.1:51403 to /127.0.0.1:51404" [_thread_blocked, id=14776, stack(0x000000001b220000,0x000000001b320000)]
  0x0000000019d27000 JavaThread "Daemon worker" [_thread_in_native, id=16008, stack(0x000000001b120000,0x000000001b220000)]
  0x0000000019d31000 JavaThread "Cancel handler" [_thread_blocked, id=16784, stack(0x000000001b020000,0x000000001b120000)]
  0x0000000019d0b800 JavaThread "Handler for socket connection from /127.0.0.1:51403 to /127.0.0.1:51404" [_thread_in_native, id=17212, stack(0x000000001ad20000,0x000000001ae20000)]
  0x0000000019cba800 JavaThread "Daemon" [_thread_blocked, id=17972, stack(0x000000001ac20000,0x000000001ad20000)]
  0x0000000019ca3000 JavaThread "Daemon periodic checks" [_thread_blocked, id=17268, stack(0x000000001ab20000,0x000000001ac20000)]
  0x0000000019aca800 JavaThread "Incoming local TCP Connector on port 51403" [_thread_in_native, id=17704, stack(0x000000001a8e0000,0x000000001a9e0000)]
  0x00000000185f8800 JavaThread "Service Thread" daemon [_thread_blocked, id=11196, stack(0x00000000189d0000,0x0000000018ad0000)]
  0x0000000016c5b000 JavaThread "C1 CompilerThread2" daemon [_thread_blocked, id=4980, stack(0x00000000184d0000,0x00000000185d0000)]
  0x0000000016c53000 JavaThread "C2 CompilerThread1" daemon [_thread_blocked, id=21336, stack(0x00000000183d0000,0x00000000184d0000)]
=>0x0000000016c4e800 JavaThread "C2 CompilerThread0" daemon [_thread_in_native, id=9828, stack(0x00000000182d0000,0x00000000183d0000)]
  0x0000000016c4d800 JavaThread "Attach Listener" daemon [_thread_blocked, id=17208, stack(0x00000000181d0000,0x00000000182d0000)]
  0x0000000016c4a000 JavaThread "Signal Dispatcher" daemon [_thread_blocked, id=15076, stack(0x00000000180d0000,0x00000000181d0000)]
  0x0000000016c39800 JavaThread "Finalizer" daemon [_thread_blocked, id=19708, stack(0x0000000017ed0000,0x0000000017fd0000)]
  0x00000000032d1800 JavaThread "Reference Handler" daemon [_thread_blocked, id=9284, stack(0x0000000017dd0000,0x0000000017ed0000)]
  0x00000000030de800 JavaThread "main" [_thread_blocked, id=16764, stack(0x00000000030e0000,0x00000000031e0000)]

Other Threads:
  0x0000000016c16000 VMThread [stack: 0x0000000017cd0000,0x0000000017dd0000] [id=11540]
  0x0000000016c89800 WatcherThread [stack: 0x0000000018ad0000,0x0000000018bd0000] [id=1524]

VM state:not at safepoint (normal execution)

VM Mutex/Monitor currently owned by a thread: None

Heap:
 PSYoungGen      total 137216K, used 40582K [0x00000000e0000000, 0x00000000eb300000, 0x0000000100000000)
  eden space 126464K, 32% used [0x00000000e0000000,0x00000000e27a1aa0,0x00000000e7b80000)
  from space 10752K, 0% used [0x00000000e7b80000,0x00000000e7b80000,0x00000000e8600000)
  to   space 13824K, 0% used [0x00000000ea580000,0x00000000ea580000,0x00000000eb300000)
 ParOldGen       total 165888K, used 19696K [0x00000000a0000000, 0x00000000aa200000, 0x00000000e0000000)
  object space 165888K, 11% used [0x00000000a0000000,0x00000000a133c1d0,0x00000000aa200000)
 Metaspace       used 35799K, capacity 36334K, committed 36568K, reserved 1081344K
  class space    used 4937K, capacity 5113K, committed 5120K, reserved 1048576K

Card table byte_map: [0x00000000126a0000,0x00000000129b0000] byte_map_base: 0x00000000121a0000

Marking Bits: (ParMarkBitMap*) 0x0000000053605aa0
 Begin Bits: [0x0000000012fb0000, 0x00000000147b0000)
 End Bits:   [0x00000000147b0000, 0x0000000015fb0000)

Polling page: 0x0000000000fc0000

CodeCache: size=245760Kb used=11181Kb max_used=11192Kb free=234578Kb
 bounds [0x00000000032e0000, 0x0000000003de0000, 0x00000000122e0000]
 total_blobs=3909 nmethods=3190 adapters=632
 compilation: enabled

Compilation events (10 events):
Event: 5.628 Thread 0x0000000016c53000 nmethod 3401 0x0000000003dcc6d0 code [0x0000000003dcc820, 0x0000000003dcc8b8]
Event: 5.628 Thread 0x0000000016c53000 3423       4       com.google.common.collect.ImmutableMap::entryOf (15 bytes)
Event: 5.629 Thread 0x0000000016c53000 nmethod 3423 0x0000000003dcddd0 code [0x0000000003dcdf20, 0x0000000003dce018]
Event: 5.629 Thread 0x0000000016c53000 3396       4       com.google.common.collect.UsingToStringOrdering::compare (12 bytes)
Event: 5.630 Thread 0x0000000016c53000 nmethod 3396 0x0000000003dcd750 code [0x0000000003dcd8c0, 0x0000000003dcdb78]
Event: 5.630 Thread 0x0000000016c53000 3420       4       java.lang.reflect.Method::getGenericInfo (27 bytes)
Event: 5.631 Thread 0x0000000016c5b000 3509       3       java.util.concurrent.atomic.AtomicBoolean::get (13 bytes)
Event: 5.631 Thread 0x0000000016c5b000 nmethod 3509 0x0000000003dcd3d0 code [0x0000000003dcd520, 0x0000000003dcd6d0]
Event: 5.632 Thread 0x0000000016c5b000 3510       3       org.gradle.api.internal.artifacts.DefaultModuleVersionIdentifier::getName (10 bytes)
Event: 5.632 Thread 0x0000000016c5b000 nmethod 3510 0x0000000003dccfd0 code [0x0000000003dcd140, 0x0000000003dcd2f0]

GC Heap History (10 events):
Event: 3.207 GC heap before
{Heap before GC invocations=3 (full 0):
 PSYoungGen      total 75776K, used 32089K [0x00000000e0000000, 0x00000000e9400000, 0x0000000100000000)
  eden space 65024K, 33% used [0x00000000e0000000,0x00000000e1504488,0x00000000e3f80000)
  from space 10752K, 98% used [0x00000000e4a00000,0x00000000e54520d8,0x00000000e5480000)
  to   space 10752K, 0% used [0x00000000e3f80000,0x00000000e3f80000,0x00000000e4a00000)
 ParOldGen       total 173568K, used 24K [0x00000000a0000000, 0x00000000aa980000, 0x00000000e0000000)
  object space 173568K, 0% used [0x00000000a0000000,0x00000000a0006000,0x00000000aa980000)
 Metaspace       used 20850K, capacity 21206K, committed 21248K, reserved 1067008K
  class space    used 2911K, capacity 3039K, committed 3072K, reserved 1048576K
Event: 3.213 GC heap after
Heap after GC invocations=3 (full 0):
 PSYoungGen      total 75776K, used 8750K [0x00000000e0000000, 0x00000000e9400000, 0x0000000100000000)
  eden space 65024K, 0% used [0x00000000e0000000,0x00000000e0000000,0x00000000e3f80000)
  from space 10752K, 81% used [0x00000000e3f80000,0x00000000e480b9a8,0x00000000e4a00000)
  to   space 10752K, 0% used [0x00000000e8980000,0x00000000e8980000,0x00000000e9400000)
 ParOldGen       total 173568K, used 32K [0x00000000a0000000, 0x00000000aa980000, 0x00000000e0000000)
  object space 173568K, 0% used [0x00000000a0000000,0x00000000a0008000,0x00000000aa980000)
 Metaspace       used 20850K, capacity 21206K, committed 21248K, reserved 1067008K
  class space    used 2911K, capacity 3039K, committed 3072K, reserved 1048576K
}
Event: 3.213 GC heap before
{Heap before GC invocations=4 (full 1):
 PSYoungGen      total 75776K, used 8750K [0x00000000e0000000, 0x00000000e9400000, 0x0000000100000000)
  eden space 65024K, 0% used [0x00000000e0000000,0x00000000e0000000,0x00000000e3f80000)
  from space 10752K, 81% used [0x00000000e3f80000,0x00000000e480b9a8,0x00000000e4a00000)
  to   space 10752K, 0% used [0x00000000e8980000,0x00000000e8980000,0x00000000e9400000)
 ParOldGen       total 173568K, used 32K [0x00000000a0000000, 0x00000000aa980000, 0x00000000e0000000)
  object space 173568K, 0% used [0x00000000a0000000,0x00000000a0008000,0x00000000aa980000)
 Metaspace       used 20850K, capacity 21206K, committed 21248K, reserved 1067008K
  class space    used 2911K, capacity 3039K, committed 3072K, reserved 1048576K
Event: 3.242 GC heap after
Heap after GC invocations=4 (full 1):
 PSYoungGen      total 75776K, used 0K [0x00000000e0000000, 0x00000000e9400000, 0x0000000100000000)
  eden space 65024K, 0% used [0x00000000e0000000,0x00000000e0000000,0x00000000e3f80000)
  from space 10752K, 0% used [0x00000000e3f80000,0x00000000e3f80000,0x00000000e4a00000)
  to   space 10752K, 0% used [0x00000000e8980000,0x00000000e8980000,0x00000000e9400000)
 ParOldGen       total 101376K, used 8607K [0x00000000a0000000, 0x00000000a6300000, 0x00000000e0000000)
  object space 101376K, 8% used [0x00000000a0000000,0x00000000a0867d20,0x00000000a6300000)
 Metaspace       used 20850K, capacity 21206K, committed 21248K, reserved 1067008K
  class space    used 2911K, capacity 3039K, committed 3072K, reserved 1048576K
}
Event: 3.980 GC heap before
{Heap before GC invocations=5 (full 1):
 PSYoungGen      total 75776K, used 65024K [0x00000000e0000000, 0x00000000e9400000, 0x0000000100000000)
  eden space 65024K, 100% used [0x00000000e0000000,0x00000000e3f80000,0x00000000e3f80000)
  from space 10752K, 0% used [0x00000000e3f80000,0x00000000e3f80000,0x00000000e4a00000)
  to   space 10752K, 0% used [0x00000000e8980000,0x00000000e8980000,0x00000000e9400000)
 ParOldGen       total 101376K, used 8607K [0x00000000a0000000, 0x00000000a6300000, 0x00000000e0000000)
  object space 101376K, 8% used [0x00000000a0000000,0x00000000a0867d20,0x00000000a6300000)
 Metaspace       used 26541K, capacity 27062K, committed 27136K, reserved 1073152K
  class space    used 3663K, capacity 3830K, committed 3840K, reserved 1048576K
Event: 3.987 GC heap after
Heap after GC invocations=5 (full 1):
 PSYoungGen      total 108544K, used 7077K [0x00000000e0000000, 0x00000000e9080000, 0x0000000100000000)
  eden space 101376K, 0% used [0x00000000e0000000,0x00000000e0000000,0x00000000e6300000)
  from space 7168K, 98% used [0x00000000e8980000,0x00000000e9069550,0x00000000e9080000)
  to   space 10752K, 0% used [0x00000000e7b80000,0x00000000e7b80000,0x00000000e8600000)
 ParOldGen       total 101376K, used 8615K [0x00000000a0000000, 0x00000000a6300000, 0x00000000e0000000)
  object space 101376K, 8% used [0x00000000a0000000,0x00000000a0869d20,0x00000000a6300000)
 Metaspace       used 26541K, capacity 27062K, committed 27136K, reserved 1073152K
  class space    used 3663K, capacity 3830K, committed 3840K, reserved 1048576K
}
Event: 5.362 GC heap before
{Heap before GC invocations=6 (full 1):
 PSYoungGen      total 108544K, used 102315K [0x00000000e0000000, 0x00000000e9080000, 0x0000000100000000)
  eden space 101376K, 93% used [0x00000000e0000000,0x00000000e5d01760,0x00000000e6300000)
  from space 7168K, 98% used [0x00000000e8980000,0x00000000e9069550,0x00000000e9080000)
  to   space 10752K, 0% used [0x00000000e7b80000,0x00000000e7b80000,0x00000000e8600000)
 ParOldGen       total 101376K, used 8615K [0x00000000a0000000, 0x00000000a6300000, 0x00000000e0000000)
  object space 101376K, 8% used [0x00000000a0000000,0x00000000a0869d20,0x00000000a6300000)
 Metaspace       used 34755K, capacity 35358K, committed 35416K, reserved 1079296K
  class space    used 4806K, capacity 4979K, committed 4992K, reserved 1048576K
Event: 5.372 GC heap after
Heap after GC invocations=6 (full 1):
 PSYoungGen      total 137216K, used 10722K [0x00000000e0000000, 0x00000000eb300000, 0x0000000100000000)
  eden space 126464K, 0% used [0x00000000e0000000,0x00000000e0000000,0x00000000e7b80000)
  from space 10752K, 99% used [0x00000000e7b80000,0x00000000e85f8830,0x00000000e8600000)
  to   space 13824K, 0% used [0x00000000ea580000,0x00000000ea580000,0x00000000eb300000)
 ParOldGen       total 101376K, used 11191K [0x00000000a0000000, 0x00000000a6300000, 0x00000000e0000000)
  object space 101376K, 11% used [0x00000000a0000000,0x00000000a0aedec8,0x00000000a6300000)
 Metaspace       used 34755K, capacity 35358K, committed 35416K, reserved 1079296K
  class space    used 4806K, capacity 4979K, committed 4992K, reserved 1048576K
}
Event: 5.372 GC heap before
{Heap before GC invocations=7 (full 2):
 PSYoungGen      total 137216K, used 10722K [0x00000000e0000000, 0x00000000eb300000, 0x0000000100000000)
  eden space 126464K, 0% used [0x00000000e0000000,0x00000000e0000000,0x00000000e7b80000)
  from space 10752K, 99% used [0x00000000e7b80000,0x00000000e85f8830,0x00000000e8600000)
  to   space 13824K, 0% used [0x00000000ea580000,0x00000000ea580000,0x00000000eb300000)
 ParOldGen       total 101376K, used 11191K [0x00000000a0000000, 0x00000000a6300000, 0x00000000e0000000)
  object space 101376K, 11% used [0x00000000a0000000,0x00000000a0aedec8,0x00000000a6300000)
 Metaspace       used 34755K, capacity 35358K, committed 35416K, reserved 1079296K
  class space    used 4806K, capacity 4979K, committed 4992K, reserved 1048576K
Event: 5.409 GC heap after
Heap after GC invocations=7 (full 2):
 PSYoungGen      total 137216K, used 0K [0x00000000e0000000, 0x00000000eb300000, 0x0000000100000000)
  eden space 126464K, 0% used [0x00000000e0000000,0x00000000e0000000,0x00000000e7b80000)
  from space 10752K, 0% used [0x00000000e7b80000,0x00000000e7b80000,0x00000000e8600000)
  to   space 13824K, 0% used [0x00000000ea580000,0x00000000ea580000,0x00000000eb300000)
 ParOldGen       total 165888K, used 19696K [0x00000000a0000000, 0x00000000aa200000, 0x00000000e0000000)
  object space 165888K, 11% used [0x00000000a0000000,0x00000000a133c1d0,0x00000000aa200000)
 Metaspace       used 34755K, capacity 35358K, committed 35416K, reserved 1079296K
  class space    used 4806K, capacity 4979K, committed 4992K, reserved 1048576K
}

Deoptimization events (10 events):
Event: 5.326 Thread 0x0000000019d27000 Uncommon trap: reason=unstable_if action=reinterpret pc=0x00000000035ae38c method=java.security.CodeSource.hashCode()I @ 4
Event: 5.469 Thread 0x0000000019d27000 Uncommon trap: reason=unstable_if action=reinterpret pc=0x0000000003bb11e0 method=java.util.HashMap.putVal(ILjava/lang/Object;Ljava/lang/Object;ZZ)Ljava/lang/Object; @ 162
Event: 5.469 Thread 0x0000000019d27000 Uncommon trap: reason=unstable_if action=reinterpret pc=0x0000000003ba13c8 method=java.util.HashMap.putVal(ILjava/lang/Object;Ljava/lang/Object;ZZ)Ljava/lang/Object; @ 162
Event: 5.469 Thread 0x0000000019d27000 Uncommon trap: reason=unstable_if action=reinterpret pc=0x0000000003577cf4 method=java.util.HashMap.resize()[Ljava/util/HashMap$Node; @ 206
Event: 5.541 Thread 0x0000000019d27000 Uncommon trap: reason=unstable_if action=reinterpret pc=0x000000000381890c method=java.lang.reflect.Modifier.toString(I)Ljava/lang/String; @ 123
Event: 5.541 Thread 0x0000000019d27000 Uncommon trap: reason=unstable_if action=reinterpret pc=0x000000000382a088 method=java.lang.reflect.Modifier.toString(I)Ljava/lang/String; @ 123
Event: 5.589 Thread 0x0000000019d27000 Uncommon trap: reason=speculate_class_check action=maybe_recompile pc=0x0000000003d73da4 method=com.google.common.base.Equivalence.hash(Ljava/lang/Object;)I @ 8
Event: 5.589 Thread 0x0000000019d27000 Uncommon trap: reason=speculate_class_check action=maybe_recompile pc=0x0000000003d73da4 method=com.google.common.base.Equivalence.hash(Ljava/lang/Object;)I @ 8
Event: 5.589 Thread 0x0000000019d27000 Uncommon trap: reason=speculate_class_check action=maybe_recompile pc=0x0000000003d73da4 method=com.google.common.base.Equivalence.hash(Ljava/lang/Object;)I @ 8
Event: 5.589 Thread 0x0000000019d27000 Uncommon trap: reason=speculate_class_check action=maybe_recompile pc=0x0000000003d73da4 method=com.google.common.base.Equivalence.hash(Ljava/lang/Object;)I @ 8

Classes redefined (0 events):
No events

Internal exceptions (10 events):
Event: 4.769 Thread 0x0000000019d27000 Exception <a 'java/lang/ClassNotFoundException': org/gradle/api/DefaultTaskCustomizer> (0x00000000e3d6cf28) thrown at [D:\src\AOSP-openjdk-cygwin\jdk8u\hotspot\src\share\vm\classfile\systemDictionary.cpp, line 210]
Event: 4.770 Thread 0x0000000019d27000 Exception <a 'java/lang/ClassNotFoundException': org/gradle/api/internal/ConventionTaskCustomizer> (0x00000000e3da56b0) thrown at [D:\src\AOSP-openjdk-cygwin\jdk8u\hotspot\src\share\vm\classfile\systemDictionary.cpp, line 210]
Event: 4.770 Thread 0x0000000019d27000 Exception <a 'java/lang/ClassNotFoundException': org/gradle/api/tasks/DeleteCustomizer> (0x00000000e3ddc000) thrown at [D:\src\AOSP-openjdk-cygwin\jdk8u\hotspot\src\share\vm\classfile\systemDictionary.cpp, line 210]
Event: 4.772 Thread 0x0000000019d27000 Exception <a 'java/lang/ClassNotFoundException': org/gradle/api/tasks/Delete_DecoratedCustomizer> (0x00000000e3e200a0) thrown at [D:\src\AOSP-openjdk-cygwin\jdk8u\hotspot\src\share\vm\classfile\systemDictionary.cpp, line 210]
Event: 4.801 Thread 0x0000000019d27000 Exception <a 'java/lang/ClassNotFoundException': build_bm2zy3opzqz3mbi8q1nrtgktjBeanInfo> (0x00000000e3f30d20) thrown at [D:\src\AOSP-openjdk-cygwin\jdk8u\hotspot\src\share\vm\classfile\systemDictionary.cpp, line 210]
Event: 4.801 Thread 0x0000000019d27000 Exception <a 'java/lang/ClassNotFoundException': build_bm2zy3opzqz3mbi8q1nrtgktjCustomizer> (0x00000000e3f3b230) thrown at [D:\src\AOSP-openjdk-cygwin\jdk8u\hotspot\src\share\vm\classfile\systemDictionary.cpp, line 210]
Event: 4.804 Thread 0x0000000019d27000 Exception <a 'java/lang/ClassNotFoundException': org/gradle/api/internal/plugins/DefaultObjectConfigurationActionBeanInfo> (0x00000000e3f9ed28) thrown at [D:\src\AOSP-openjdk-cygwin\jdk8u\hotspot\src\share\vm\classfile\systemDictionary.cpp, line 210]
Event: 4.805 Thread 0x0000000019d27000 Exception <a 'java/lang/ClassNotFoundException': org/gradle/api/internal/plugins/DefaultObjectConfigurationActionCustomizer> (0x00000000e3fd3968) thrown at [D:\src\AOSP-openjdk-cygwin\jdk8u\hotspot\src\share\vm\classfile\systemDictionary.cpp, line 210]
Event: 5.325 Thread 0x0000000019d27000 Implicit null exception at 0x0000000003414878 to 0x0000000003415659
Event: 5.326 Thread 0x0000000019d27000 Implicit null exception at 0x00000000035ae095 to 0x00000000035ae37d

Events (10 events):
Event: 5.635 loading class org/gradle/api/execution/TaskExecutionGraphListener
Event: 5.635 loading class org/gradle/api/execution/TaskExecutionGraphListener done
Event: 5.636 loading class com/android/build/gradle/BasePlugin
Event: 5.636 loading class com/android/build/gradle/BasePlugin done
Event: 5.636 loading class com/android/build/gradle/internal/dsl/BuildType
Event: 5.636 loading class com/android/build/gradle/internal/dsl/BuildType done
Event: 5.636 loading class com/android/builder/core/DefaultBuildType
Event: 5.636 loading class com/android/builder/core/DefaultBuildType done
Event: 5.637 loading class com/android/builder/internal/BaseConfigImpl
Event: 5.637 loading class com/android/builder/internal/BaseConfigImpl done


Dynamic libraries:
0x00007ff655e80000 - 0x00007ff655eb1000 	C:\Program Files\Android\Android Studio\jre\bin\java.exe
0x00007ffe85840000 - 0x00007ffe85a2d000 	C:\WINDOWS\SYSTEM32\ntdll.dll
0x00007ffe84030000 - 0x00007ffe840e3000 	C:\WINDOWS\System32\KERNEL32.DLL
0x00007ffe81fe0000 - 0x00007ffe82273000 	C:\WINDOWS\System32\KERNELBASE.dll
0x00007ffe82e00000 - 0x00007ffe82ea3000 	C:\WINDOWS\System32\ADVAPI32.dll
0x00007ffe840f0000 - 0x00007ffe8418e000 	C:\WINDOWS\System32\msvcrt.dll
0x00007ffe83d90000 - 0x00007ffe83e2e000 	C:\WINDOWS\System32\sechost.dll
0x00007ffe83840000 - 0x00007ffe83962000 	C:\WINDOWS\System32\RPCRT4.dll
0x00007ffe83e30000 - 0x00007ffe83fc7000 	C:\WINDOWS\System32\USER32.dll
0x00007ffe82a00000 - 0x00007ffe82a20000 	C:\WINDOWS\System32\win32u.dll
0x00007ffe82eb0000 - 0x00007ffe82ed9000 	C:\WINDOWS\System32\GDI32.dll
0x00007ffe81e40000 - 0x00007ffe81fd9000 	C:\WINDOWS\System32\gdi32full.dll
0x00007ffe81da0000 - 0x00007ffe81e40000 	C:\WINDOWS\System32\msvcp_win.dll
0x00007ffe819c0000 - 0x00007ffe81aba000 	C:\WINDOWS\System32\ucrtbase.dll
0x00007ffe6f150000 - 0x00007ffe6f3c9000 	C:\WINDOWS\WinSxS\amd64_microsoft.windows.common-controls_6595b64144ccf1df_6.0.17763.678_none_05b74150071d72bf\COMCTL32.dll
0x00007ffe82ad0000 - 0x00007ffe82dfc000 	C:\WINDOWS\System32\combase.dll
0x00007ffe81ae0000 - 0x00007ffe81b5e000 	C:\WINDOWS\System32\bcryptPrimitives.dll
0x00007ffe836b0000 - 0x00007ffe836de000 	C:\WINDOWS\System32\IMM32.DLL
0x0000000053740000 - 0x0000000053812000 	C:\Program Files\Android\Android Studio\jre\jre\bin\msvcr100.dll
0x0000000052e40000 - 0x0000000053681000 	C:\Program Files\Android\Android Studio\jre\jre\bin\server\jvm.dll
0x00007ffe83d80000 - 0x00007ffe83d88000 	C:\WINDOWS\System32\PSAPI.DLL
0x00007ffe7d670000 - 0x00007ffe7d67a000 	C:\WINDOWS\SYSTEM32\VERSION.dll
0x00007ffe7fc20000 - 0x00007ffe7fc44000 	C:\WINDOWS\SYSTEM32\WINMM.dll
0x00007ffe739c0000 - 0x00007ffe739c9000 	C:\WINDOWS\SYSTEM32\WSOCK32.dll
0x00007ffe83b80000 - 0x00007ffe83bed000 	C:\WINDOWS\System32\WS2_32.dll
0x00007ffe7f970000 - 0x00007ffe7f99d000 	C:\WINDOWS\SYSTEM32\winmmbase.dll
0x00007ffe81970000 - 0x00007ffe819ba000 	C:\WINDOWS\System32\cfgmgr32.dll
0x00007ffe6fdf0000 - 0x00007ffe6fdff000 	C:\Program Files\Android\Android Studio\jre\jre\bin\verify.dll
0x00007ffe6fdc0000 - 0x00007ffe6fde9000 	C:\Program Files\Android\Android Studio\jre\jre\bin\java.dll
0x00007ffe674c0000 - 0x00007ffe674d6000 	C:\Program Files\Android\Android Studio\jre\jre\bin\zip.dll
0x00007ffe84190000 - 0x00007ffe85680000 	C:\WINDOWS\System32\SHELL32.dll
0x00007ffe83cd0000 - 0x00007ffe83d78000 	C:\WINDOWS\System32\shcore.dll
0x00007ffe82280000 - 0x00007ffe829ca000 	C:\WINDOWS\System32\windows.storage.dll
0x00007ffe818e0000 - 0x00007ffe81904000 	C:\WINDOWS\System32\profapi.dll
0x00007ffe81910000 - 0x00007ffe8196d000 	C:\WINDOWS\System32\powrprof.dll
0x00007ffe85730000 - 0x00007ffe85782000 	C:\WINDOWS\System32\shlwapi.dll
0x00007ffe818a0000 - 0x00007ffe818b1000 	C:\WINDOWS\System32\kernel.appcore.dll
0x00007ffe81ac0000 - 0x00007ffe81ad7000 	C:\WINDOWS\System32\cryptsp.dll
0x00007ffe66530000 - 0x00007ffe6654a000 	C:\Program Files\Android\Android Studio\jre\jre\bin\net.dll
0x00007ffe810b0000 - 0x00007ffe81117000 	C:\WINDOWS\system32\mswsock.dll
0x00007ffe66510000 - 0x00007ffe66521000 	C:\Program Files\Android\Android Studio\jre\jre\bin\nio.dll
0x00007ffe65440000 - 0x00007ffe6545e000 	C:\Users\Kamakhya\.gradle\native\25\windows-amd64\native-platform.dll
0x00007ffe6fa30000 - 0x00007ffe6fa3d000 	C:\Program Files\Android\Android Studio\jre\jre\bin\management.dll
0x00007ffe80c30000 - 0x00007ffe80c63000 	C:\WINDOWS\system32\rsaenh.dll
0x00007ffe829d0000 - 0x00007ffe829f6000 	C:\WINDOWS\System32\bcrypt.dll
0x00007ffe817a0000 - 0x00007ffe817c8000 	C:\WINDOWS\SYSTEM32\USERENV.dll
0x00007ffe81280000 - 0x00007ffe8128c000 	C:\WINDOWS\SYSTEM32\CRYPTBASE.dll
0x00007ffe80dd0000 - 0x00007ffe80e0d000 	C:\WINDOWS\SYSTEM32\IPHLPAPI.DLL
0x00007ffe83cc0000 - 0x00007ffe83cc8000 	C:\WINDOWS\System32\NSI.dll
0x00007ffe7c420000 - 0x00007ffe7c436000 	C:\WINDOWS\SYSTEM32\dhcpcsvc6.DLL
0x00007ffe7c400000 - 0x00007ffe7c41c000 	C:\WINDOWS\SYSTEM32\dhcpcsvc.DLL
0x00007ffe80e10000 - 0x00007ffe80ed6000 	C:\WINDOWS\SYSTEM32\DNSAPI.dll

VM Arguments:
jvm_args: -Xmx1536m -Dfile.encoding=windows-1252 -Duser.country=US -Duser.language=en -Duser.variant 
java_command: org.gradle.launcher.daemon.bootstrap.GradleDaemon 4.4
java_class_path (initial): C:\Users\Kamakhya\.gradle\wrapper\dists\gradle-4.4-all\9br9xq1tocpiv8o6njlyu5op1\gradle-4.4\lib\gradle-launcher-4.4.jar
Launcher Type: SUN_STANDARD

Environment Variables:
JAVA_HOME=C:\Program Files\Java\jdk1.8.0_201
PATH=C:\Program Files (x86)\Common Files\Oracle\Java\javapath;C:\Program Files (x86)\Intel\Intel(R) Management Engine Components\iCLS\;C:\Program Files\Intel\Intel(R) Management Engine Components\iCLS\;C:\WINDOWS\system32;C:\WINDOWS;C:\WINDOWS\System32\Wbem;C:\WINDOWS\System32\WindowsPowerShell\v1.0\;C:\Program Files (x86)\Intel\Intel(R) Management Engine Components\DAL;C:\Program Files\Intel\Intel(R) Management Engine Components\DAL;C:\Program Files (x86)\Intel\Intel(R) Management Engine Components\IPT;C:\Program Files\Intel\Intel(R) Management Engine Components\IPT;C:\Program Files\Java\jdk1.8.0_201\bin;C:\Program Files\nodejs\;C:\WINDOWS\System32\OpenSSH\;C:\Program Files\Java\jdk1.8.0_201\bin;C:\xampp\php;C:\ProgramData\ComposerSetup\bin;C:\Users\Kamakhya\AppData\Local\Android\Sdk\platform-tools;C:\Program Files\Git\cmd;C:\Program Files\PuTTY\;C:\Users\Kamakhya\AppData\Local\Microsoft\WindowsApps;C:\Users\Kamakhya\AppData\Local\Programs\Microsoft VS Code\bin;C:\Users\Kamakhya\AppData\Roaming\npm;C:\Users\Kamakhya\AppData\Roaming\Composer\vendor\bin
USERNAME=Kamakhya
OS=Windows_NT
PROCESSOR_IDENTIFIER=Intel64 Family 6 Model 158 Stepping 11, GenuineIntel



---------------  S Y S T E M  ---------------

OS: Windows 10.0 , 64 bit Build 17763 (10.0.17763.475)

CPU:total 4 (initial active 4) (4 cores per cpu, 1 threads per core) family 6 model 158 stepping 11, cmov, cx8, fxsr, mmx, sse, sse2, sse3, ssse3, sse4.1, sse4.2, popcnt, avx, avx2, aes, clmul, erms, 3dnowpref, lzcnt, tsc, tscinvbit, bmi1, bmi2, adx

Memory: 4k page, physical 16637240k(2916704k free), swap 18931144k(6064k free)

vm_info: OpenJDK 64-Bit Server VM (25.152-b01) for windows-amd64 JRE (1.8.0_152-release-1343-b01), built by "builder" with MS VC++ 10.0 (VS2010)

time: Fri Sep 06 14:18:39 2019
elapsed time: 5 seconds (0d 0h 0m 5s)

