#
# There is insufficient memory for the Java Runtime Environment to continue.
# Native memory allocation (malloc) failed to allocate 1193616 bytes for Chunk::new
# Possible reasons:
#   The system is out of physical RAM or swap space
#   In 32 bit mode, the process size limit was hit
# Possible solutions:
#   Reduce memory load on the system
#   Increase physical memory or swap space
#   Check if swap backing store is full
#   Use 64 bit Java on a 64 bit OS
#   Decrease Java heap size (-Xmx/-Xms)
#   Decrease number of Java threads
#   Decrease Java thread stack sizes (-Xss)
#   Set larger code cache with -XX:ReservedCodeCacheSize=
# This output file may be truncated or incomplete.
#
#  Out of Memory Error (allocation.cpp:390), pid=21472, tid=0x00000000000047e8
#
# JRE version: OpenJDK Runtime Environment (8.0_152-b01) (build 1.8.0_152-release-1343-b01)
# Java VM: OpenJDK 64-Bit Server VM (25.152-b01 mixed mode windows-amd64 compressed oops)
# Failed to write core dump. Minidumps are not enabled by default on client versions of Windows
#

---------------  T H R E A D  ---------------

Current thread (0x0000000016c2f000):  JavaThread "C2 CompilerThread0" daemon [_thread_in_native, id=18408, stack(0x0000000018280000,0x0000000018380000)]

Stack: [0x0000000018280000,0x0000000018380000]
[error occurred during error reporting (printing stack bounds), id 0xc0000005]

Native frames: (J=compiled Java code, j=interpreted, Vv=VM code, C=native code)


Current CompileTask:
C2:   4391 3320       4       java.lang.reflect.Method::toString (20 bytes)


---------------  P R O C E S S  ---------------

Java Threads: ( => current thread )
  0x000000001c186000 JavaThread "Memory manager" [_thread_blocked, id=10880, stack(0x0000000022040000,0x0000000022140000)]
  0x000000001960a000 JavaThread "build operations Thread 4" [_thread_blocked, id=14744, stack(0x0000000021a40000,0x0000000021b40000)]
  0x0000000019609000 JavaThread "build operations Thread 3" [_thread_blocked, id=9952, stack(0x0000000021940000,0x0000000021a40000)]
  0x000000001960a800 JavaThread "build operations Thread 2" [_thread_blocked, id=20140, stack(0x0000000021840000,0x0000000021940000)]
  0x000000001960d000 JavaThread "build operations" [_thread_blocked, id=20676, stack(0x0000000021740000,0x0000000021840000)]
  0x0000000019608800 JavaThread "Cache worker for Artifact transforms cache (C:\Users\Kamakhya\.gradle\caches\transforms-1)" [_thread_blocked, id=13268, stack(0x0000000020230000,0x0000000020330000)]
  0x000000001b903000 JavaThread "Cache worker for file hash cache (D:\KabunaStateGovernment_21_Aug\KabunaStateGovernment\.gradle\4.4\fileHashes)" [_thread_blocked, id=9804, stack(0x000000001c7c0000,0x000000001c8c0000)]
  0x000000001a06c000 JavaThread "File lock request listener" [_thread_in_native, id=420, stack(0x000000001b6f0000,0x000000001b7f0000)]
  0x0000000019d10000 JavaThread "Cache worker for file hash cache (C:\Users\Kamakhya\.gradle\caches\4.4\fileHashes)" [_thread_blocked, id=6900, stack(0x000000001b5f0000,0x000000001b6f0000)]
  0x0000000019c3c800 JavaThread "Stdin handler" [_thread_blocked, id=18924, stack(0x000000001b2f0000,0x000000001b3f0000)]
  0x0000000019c27000 JavaThread "Asynchronous log dispatcher for DefaultDaemonConnection: socket connection from /127.0.0.1:51506 to /127.0.0.1:51507" [_thread_blocked, id=17564, stack(0x000000001b1f0000,0x000000001b2f0000)]
  0x0000000019c3f800 JavaThread "Daemon worker" [_thread_in_Java, id=15756, stack(0x000000001b0f0000,0x000000001b1f0000)]
  0x0000000019c2f000 JavaThread "Cancel handler" [_thread_blocked, id=13596, stack(0x000000001aff0000,0x000000001b0f0000)]
  0x0000000019931800 JavaThread "Handler for socket connection from /127.0.0.1:51506 to /127.0.0.1:51507" [_thread_in_native, id=2940, stack(0x000000001acf0000,0x000000001adf0000)]
  0x0000000019930800 JavaThread "Daemon" [_thread_blocked, id=9708, stack(0x000000001abf0000,0x000000001acf0000)]
  0x0000000019922800 JavaThread "Daemon periodic checks" [_thread_blocked, id=9184, stack(0x000000001aaf0000,0x000000001abf0000)]
  0x00000000199a0800 JavaThread "Incoming local TCP Connector on port 51506" [_thread_in_native, id=5204, stack(0x000000001a8b0000,0x000000001a9b0000)]
  0x00000000185a8800 JavaThread "Service Thread" daemon [_thread_blocked, id=14232, stack(0x0000000018980000,0x0000000018a80000)]
  0x0000000016c43000 JavaThread "C1 CompilerThread2" daemon [_thread_blocked, id=2980, stack(0x0000000018480000,0x0000000018580000)]
  0x0000000016c33000 JavaThread "C2 CompilerThread1" daemon [_thread_in_native, id=12444, stack(0x0000000018380000,0x0000000018480000)]
=>0x0000000016c2f000 JavaThread "C2 CompilerThread0" daemon [_thread_in_native, id=18408, stack(0x0000000018280000,0x0000000018380000)]
  0x0000000016c2d800 JavaThread "Attach Listener" daemon [_thread_blocked, id=17648, stack(0x0000000018180000,0x0000000018280000)]
  0x0000000016c2a000 JavaThread "Signal Dispatcher" daemon [_thread_blocked, id=4988, stack(0x0000000018080000,0x0000000018180000)]
  0x0000000016c19800 JavaThread "Finalizer" daemon [_thread_blocked, id=17396, stack(0x0000000017e80000,0x0000000017f80000)]
  0x00000000032b1800 JavaThread "Reference Handler" daemon [_thread_blocked, id=15868, stack(0x0000000017d80000,0x0000000017e80000)]
  0x00000000030be800 JavaThread "main" [_thread_blocked, id=6232, stack(0x00000000030c0000,0x00000000031c0000)]

Other Threads:
  0x0000000016bf6000 VMThread [stack: 0x0000000017c80000,0x0000000017d80000] [id=6516]
  0x00000000185ab000 WatcherThread [stack: 0x0000000018a80000,0x0000000018b80000] [id=10548]

VM state:not at safepoint (normal execution)

VM Mutex/Monitor currently owned by a thread: None

Heap:
 PSYoungGen      total 137216K, used 42510K [0x00000000e0000000, 0x00000000eac00000, 0x0000000100000000)
  eden space 126464K, 33% used [0x00000000e0000000,0x00000000e2983ae8,0x00000000e7b80000)
  from space 10752K, 0% used [0x00000000e7b80000,0x00000000e7b80000,0x00000000e8600000)
  to   space 13824K, 0% used [0x00000000e9e80000,0x00000000e9e80000,0x00000000eac00000)
 ParOldGen       total 102912K, used 19715K [0x00000000a0000000, 0x00000000a6480000, 0x00000000e0000000)
  object space 102912K, 19% used [0x00000000a0000000,0x00000000a1340e28,0x00000000a6480000)
 Metaspace       used 35946K, capacity 36590K, committed 36952K, reserved 1081344K
  class space    used 4960K, capacity 5177K, committed 5248K, reserved 1048576K

Card table byte_map: [0x0000000012680000,0x0000000012990000] byte_map_base: 0x0000000012180000

Marking Bits: (ParMarkBitMap*) 0x0000000053605aa0
 Begin Bits: [0x0000000012f90000, 0x0000000014790000)
 End Bits:   [0x0000000014790000, 0x0000000015f90000)

Polling page: 0x0000000003050000

CodeCache: size=245760Kb used=12560Kb max_used=12560Kb free=233200Kb
 bounds [0x00000000032c0000, 0x0000000003f10000, 0x00000000122c0000]
 total_blobs=4201 nmethods=3481 adapters=633
 compilation: enabled

Compilation events (10 events):
Event: 4.383 Thread 0x0000000016c43000 3492       2       java.lang.AbstractStringBuilder::getChars (64 bytes)
Event: 4.383 Thread 0x0000000016c43000 nmethod 3492 0x0000000003f05710 code [0x0000000003f058c0, 0x0000000003f05cf8]
Event: 4.383 Thread 0x0000000016c43000 3494       2       org.gradle.api.internal.AsmBackedClassGenerator$ClassBuilderImpl::addConventionProperty (25 bytes)
Event: 4.383 Thread 0x0000000016c43000 nmethod 3494 0x0000000003f05f50 code [0x0000000003f06120, 0x0000000003f06728]
Event: 4.383 Thread 0x0000000016c43000 3495       2       org.gradle.api.internal.AsmBackedClassGenerator$ClassBuilderImpl::applyConventionMappingToGetter (528 bytes)
Event: 4.385 Thread 0x0000000016c43000 nmethod 3495 0x0000000003f06b90 code [0x0000000003f070c0, 0x0000000003f08f38]
Event: 4.389 Thread 0x0000000016c43000 3496       1       org.gradle.api.internal.DefaultDomainObjectCollection::getStore (5 bytes)
Event: 4.389 Thread 0x0000000016c43000 nmethod 3496 0x0000000003f0b110 code [0x0000000003f0b260, 0x0000000003f0b370]
Event: 4.390 Thread 0x0000000016c43000 3497       2       java.lang.ClassLoader::addClass (9 bytes)
Event: 4.390 Thread 0x0000000016c43000 nmethod 3497 0x0000000003f0b3d0 code [0x0000000003f0b540, 0x0000000003f0b6c8]

GC Heap History (10 events):
Event: 1.904 GC heap before
{Heap before GC invocations=3 (full 0):
 PSYoungGen      total 75776K, used 32079K [0x00000000e0000000, 0x00000000e9400000, 0x0000000100000000)
  eden space 65024K, 33% used [0x00000000e0000000,0x00000000e1504720,0x00000000e3f80000)
  from space 10752K, 98% used [0x00000000e4a00000,0x00000000e544f8c0,0x00000000e5480000)
  to   space 10752K, 0% used [0x00000000e3f80000,0x00000000e3f80000,0x00000000e4a00000)
 ParOldGen       total 173568K, used 24K [0x00000000a0000000, 0x00000000aa980000, 0x00000000e0000000)
  object space 173568K, 0% used [0x00000000a0000000,0x00000000a0006000,0x00000000aa980000)
 Metaspace       used 20886K, capacity 21238K, committed 21248K, reserved 1067008K
  class space    used 2917K, capacity 3071K, committed 3072K, reserved 1048576K
Event: 1.915 GC heap after
Heap after GC invocations=3 (full 0):
 PSYoungGen      total 75776K, used 8806K [0x00000000e0000000, 0x00000000e9400000, 0x0000000100000000)
  eden space 65024K, 0% used [0x00000000e0000000,0x00000000e0000000,0x00000000e3f80000)
  from space 10752K, 81% used [0x00000000e3f80000,0x00000000e4819bc0,0x00000000e4a00000)
  to   space 10752K, 0% used [0x00000000e8980000,0x00000000e8980000,0x00000000e9400000)
 ParOldGen       total 173568K, used 32K [0x00000000a0000000, 0x00000000aa980000, 0x00000000e0000000)
  object space 173568K, 0% used [0x00000000a0000000,0x00000000a0008000,0x00000000aa980000)
 Metaspace       used 20886K, capacity 21238K, committed 21248K, reserved 1067008K
  class space    used 2917K, capacity 3071K, committed 3072K, reserved 1048576K
}
Event: 1.915 GC heap before
{Heap before GC invocations=4 (full 1):
 PSYoungGen      total 75776K, used 8806K [0x00000000e0000000, 0x00000000e9400000, 0x0000000100000000)
  eden space 65024K, 0% used [0x00000000e0000000,0x00000000e0000000,0x00000000e3f80000)
  from space 10752K, 81% used [0x00000000e3f80000,0x00000000e4819bc0,0x00000000e4a00000)
  to   space 10752K, 0% used [0x00000000e8980000,0x00000000e8980000,0x00000000e9400000)
 ParOldGen       total 173568K, used 32K [0x00000000a0000000, 0x00000000aa980000, 0x00000000e0000000)
  object space 173568K, 0% used [0x00000000a0000000,0x00000000a0008000,0x00000000aa980000)
 Metaspace       used 20886K, capacity 21238K, committed 21248K, reserved 1067008K
  class space    used 2917K, capacity 3071K, committed 3072K, reserved 1048576K
Event: 1.950 GC heap after
Heap after GC invocations=4 (full 1):
 PSYoungGen      total 75776K, used 0K [0x00000000e0000000, 0x00000000e9400000, 0x0000000100000000)
  eden space 65024K, 0% used [0x00000000e0000000,0x00000000e0000000,0x00000000e3f80000)
  from space 10752K, 0% used [0x00000000e3f80000,0x00000000e3f80000,0x00000000e4a00000)
  to   space 10752K, 0% used [0x00000000e8980000,0x00000000e8980000,0x00000000e9400000)
 ParOldGen       total 102912K, used 8609K [0x00000000a0000000, 0x00000000a6480000, 0x00000000e0000000)
  object space 102912K, 8% used [0x00000000a0000000,0x00000000a0868420,0x00000000a6480000)
 Metaspace       used 20886K, capacity 21238K, committed 21248K, reserved 1067008K
  class space    used 2917K, capacity 3071K, committed 3072K, reserved 1048576K
}
Event: 2.596 GC heap before
{Heap before GC invocations=5 (full 1):
 PSYoungGen      total 75776K, used 65024K [0x00000000e0000000, 0x00000000e9400000, 0x0000000100000000)
  eden space 65024K, 100% used [0x00000000e0000000,0x00000000e3f80000,0x00000000e3f80000)
  from space 10752K, 0% used [0x00000000e3f80000,0x00000000e3f80000,0x00000000e4a00000)
  to   space 10752K, 0% used [0x00000000e8980000,0x00000000e8980000,0x00000000e9400000)
 ParOldGen       total 102912K, used 8609K [0x00000000a0000000, 0x00000000a6480000, 0x00000000e0000000)
  object space 102912K, 8% used [0x00000000a0000000,0x00000000a0868420,0x00000000a6480000)
 Metaspace       used 26509K, capacity 26998K, committed 27136K, reserved 1073152K
  class space    used 3660K, capacity 3830K, committed 3840K, reserved 1048576K
Event: 2.605 GC heap after
Heap after GC invocations=5 (full 1):
 PSYoungGen      total 107008K, used 7072K [0x00000000e0000000, 0x00000000e9080000, 0x0000000100000000)
  eden space 99840K, 0% used [0x00000000e0000000,0x00000000e0000000,0x00000000e6180000)
  from space 7168K, 98% used [0x00000000e8980000,0x00000000e9068248,0x00000000e9080000)
  to   space 10752K, 0% used [0x00000000e7b80000,0x00000000e7b80000,0x00000000e8600000)
 ParOldGen       total 102912K, used 8617K [0x00000000a0000000, 0x00000000a6480000, 0x00000000e0000000)
  object space 102912K, 8% used [0x00000000a0000000,0x00000000a086a420,0x00000000a6480000)
 Metaspace       used 26509K, capacity 26998K, committed 27136K, reserved 1073152K
  class space    used 3660K, capacity 3830K, committed 3840K, reserved 1048576K
}
Event: 4.112 GC heap before
{Heap before GC invocations=6 (full 1):
 PSYoungGen      total 107008K, used 102761K [0x00000000e0000000, 0x00000000e9080000, 0x0000000100000000)
  eden space 99840K, 95% used [0x00000000e0000000,0x00000000e5d721c8,0x00000000e6180000)
  from space 7168K, 98% used [0x00000000e8980000,0x00000000e9068248,0x00000000e9080000)
  to   space 10752K, 0% used [0x00000000e7b80000,0x00000000e7b80000,0x00000000e8600000)
 ParOldGen       total 102912K, used 8617K [0x00000000a0000000, 0x00000000a6480000, 0x00000000e0000000)
  object space 102912K, 8% used [0x00000000a0000000,0x00000000a086a420,0x00000000a6480000)
 Metaspace       used 34754K, capacity 35358K, committed 35416K, reserved 1079296K
  class space    used 4807K, capacity 4979K, committed 4992K, reserved 1048576K
Event: 4.123 GC heap after
Heap after GC invocations=6 (full 1):
 PSYoungGen      total 137216K, used 10733K [0x00000000e0000000, 0x00000000eac00000, 0x0000000100000000)
  eden space 126464K, 0% used [0x00000000e0000000,0x00000000e0000000,0x00000000e7b80000)
  from space 10752K, 99% used [0x00000000e7b80000,0x00000000e85fb740,0x00000000e8600000)
  to   space 13824K, 0% used [0x00000000e9e80000,0x00000000e9e80000,0x00000000eac00000)
 ParOldGen       total 102912K, used 11112K [0x00000000a0000000, 0x00000000a6480000, 0x00000000e0000000)
  object space 102912K, 10% used [0x00000000a0000000,0x00000000a0ada020,0x00000000a6480000)
 Metaspace       used 34754K, capacity 35358K, committed 35416K, reserved 1079296K
  class space    used 4807K, capacity 4979K, committed 4992K, reserved 1048576K
}
Event: 4.123 GC heap before
{Heap before GC invocations=7 (full 2):
 PSYoungGen      total 137216K, used 10733K [0x00000000e0000000, 0x00000000eac00000, 0x0000000100000000)
  eden space 126464K, 0% used [0x00000000e0000000,0x00000000e0000000,0x00000000e7b80000)
  from space 10752K, 99% used [0x00000000e7b80000,0x00000000e85fb740,0x00000000e8600000)
  to   space 13824K, 0% used [0x00000000e9e80000,0x00000000e9e80000,0x00000000eac00000)
 ParOldGen       total 102912K, used 11112K [0x00000000a0000000, 0x00000000a6480000, 0x00000000e0000000)
  object space 102912K, 10% used [0x00000000a0000000,0x00000000a0ada020,0x00000000a6480000)
 Metaspace       used 34754K, capacity 35358K, committed 35416K, reserved 1079296K
  class space    used 4807K, capacity 4979K, committed 4992K, reserved 1048576K
Event: 4.160 GC heap after
Heap after GC invocations=7 (full 2):
 PSYoungGen      total 137216K, used 0K [0x00000000e0000000, 0x00000000eac00000, 0x0000000100000000)
  eden space 126464K, 0% used [0x00000000e0000000,0x00000000e0000000,0x00000000e7b80000)
  from space 10752K, 0% used [0x00000000e7b80000,0x00000000e7b80000,0x00000000e8600000)
  to   space 13824K, 0% used [0x00000000e9e80000,0x00000000e9e80000,0x00000000eac00000)
 ParOldGen       total 102912K, used 19715K [0x00000000a0000000, 0x00000000a6480000, 0x00000000e0000000)
  object space 102912K, 19% used [0x00000000a0000000,0x00000000a1340e28,0x00000000a6480000)
 Metaspace       used 34754K, capacity 35358K, committed 35416K, reserved 1079296K
  class space    used 4807K, capacity 4979K, committed 4992K, reserved 1048576K
}

Deoptimization events (10 events):
Event: 3.849 Thread 0x0000000019c3f800 Uncommon trap: reason=class_check action=maybe_recompile pc=0x0000000003b5ba18 method=java.io.BufferedInputStream.read1([BII)I @ 39
Event: 4.046 Thread 0x0000000019c3f800 Uncommon trap: reason=predicate action=maybe_recompile pc=0x0000000003cf1698 method=java.util.Arrays.binarySearch0([Ljava/lang/Object;IILjava/lang/Object;Ljava/util/Comparator;)I @ 28
Event: 4.046 Thread 0x0000000019c3f800 Uncommon trap: reason=predicate action=maybe_recompile pc=0x0000000003d48fb0 method=java.util.Arrays.binarySearch0([Ljava/lang/Object;IILjava/lang/Object;Ljava/util/Comparator;)I @ 28
Event: 4.074 Thread 0x0000000019c3f800 Uncommon trap: reason=unstable_if action=reinterpret pc=0x00000000038a79d0 method=sun.misc.MetaIndex.mayContain(Ljava/lang/String;)Z @ 38
Event: 4.075 Thread 0x0000000019c3f800 Uncommon trap: reason=unstable_if action=reinterpret pc=0x0000000003d7a10c method=java.security.CodeSource.hashCode()I @ 4
Event: 4.205 Thread 0x0000000019c3f800 Uncommon trap: reason=unstable_if action=reinterpret pc=0x0000000003b2c12c method=java.util.HashMap.putVal(ILjava/lang/Object;Ljava/lang/Object;ZZ)Ljava/lang/Object; @ 162
Event: 4.205 Thread 0x0000000019c3f800 Uncommon trap: reason=unstable_if action=reinterpret pc=0x0000000003b083a8 method=java.util.HashMap.putVal(ILjava/lang/Object;Ljava/lang/Object;ZZ)Ljava/lang/Object; @ 162
Event: 4.205 Thread 0x0000000019c3f800 Uncommon trap: reason=unstable_if action=reinterpret pc=0x000000000370a6f0 method=java.util.HashMap.resize()[Ljava/util/HashMap$Node; @ 206
Event: 4.253 Thread 0x0000000019c3f800 Uncommon trap: reason=unstable_if action=reinterpret pc=0x0000000003e5ee3c method=java.lang.reflect.Modifier.toString(I)Ljava/lang/String; @ 123
Event: 4.253 Thread 0x0000000019c3f800 Uncommon trap: reason=unstable_if action=reinterpret pc=0x0000000003e863c4 method=java.lang.reflect.Modifier.toString(I)Ljava/lang/String; @ 123

Classes redefined (0 events):
No events

Internal exceptions (10 events):
Event: 3.661 Thread 0x0000000019c3f800 Exception <a 'java/lang/ClassNotFoundException': org/gradle/api/internal/AbstractTaskCustomizer> (0x00000000e3d375e8) thrown at [D:\src\AOSP-openjdk-cygwin\jdk8u\hotspot\src\share\vm\classfile\systemDictionary.cpp, line 210]
Event: 3.665 Thread 0x0000000019c3f800 Exception <a 'java/lang/ClassNotFoundException': org/gradle/api/DefaultTaskCustomizer> (0x00000000e3dbe608) thrown at [D:\src\AOSP-openjdk-cygwin\jdk8u\hotspot\src\share\vm\classfile\systemDictionary.cpp, line 210]
Event: 3.670 Thread 0x0000000019c3f800 Exception <a 'java/lang/ClassNotFoundException': org/gradle/api/internal/ConventionTaskCustomizer> (0x00000000e3df6dc8) thrown at [D:\src\AOSP-openjdk-cygwin\jdk8u\hotspot\src\share\vm\classfile\systemDictionary.cpp, line 210]
Event: 3.678 Thread 0x0000000019c3f800 Exception <a 'java/lang/ClassNotFoundException': org/gradle/api/tasks/DeleteCustomizer> (0x00000000e3e2d780) thrown at [D:\src\AOSP-openjdk-cygwin\jdk8u\hotspot\src\share\vm\classfile\systemDictionary.cpp, line 210]
Event: 3.679 Thread 0x0000000019c3f800 Exception <a 'java/lang/ClassNotFoundException': org/gradle/api/tasks/Delete_DecoratedCustomizer> (0x00000000e3e71858) thrown at [D:\src\AOSP-openjdk-cygwin\jdk8u\hotspot\src\share\vm\classfile\systemDictionary.cpp, line 210]
Event: 3.718 Thread 0x0000000019c3f800 Exception <a 'java/lang/ClassNotFoundException': build_bm2zy3opzqz3mbi8q1nrtgktjBeanInfo> (0x00000000e3f9c680) thrown at [D:\src\AOSP-openjdk-cygwin\jdk8u\hotspot\src\share\vm\classfile\systemDictionary.cpp, line 210]
Event: 3.718 Thread 0x0000000019c3f800 Exception <a 'java/lang/ClassNotFoundException': build_bm2zy3opzqz3mbi8q1nrtgktjCustomizer> (0x00000000e3fa6b90) thrown at [D:\src\AOSP-openjdk-cygwin\jdk8u\hotspot\src\share\vm\classfile\systemDictionary.cpp, line 210]
Event: 3.723 Thread 0x0000000019c3f800 Exception <a 'java/lang/ClassNotFoundException': org/gradle/api/internal/plugins/DefaultObjectConfigurationActionBeanInfo> (0x00000000e400a688) thrown at [D:\src\AOSP-openjdk-cygwin\jdk8u\hotspot\src\share\vm\classfile\systemDictionary.cpp, line 210]
Event: 3.724 Thread 0x0000000019c3f800 Exception <a 'java/lang/ClassNotFoundException': org/gradle/api/internal/plugins/DefaultObjectConfigurationActionCustomizer> (0x00000000e403f2c8) thrown at [D:\src\AOSP-openjdk-cygwin\jdk8u\hotspot\src\share\vm\classfile\systemDictionary.cpp, line 210]
Event: 4.075 Thread 0x0000000019c3f800 Implicit null exception at 0x0000000003d79e15 to 0x0000000003d7a0fd

Events (10 events):
Event: 4.389 loading class com/android/build/gradle/TestedExtension
Event: 4.389 loading class com/android/build/gradle/TestedExtension done
Event: 4.389 loading class com/android/build/gradle/TestedAndroidConfig
Event: 4.389 loading class com/android/build/gradle/TestedAndroidConfig done
Event: 4.389 loading class com/android/build/gradle/BaseExtension
Event: 4.389 loading class com/android/build/gradle/BaseExtension done
Event: 4.390 loading class org/gradle/api/plugins/ExtensionContainer
Event: 4.390 loading class org/gradle/api/plugins/ExtensionContainer done
Event: 4.390 loading class com/android/build/gradle/internal/model/CoreExternalNativeBuild
Event: 4.390 loading class com/android/build/gradle/internal/model/CoreExternalNativeBuild done


Dynamic libraries:
0x00007ff655e80000 - 0x00007ff655eb1000 	C:\Program Files\Android\Android Studio\jre\bin\java.exe
0x00007ffe85840000 - 0x00007ffe85a2d000 	C:\WINDOWS\SYSTEM32\ntdll.dll
0x00007ffe84030000 - 0x00007ffe840e3000 	C:\WINDOWS\System32\KERNEL32.DLL
0x00007ffe81fe0000 - 0x00007ffe82273000 	C:\WINDOWS\System32\KERNELBASE.dll
0x00007ffe82e00000 - 0x00007ffe82ea3000 	C:\WINDOWS\System32\ADVAPI32.dll
0x00007ffe840f0000 - 0x00007ffe8418e000 	C:\WINDOWS\System32\msvcrt.dll
0x00007ffe83d90000 - 0x00007ffe83e2e000 	C:\WINDOWS\System32\sechost.dll
0x00007ffe83840000 - 0x00007ffe83962000 	C:\WINDOWS\System32\RPCRT4.dll
0x00007ffe83e30000 - 0x00007ffe83fc7000 	C:\WINDOWS\System32\USER32.dll
0x00007ffe82a00000 - 0x00007ffe82a20000 	C:\WINDOWS\System32\win32u.dll
0x00007ffe82eb0000 - 0x00007ffe82ed9000 	C:\WINDOWS\System32\GDI32.dll
0x00007ffe81e40000 - 0x00007ffe81fd9000 	C:\WINDOWS\System32\gdi32full.dll
0x00007ffe81da0000 - 0x00007ffe81e40000 	C:\WINDOWS\System32\msvcp_win.dll
0x00007ffe819c0000 - 0x00007ffe81aba000 	C:\WINDOWS\System32\ucrtbase.dll
0x00007ffe6f150000 - 0x00007ffe6f3c9000 	C:\WINDOWS\WinSxS\amd64_microsoft.windows.common-controls_6595b64144ccf1df_6.0.17763.678_none_05b74150071d72bf\COMCTL32.dll
0x00007ffe82ad0000 - 0x00007ffe82dfc000 	C:\WINDOWS\System32\combase.dll
0x00007ffe81ae0000 - 0x00007ffe81b5e000 	C:\WINDOWS\System32\bcryptPrimitives.dll
0x00007ffe836b0000 - 0x00007ffe836de000 	C:\WINDOWS\System32\IMM32.DLL
0x0000000053740000 - 0x0000000053812000 	C:\Program Files\Android\Android Studio\jre\jre\bin\msvcr100.dll
0x0000000052e40000 - 0x0000000053681000 	C:\Program Files\Android\Android Studio\jre\jre\bin\server\jvm.dll
0x00007ffe83d80000 - 0x00007ffe83d88000 	C:\WINDOWS\System32\PSAPI.DLL
0x00007ffe7d670000 - 0x00007ffe7d67a000 	C:\WINDOWS\SYSTEM32\VERSION.dll
0x00007ffe739c0000 - 0x00007ffe739c9000 	C:\WINDOWS\SYSTEM32\WSOCK32.dll
0x00007ffe83b80000 - 0x00007ffe83bed000 	C:\WINDOWS\System32\WS2_32.dll
0x00007ffe7fc20000 - 0x00007ffe7fc44000 	C:\WINDOWS\SYSTEM32\WINMM.dll
0x00007ffe7f970000 - 0x00007ffe7f99d000 	C:\WINDOWS\SYSTEM32\winmmbase.dll
0x00007ffe81970000 - 0x00007ffe819ba000 	C:\WINDOWS\System32\cfgmgr32.dll
0x00007ffe6fdf0000 - 0x00007ffe6fdff000 	C:\Program Files\Android\Android Studio\jre\jre\bin\verify.dll
0x00007ffe6fdc0000 - 0x00007ffe6fde9000 	C:\Program Files\Android\Android Studio\jre\jre\bin\java.dll
0x00007ffe674c0000 - 0x00007ffe674d6000 	C:\Program Files\Android\Android Studio\jre\jre\bin\zip.dll
0x00007ffe84190000 - 0x00007ffe85680000 	C:\WINDOWS\System32\SHELL32.dll
0x00007ffe83cd0000 - 0x00007ffe83d78000 	C:\WINDOWS\System32\shcore.dll
0x00007ffe82280000 - 0x00007ffe829ca000 	C:\WINDOWS\System32\windows.storage.dll
0x00007ffe818e0000 - 0x00007ffe81904000 	C:\WINDOWS\System32\profapi.dll
0x00007ffe81910000 - 0x00007ffe8196d000 	C:\WINDOWS\System32\powrprof.dll
0x00007ffe85730000 - 0x00007ffe85782000 	C:\WINDOWS\System32\shlwapi.dll
0x00007ffe818a0000 - 0x00007ffe818b1000 	C:\WINDOWS\System32\kernel.appcore.dll
0x00007ffe81ac0000 - 0x00007ffe81ad7000 	C:\WINDOWS\System32\cryptsp.dll
0x00007ffe66530000 - 0x00007ffe6654a000 	C:\Program Files\Android\Android Studio\jre\jre\bin\net.dll
0x00007ffe810b0000 - 0x00007ffe81117000 	C:\WINDOWS\system32\mswsock.dll
0x00007ffe66510000 - 0x00007ffe66521000 	C:\Program Files\Android\Android Studio\jre\jre\bin\nio.dll
0x00007ffe65440000 - 0x00007ffe6545e000 	C:\Users\Kamakhya\.gradle\native\25\windows-amd64\native-platform.dll
0x00007ffe6fa30000 - 0x00007ffe6fa3d000 	C:\Program Files\Android\Android Studio\jre\jre\bin\management.dll
0x00007ffe80c30000 - 0x00007ffe80c63000 	C:\WINDOWS\system32\rsaenh.dll
0x00007ffe829d0000 - 0x00007ffe829f6000 	C:\WINDOWS\System32\bcrypt.dll
0x00007ffe817a0000 - 0x00007ffe817c8000 	C:\WINDOWS\SYSTEM32\USERENV.dll
0x00007ffe81280000 - 0x00007ffe8128c000 	C:\WINDOWS\SYSTEM32\CRYPTBASE.dll
0x00007ffe80dd0000 - 0x00007ffe80e0d000 	C:\WINDOWS\SYSTEM32\IPHLPAPI.DLL
0x00007ffe83cc0000 - 0x00007ffe83cc8000 	C:\WINDOWS\System32\NSI.dll
0x00007ffe7c420000 - 0x00007ffe7c436000 	C:\WINDOWS\SYSTEM32\dhcpcsvc6.DLL
0x00007ffe7c400000 - 0x00007ffe7c41c000 	C:\WINDOWS\SYSTEM32\dhcpcsvc.DLL
0x00007ffe80e10000 - 0x00007ffe80ed6000 	C:\WINDOWS\SYSTEM32\DNSAPI.dll

VM Arguments:
jvm_args: -Xmx1536m -Dfile.encoding=windows-1252 -Duser.country=US -Duser.language=en -Duser.variant 
java_command: org.gradle.launcher.daemon.bootstrap.GradleDaemon 4.4
java_class_path (initial): C:\Users\Kamakhya\.gradle\wrapper\dists\gradle-4.4-all\9br9xq1tocpiv8o6njlyu5op1\gradle-4.4\lib\gradle-launcher-4.4.jar
Launcher Type: SUN_STANDARD

Environment Variables:
JAVA_HOME=C:\Program Files\Java\jdk1.8.0_201
PATH=C:\Program Files (x86)\Common Files\Oracle\Java\javapath;C:\Program Files (x86)\Intel\Intel(R) Management Engine Components\iCLS\;C:\Program Files\Intel\Intel(R) Management Engine Components\iCLS\;C:\WINDOWS\system32;C:\WINDOWS;C:\WINDOWS\System32\Wbem;C:\WINDOWS\System32\WindowsPowerShell\v1.0\;C:\Program Files (x86)\Intel\Intel(R) Management Engine Components\DAL;C:\Program Files\Intel\Intel(R) Management Engine Components\DAL;C:\Program Files (x86)\Intel\Intel(R) Management Engine Components\IPT;C:\Program Files\Intel\Intel(R) Management Engine Components\IPT;C:\Program Files\Java\jdk1.8.0_201\bin;C:\Program Files\nodejs\;C:\WINDOWS\System32\OpenSSH\;C:\Program Files\Java\jdk1.8.0_201\bin;C:\xampp\php;C:\ProgramData\ComposerSetup\bin;C:\Users\Kamakhya\AppData\Local\Android\Sdk\platform-tools;C:\Program Files\Git\cmd;C:\Program Files\PuTTY\;C:\Users\Kamakhya\AppData\Local\Microsoft\WindowsApps;C:\Users\Kamakhya\AppData\Local\Programs\Microsoft VS Code\bin;C:\Users\Kamakhya\AppData\Roaming\npm;C:\Users\Kamakhya\AppData\Roaming\Composer\vendor\bin
USERNAME=Kamakhya
OS=Windows_NT
PROCESSOR_IDENTIFIER=Intel64 Family 6 Model 158 Stepping 11, GenuineIntel



---------------  S Y S T E M  ---------------

OS: Windows 10.0 , 64 bit Build 17763 (10.0.17763.475)

CPU:total 4 (initial active 4) (4 cores per cpu, 1 threads per core) family 6 model 158 stepping 11, cmov, cx8, fxsr, mmx, sse, sse2, sse3, ssse3, sse4.1, sse4.2, popcnt, avx, avx2, aes, clmul, erms, 3dnowpref, lzcnt, tsc, tscinvbit, bmi1, bmi2, adx

Memory: 4k page, physical 16637240k(2614168k free), swap 18931144k(5448k free)

vm_info: OpenJDK 64-Bit Server VM (25.152-b01) for windows-amd64 JRE (1.8.0_152-release-1343-b01), built by "builder" with MS VC++ 10.0 (VS2010)

time: Fri Sep 06 14:19:42 2019
elapsed time: 4 seconds (0d 0h 0m 4s)

