#
# There is insufficient memory for the Java Runtime Environment to continue.
# Native memory allocation (malloc) failed to allocate 1377776 bytes for Chunk::new
# Possible reasons:
#   The system is out of physical RAM or swap space
#   In 32 bit mode, the process size limit was hit
# Possible solutions:
#   Reduce memory load on the system
#   Increase physical memory or swap space
#   Check if swap backing store is full
#   Use 64 bit Java on a 64 bit OS
#   Decrease Java heap size (-Xmx/-Xms)
#   Decrease number of Java threads
#   Decrease Java thread stack sizes (-Xss)
#   Set larger code cache with -XX:ReservedCodeCacheSize=
# This output file may be truncated or incomplete.
#
#  Out of Memory Error (allocation.cpp:390), pid=17480, tid=0x0000000000001d18
#
# JRE version: OpenJDK Runtime Environment (8.0_152-b01) (build 1.8.0_152-release-1343-b01)
# Java VM: OpenJDK 64-Bit Server VM (25.152-b01 mixed mode windows-amd64 compressed oops)
# Failed to write core dump. Minidumps are not enabled by default on client versions of Windows
#

---------------  T H R E A D  ---------------

Current thread (0x000000001670e800):  JavaThread "C2 CompilerThread0" daemon [_thread_in_native, id=7448, stack(0x0000000017d70000,0x0000000017e70000)]

Stack: [0x0000000017d70000,0x0000000017e70000]
[error occurred during error reporting (printing stack bounds), id 0xc0000005]

Native frames: (J=compiled Java code, j=interpreted, Vv=VM code, C=native code)


Current CompileTask:
C2:   1461 1325       4       java.net.URLClassLoader$1::run (5 bytes)


---------------  P R O C E S S  ---------------

Java Threads: ( => current thread )
  0x0000000019a86000 JavaThread "Cache worker for file hash cache (D:\KabunaStateGovernment_21_Aug\KabunaStateGovernment\.gradle\4.4\fileHashes)" [_thread_blocked, id=14560, stack(0x000000001c490000,0x000000001c590000)]
  0x0000000019e88800 JavaThread "File lock request listener" [_thread_in_native, id=20104, stack(0x000000001b3c0000,0x000000001b4c0000)]
  0x0000000019a9b000 JavaThread "Cache worker for file hash cache (C:\Users\Kamakhya\.gradle\caches\4.4\fileHashes)" [_thread_blocked, id=10608, stack(0x000000001b2c0000,0x000000001b3c0000)]
  0x0000000019b95000 JavaThread "Stdin handler" [_thread_blocked, id=15436, stack(0x000000001afc0000,0x000000001b0c0000)]
  0x0000000019b9a800 JavaThread "Asynchronous log dispatcher for DefaultDaemonConnection: socket connection from /127.0.0.1:53182 to /127.0.0.1:53183" [_thread_blocked, id=11932, stack(0x000000001aec0000,0x000000001afc0000)]
  0x0000000019b93000 JavaThread "Daemon worker" [_thread_in_vm, id=19212, stack(0x000000001adc0000,0x000000001aec0000)]
  0x0000000019b8f000 JavaThread "Cancel handler" [_thread_blocked, id=17956, stack(0x000000001acc0000,0x000000001adc0000)]
  0x0000000019b62800 JavaThread "Handler for socket connection from /127.0.0.1:53182 to /127.0.0.1:53183" [_thread_in_native, id=1764, stack(0x000000001abc0000,0x000000001acc0000)]
  0x0000000019b61800 JavaThread "Daemon" [_thread_blocked, id=21216, stack(0x000000001aac0000,0x000000001abc0000)]
  0x0000000019ba3000 JavaThread "Daemon periodic checks" [_thread_blocked, id=11208, stack(0x000000001a7c0000,0x000000001a8c0000)]
  0x0000000019b2e000 JavaThread "Incoming local TCP Connector on port 53182" [_thread_in_native, id=6604, stack(0x000000001a580000,0x000000001a680000)]
  0x0000000018098800 JavaThread "Service Thread" daemon [_thread_blocked, id=12568, stack(0x0000000018470000,0x0000000018570000)]
  0x0000000016718800 JavaThread "C1 CompilerThread2" daemon [_thread_in_native, id=5736, stack(0x0000000017f70000,0x0000000018070000)]
  0x0000000016712800 JavaThread "C2 CompilerThread1" daemon [_thread_in_native, id=8964, stack(0x0000000017e70000,0x0000000017f70000)]
=>0x000000001670e800 JavaThread "C2 CompilerThread0" daemon [_thread_in_native, id=7448, stack(0x0000000017d70000,0x0000000017e70000)]
  0x000000001670d800 JavaThread "Attach Listener" daemon [_thread_blocked, id=20356, stack(0x0000000017c70000,0x0000000017d70000)]
  0x000000001670a000 JavaThread "Signal Dispatcher" daemon [_thread_blocked, id=7572, stack(0x0000000017b70000,0x0000000017c70000)]
  0x00000000166ff000 JavaThread "Finalizer" daemon [_thread_blocked, id=9036, stack(0x0000000017970000,0x0000000017a70000)]
  0x0000000002d92000 JavaThread "Reference Handler" daemon [_thread_blocked, id=6668, stack(0x0000000017870000,0x0000000017970000)]
  0x0000000002b0e800 JavaThread "main" [_thread_blocked, id=19704, stack(0x0000000002b10000,0x0000000002c10000)]

Other Threads:
  0x00000000166d5800 VMThread [stack: 0x0000000017770000,0x0000000017870000] [id=19696]
  0x000000001676d800 WatcherThread [stack: 0x0000000018570000,0x0000000018670000] [id=13040]

VM state:not at safepoint (normal execution)

VM Mutex/Monitor currently owned by a thread: None

Heap:
 PSYoungGen      total 75776K, used 34502K [0x00000000e0000000, 0x00000000e6880000, 0x0000000100000000)
  eden space 65024K, 42% used [0x00000000e0000000,0x00000000e1b4d068,0x00000000e3f80000)
  from space 10752K, 60% used [0x00000000e4a00000,0x00000000e5064870,0x00000000e5480000)
  to   space 10752K, 0% used [0x00000000e3f80000,0x00000000e3f80000,0x00000000e4a00000)
 ParOldGen       total 115200K, used 3351K [0x00000000a0000000, 0x00000000a7080000, 0x00000000e0000000)
  object space 115200K, 2% used [0x00000000a0000000,0x00000000a0345d90,0x00000000a7080000)
 Metaspace       used 15576K, capacity 15990K, committed 16256K, reserved 1064960K
  class space    used 2205K, capacity 2379K, committed 2432K, reserved 1048576K

Card table byte_map: [0x0000000012160000,0x0000000012470000] byte_map_base: 0x0000000011c60000

Marking Bits: (ParMarkBitMap*) 0x0000000053605aa0
 Begin Bits: [0x0000000012a70000, 0x0000000014270000)
 End Bits:   [0x0000000014270000, 0x0000000015a70000)

Polling page: 0x0000000000dc0000

CodeCache: size=245760Kb used=4860Kb max_used=4860Kb free=240899Kb
 bounds [0x0000000002da0000, 0x0000000003270000, 0x0000000011da0000]
 total_blobs=1809 nmethods=1436 adapters=286
 compilation: enabled

Compilation events (10 events):
Event: 1.430 Thread 0x0000000016718800 nmethod 1426 0x000000000324ed90 code [0x000000000324eee0, 0x000000000324efd0]
Event: 1.430 Thread 0x0000000016718800 1428       3       sun.misc.ProxyGenerator::access$700 (7 bytes)
Event: 1.430 Thread 0x0000000016718800 nmethod 1428 0x000000000325b390 code [0x000000000325b500, 0x000000000325b6e8]
Event: 1.432 Thread 0x0000000016712800 1429   !   4       java.net.URLClassLoader$1::run (63 bytes)
Event: 1.433 Thread 0x0000000016718800 1430       3       java.util.ArrayList::isEmpty (13 bytes)
Event: 1.433 Thread 0x0000000016718800 nmethod 1430 0x000000000325b810 code [0x000000000325b960, 0x000000000325bb10]
Event: 1.457 Thread 0x0000000016718800 1432       3       org.objectweb.asm.ClassWriter::get (49 bytes)
Event: 1.457 Thread 0x0000000016718800 nmethod 1432 0x000000000325bb90 code [0x000000000325bd20, 0x000000000325c0a8]
Event: 1.457 Thread 0x0000000016718800 1433       3       org.objectweb.asm.Item::set (143 bytes)
Event: 1.457 Thread 0x0000000016718800 nmethod 1433 0x000000000325c250 code [0x000000000325c400, 0x000000000325cab8]

GC Heap History (6 events):
Event: 0.391 GC heap before
{Heap before GC invocations=1 (full 0):
 PSYoungGen      total 75776K, used 22130K [0x00000000e0000000, 0x00000000e5480000, 0x0000000100000000)
  eden space 65024K, 34% used [0x00000000e0000000,0x00000000e159cbf8,0x00000000e3f80000)
  from space 10752K, 0% used [0x00000000e4a00000,0x00000000e4a00000,0x00000000e5480000)
  to   space 10752K, 0% used [0x00000000e3f80000,0x00000000e3f80000,0x00000000e4a00000)
 ParOldGen       total 173568K, used 0K [0x00000000a0000000, 0x00000000aa980000, 0x00000000e0000000)
  object space 173568K, 0% used [0x00000000a0000000,0x00000000a0000000,0x00000000aa980000)
 Metaspace       used 6259K, capacity 6414K, committed 6528K, reserved 1060864K
  class space    used 764K, capacity 843K, committed 896K, reserved 1048576K
Event: 0.394 GC heap after
Heap after GC invocations=1 (full 0):
 PSYoungGen      total 75776K, used 3546K [0x00000000e0000000, 0x00000000e5480000, 0x0000000100000000)
  eden space 65024K, 0% used [0x00000000e0000000,0x00000000e0000000,0x00000000e3f80000)
  from space 10752K, 32% used [0x00000000e3f80000,0x00000000e42f6888,0x00000000e4a00000)
  to   space 10752K, 0% used [0x00000000e4a00000,0x00000000e4a00000,0x00000000e5480000)
 ParOldGen       total 173568K, used 8K [0x00000000a0000000, 0x00000000aa980000, 0x00000000e0000000)
  object space 173568K, 0% used [0x00000000a0000000,0x00000000a0002000,0x00000000aa980000)
 Metaspace       used 6259K, capacity 6414K, committed 6528K, reserved 1060864K
  class space    used 764K, capacity 843K, committed 896K, reserved 1048576K
}
Event: 0.394 GC heap before
{Heap before GC invocations=2 (full 1):
 PSYoungGen      total 75776K, used 3546K [0x00000000e0000000, 0x00000000e5480000, 0x0000000100000000)
  eden space 65024K, 0% used [0x00000000e0000000,0x00000000e0000000,0x00000000e3f80000)
  from space 10752K, 32% used [0x00000000e3f80000,0x00000000e42f6888,0x00000000e4a00000)
  to   space 10752K, 0% used [0x00000000e4a00000,0x00000000e4a00000,0x00000000e5480000)
 ParOldGen       total 173568K, used 8K [0x00000000a0000000, 0x00000000aa980000, 0x00000000e0000000)
  object space 173568K, 0% used [0x00000000a0000000,0x00000000a0002000,0x00000000aa980000)
 Metaspace       used 6259K, capacity 6414K, committed 6528K, reserved 1060864K
  class space    used 764K, capacity 843K, committed 896K, reserved 1048576K
Event: 0.400 GC heap after
Heap after GC invocations=2 (full 1):
 PSYoungGen      total 75776K, used 0K [0x00000000e0000000, 0x00000000e5480000, 0x0000000100000000)
  eden space 65024K, 0% used [0x00000000e0000000,0x00000000e0000000,0x00000000e3f80000)
  from space 10752K, 0% used [0x00000000e3f80000,0x00000000e3f80000,0x00000000e4a00000)
  to   space 10752K, 0% used [0x00000000e4a00000,0x00000000e4a00000,0x00000000e5480000)
 ParOldGen       total 115200K, used 3343K [0x00000000a0000000, 0x00000000a7080000, 0x00000000e0000000)
  object space 115200K, 2% used [0x00000000a0000000,0x00000000a0343d90,0x00000000a7080000)
 Metaspace       used 6259K, capacity 6414K, committed 6528K, reserved 1058816K
  class space    used 764K, capacity 843K, committed 896K, reserved 1048576K
}
Event: 1.254 GC heap before
{Heap before GC invocations=3 (full 1):
 PSYoungGen      total 75776K, used 65024K [0x00000000e0000000, 0x00000000e5480000, 0x0000000100000000)
  eden space 65024K, 100% used [0x00000000e0000000,0x00000000e3f80000,0x00000000e3f80000)
  from space 10752K, 0% used [0x00000000e3f80000,0x00000000e3f80000,0x00000000e4a00000)
  to   space 10752K, 0% used [0x00000000e4a00000,0x00000000e4a00000,0x00000000e5480000)
 ParOldGen       total 115200K, used 3343K [0x00000000a0000000, 0x00000000a7080000, 0x00000000e0000000)
  object space 115200K, 2% used [0x00000000a0000000,0x00000000a0343d90,0x00000000a7080000)
 Metaspace       used 12976K, capacity 13298K, committed 13568K, reserved 1062912K
  class space    used 1775K, capacity 1929K, committed 2048K, reserved 1048576K
Event: 1.261 GC heap after
Heap after GC invocations=3 (full 1):
 PSYoungGen      total 75776K, used 6546K [0x00000000e0000000, 0x00000000e6880000, 0x0000000100000000)
  eden space 65024K, 0% used [0x00000000e0000000,0x00000000e0000000,0x00000000e3f80000)
  from space 10752K, 60% used [0x00000000e4a00000,0x00000000e5064870,0x00000000e5480000)
  to   space 10752K, 0% used [0x00000000e3f80000,0x00000000e3f80000,0x00000000e4a00000)
 ParOldGen       total 115200K, used 3351K [0x00000000a0000000, 0x00000000a7080000, 0x00000000e0000000)
  object space 115200K, 2% used [0x00000000a0000000,0x00000000a0345d90,0x00000000a7080000)
 Metaspace       used 12976K, capacity 13298K, committed 13568K, reserved 1062912K
  class space    used 1775K, capacity 1929K, committed 2048K, reserved 1048576K
}

Deoptimization events (10 events):
Event: 0.650 Thread 0x0000000002b0e800 Uncommon trap: reason=bimorphic action=maybe_recompile pc=0x0000000003025b00 method=java.util.HashMap.putVal(ILjava/lang/Object;Ljava/lang/Object;ZZ)Ljava/lang/Object; @ 91
Event: 0.735 Thread 0x0000000002b0e800 Uncommon trap: reason=bimorphic action=maybe_recompile pc=0x00000000030cb834 method=java.util.HashMap.putVal(ILjava/lang/Object;Ljava/lang/Object;ZZ)Ljava/lang/Object; @ 203
Event: 0.840 Thread 0x0000000002b0e800 Uncommon trap: reason=unstable_if action=reinterpret pc=0x00000000030755d0 method=java.io.WinNTFileSystem.normalize(Ljava/lang/String;)Ljava/lang/String; @ 128
Event: 0.841 Thread 0x0000000002b0e800 Uncommon trap: reason=unstable_if action=reinterpret pc=0x00000000030affa0 method=java.io.WinNTFileSystem.normalize(Ljava/lang/String;II)Ljava/lang/String; @ 90
Event: 1.131 Thread 0x0000000019b62800 Uncommon trap: reason=unstable_if action=reinterpret pc=0x000000000312d5a0 method=java.util.concurrent.ConcurrentHashMap.putVal(Ljava/lang/Object;Ljava/lang/Object;Z)Ljava/lang/Object; @ 206
Event: 1.169 Thread 0x0000000019b93000 Uncommon trap: reason=bimorphic action=maybe_recompile pc=0x00000000030cb194 method=java.util.HashMap.putVal(ILjava/lang/Object;Ljava/lang/Object;ZZ)Ljava/lang/Object; @ 253
Event: 1.169 Thread 0x0000000019b93000 Uncommon trap: reason=bimorphic action=maybe_recompile pc=0x00000000030cb194 method=java.util.HashMap.putVal(ILjava/lang/Object;Ljava/lang/Object;ZZ)Ljava/lang/Object; @ 253
Event: 1.176 Thread 0x0000000019b93000 Uncommon trap: reason=class_check action=maybe_recompile pc=0x000000000300d09c method=java.util.regex.Matcher.match(II)Z @ 86
Event: 1.333 Thread 0x0000000019b93000 Uncommon trap: reason=class_check action=maybe_recompile pc=0x000000000300d09c method=java.util.regex.Matcher.match(II)Z @ 86
Event: 1.368 Thread 0x0000000019b93000 Uncommon trap: reason=unstable_if action=reinterpret pc=0x00000000031f1cb4 method=java.lang.String.lastIndexOf([CII[CIII)I @ 66

Classes redefined (0 events):
No events

Internal exceptions (10 events):
Event: 1.141 Thread 0x0000000019b62800 Exception <a 'java/lang/NoSuchMethodError': <clinit>> (0x00000000e2fbee50) thrown at [D:\src\AOSP-openjdk-cygwin\jdk8u\hotspot\src\share\vm\prims\jni.cpp, line 1613]
Event: 1.141 Thread 0x0000000019b62800 Exception <a 'java/lang/NoSuchMethodError': <clinit>> (0x00000000e2fc7918) thrown at [D:\src\AOSP-openjdk-cygwin\jdk8u\hotspot\src\share\vm\prims\jni.cpp, line 1613]
Event: 1.142 Thread 0x0000000019b62800 Exception <a 'java/lang/NoSuchMethodError': <clinit>> (0x00000000e2fd8fd8) thrown at [D:\src\AOSP-openjdk-cygwin\jdk8u\hotspot\src\share\vm\prims\jni.cpp, line 1613]
Event: 1.147 Thread 0x0000000019b62800 Exception <a 'java/lang/NoSuchMethodError': <clinit>> (0x00000000e303c1c0) thrown at [D:\src\AOSP-openjdk-cygwin\jdk8u\hotspot\src\share\vm\prims\jni.cpp, line 1613]
Event: 1.149 Thread 0x0000000019b62800 Exception <a 'java/lang/NoSuchMethodError': <clinit>> (0x00000000e305ff38) thrown at [D:\src\AOSP-openjdk-cygwin\jdk8u\hotspot\src\share\vm\prims\jni.cpp, line 1613]
Event: 1.152 Thread 0x0000000019b62800 Exception <a 'java/lang/NoSuchMethodError': <clinit>> (0x00000000e3089fe8) thrown at [D:\src\AOSP-openjdk-cygwin\jdk8u\hotspot\src\share\vm\prims\jni.cpp, line 1613]
Event: 1.153 Thread 0x0000000019b62800 Exception <a 'java/lang/NoSuchMethodError': <clinit>> (0x00000000e3097bb8) thrown at [D:\src\AOSP-openjdk-cygwin\jdk8u\hotspot\src\share\vm\prims\jni.cpp, line 1613]
Event: 1.155 Thread 0x0000000019b62800 Exception <a 'java/lang/NoSuchMethodError': <clinit>> (0x00000000e30bc090) thrown at [D:\src\AOSP-openjdk-cygwin\jdk8u\hotspot\src\share\vm\prims\jni.cpp, line 1613]
Event: 1.163 Thread 0x0000000019b93000 Exception <a 'java/lang/NoSuchMethodError': <clinit>> (0x00000000e318e608) thrown at [D:\src\AOSP-openjdk-cygwin\jdk8u\hotspot\src\share\vm\prims\jni.cpp, line 1613]
Event: 1.163 Thread 0x0000000019b93000 Exception <a 'java/lang/NoSuchMethodError': <clinit>> (0x00000000e3196890) thrown at [D:\src\AOSP-openjdk-cygwin\jdk8u\hotspot\src\share\vm\prims\jni.cpp, line 1613]

Events (10 events):
Event: 1.460 loading class org/gradle/plugin/use/resolve/internal/PluginResolutionResult
Event: 1.460 loading class org/gradle/plugin/use/resolve/internal/PluginResolutionResult done
Event: 1.460 loading class org/gradle/internal/exceptions/LocationAwareException
Event: 1.460 loading class org/gradle/internal/exceptions/LocationAwareException done
Event: 1.460 loading class org/gradle/internal/exceptions/FailureResolutionAware
Event: 1.460 loading class org/gradle/internal/exceptions/FailureResolutionAware done
Event: 1.460 loading class org/gradle/api/plugins/UnknownPluginException
Event: 1.460 loading class org/gradle/api/plugins/UnknownPluginException done
Event: 1.460 loading class org/gradle/plugin/use/internal/PluginDependencyResolutionServices$2
Event: 1.460 loading class org/gradle/plugin/use/internal/PluginDependencyResolutionServices$2 done


Dynamic libraries:
0x00007ff655e80000 - 0x00007ff655eb1000 	C:\Program Files\Android\Android Studio\jre\bin\java.exe
0x00007ffe85840000 - 0x00007ffe85a2d000 	C:\WINDOWS\SYSTEM32\ntdll.dll
0x00007ffe84030000 - 0x00007ffe840e3000 	C:\WINDOWS\System32\KERNEL32.DLL
0x00007ffe81fe0000 - 0x00007ffe82273000 	C:\WINDOWS\System32\KERNELBASE.dll
0x00007ffe82e00000 - 0x00007ffe82ea3000 	C:\WINDOWS\System32\ADVAPI32.dll
0x00007ffe840f0000 - 0x00007ffe8418e000 	C:\WINDOWS\System32\msvcrt.dll
0x00007ffe83d90000 - 0x00007ffe83e2e000 	C:\WINDOWS\System32\sechost.dll
0x00007ffe83840000 - 0x00007ffe83962000 	C:\WINDOWS\System32\RPCRT4.dll
0x00007ffe83e30000 - 0x00007ffe83fc7000 	C:\WINDOWS\System32\USER32.dll
0x00007ffe82a00000 - 0x00007ffe82a20000 	C:\WINDOWS\System32\win32u.dll
0x00007ffe82eb0000 - 0x00007ffe82ed9000 	C:\WINDOWS\System32\GDI32.dll
0x00007ffe81e40000 - 0x00007ffe81fd9000 	C:\WINDOWS\System32\gdi32full.dll
0x00007ffe81da0000 - 0x00007ffe81e40000 	C:\WINDOWS\System32\msvcp_win.dll
0x00007ffe819c0000 - 0x00007ffe81aba000 	C:\WINDOWS\System32\ucrtbase.dll
0x00007ffe6f150000 - 0x00007ffe6f3c9000 	C:\WINDOWS\WinSxS\amd64_microsoft.windows.common-controls_6595b64144ccf1df_6.0.17763.678_none_05b74150071d72bf\COMCTL32.dll
0x00007ffe82ad0000 - 0x00007ffe82dfc000 	C:\WINDOWS\System32\combase.dll
0x00007ffe81ae0000 - 0x00007ffe81b5e000 	C:\WINDOWS\System32\bcryptPrimitives.dll
0x00007ffe836b0000 - 0x00007ffe836de000 	C:\WINDOWS\System32\IMM32.DLL
0x0000000053740000 - 0x0000000053812000 	C:\Program Files\Android\Android Studio\jre\jre\bin\msvcr100.dll
0x0000000052e40000 - 0x0000000053681000 	C:\Program Files\Android\Android Studio\jre\jre\bin\server\jvm.dll
0x00007ffe83d80000 - 0x00007ffe83d88000 	C:\WINDOWS\System32\PSAPI.DLL
0x00007ffe7d670000 - 0x00007ffe7d67a000 	C:\WINDOWS\SYSTEM32\VERSION.dll
0x00007ffe739c0000 - 0x00007ffe739c9000 	C:\WINDOWS\SYSTEM32\WSOCK32.dll
0x00007ffe83b80000 - 0x00007ffe83bed000 	C:\WINDOWS\System32\WS2_32.dll
0x00007ffe7fc20000 - 0x00007ffe7fc44000 	C:\WINDOWS\SYSTEM32\WINMM.dll
0x00007ffe7f970000 - 0x00007ffe7f99d000 	C:\WINDOWS\SYSTEM32\WINMMBASE.dll
0x00007ffe81970000 - 0x00007ffe819ba000 	C:\WINDOWS\System32\cfgmgr32.dll
0x00007ffe6fdf0000 - 0x00007ffe6fdff000 	C:\Program Files\Android\Android Studio\jre\jre\bin\verify.dll
0x00007ffe6fdc0000 - 0x00007ffe6fde9000 	C:\Program Files\Android\Android Studio\jre\jre\bin\java.dll
0x00007ffe674c0000 - 0x00007ffe674d6000 	C:\Program Files\Android\Android Studio\jre\jre\bin\zip.dll
0x00007ffe84190000 - 0x00007ffe85680000 	C:\WINDOWS\System32\SHELL32.dll
0x00007ffe83cd0000 - 0x00007ffe83d78000 	C:\WINDOWS\System32\shcore.dll
0x00007ffe82280000 - 0x00007ffe829ca000 	C:\WINDOWS\System32\windows.storage.dll
0x00007ffe818e0000 - 0x00007ffe81904000 	C:\WINDOWS\System32\profapi.dll
0x00007ffe81910000 - 0x00007ffe8196d000 	C:\WINDOWS\System32\powrprof.dll
0x00007ffe85730000 - 0x00007ffe85782000 	C:\WINDOWS\System32\shlwapi.dll
0x00007ffe818a0000 - 0x00007ffe818b1000 	C:\WINDOWS\System32\kernel.appcore.dll
0x00007ffe81ac0000 - 0x00007ffe81ad7000 	C:\WINDOWS\System32\cryptsp.dll
0x00007ffe66530000 - 0x00007ffe6654a000 	C:\Program Files\Android\Android Studio\jre\jre\bin\net.dll
0x00007ffe810b0000 - 0x00007ffe81117000 	C:\WINDOWS\system32\mswsock.dll
0x00007ffe66510000 - 0x00007ffe66521000 	C:\Program Files\Android\Android Studio\jre\jre\bin\nio.dll
0x00007ffe65440000 - 0x00007ffe6545e000 	C:\Users\Kamakhya\.gradle\native\25\windows-amd64\native-platform.dll
0x00007ffe6fa30000 - 0x00007ffe6fa3d000 	C:\Program Files\Android\Android Studio\jre\jre\bin\management.dll
0x00007ffe80c30000 - 0x00007ffe80c63000 	C:\WINDOWS\system32\rsaenh.dll
0x00007ffe829d0000 - 0x00007ffe829f6000 	C:\WINDOWS\System32\bcrypt.dll
0x00007ffe817a0000 - 0x00007ffe817c8000 	C:\WINDOWS\SYSTEM32\USERENV.dll
0x00007ffe81280000 - 0x00007ffe8128c000 	C:\WINDOWS\SYSTEM32\CRYPTBASE.dll
0x00007ffe80dd0000 - 0x00007ffe80e0d000 	C:\WINDOWS\SYSTEM32\IPHLPAPI.DLL
0x00007ffe83cc0000 - 0x00007ffe83cc8000 	C:\WINDOWS\System32\NSI.dll
0x00007ffe7c420000 - 0x00007ffe7c436000 	C:\WINDOWS\SYSTEM32\dhcpcsvc6.DLL
0x00007ffe7c400000 - 0x00007ffe7c41c000 	C:\WINDOWS\SYSTEM32\dhcpcsvc.DLL
0x00007ffe80e10000 - 0x00007ffe80ed6000 	C:\WINDOWS\SYSTEM32\DNSAPI.dll

VM Arguments:
jvm_args: -Xmx1536m -Dfile.encoding=windows-1252 -Duser.country=US -Duser.language=en -Duser.variant 
java_command: org.gradle.launcher.daemon.bootstrap.GradleDaemon 4.4
java_class_path (initial): C:\Users\Kamakhya\.gradle\wrapper\dists\gradle-4.4-all\9br9xq1tocpiv8o6njlyu5op1\gradle-4.4\lib\gradle-launcher-4.4.jar
Launcher Type: SUN_STANDARD

Environment Variables:
JAVA_HOME=C:\Program Files\Java\jdk1.8.0_201
PATH=C:\Program Files (x86)\Common Files\Oracle\Java\javapath;C:\Program Files (x86)\Intel\Intel(R) Management Engine Components\iCLS\;C:\Program Files\Intel\Intel(R) Management Engine Components\iCLS\;C:\WINDOWS\system32;C:\WINDOWS;C:\WINDOWS\System32\Wbem;C:\WINDOWS\System32\WindowsPowerShell\v1.0\;C:\Program Files (x86)\Intel\Intel(R) Management Engine Components\DAL;C:\Program Files\Intel\Intel(R) Management Engine Components\DAL;C:\Program Files (x86)\Intel\Intel(R) Management Engine Components\IPT;C:\Program Files\Intel\Intel(R) Management Engine Components\IPT;C:\Program Files\Java\jdk1.8.0_201\bin;C:\Program Files\nodejs\;C:\WINDOWS\System32\OpenSSH\;C:\Program Files\Java\jdk1.8.0_201\bin;C:\xampp\php;C:\ProgramData\ComposerSetup\bin;C:\Users\Kamakhya\AppData\Local\Android\Sdk\platform-tools;C:\Program Files\Git\cmd;C:\Program Files\PuTTY\;C:\Users\Kamakhya\AppData\Local\Microsoft\WindowsApps;C:\Users\Kamakhya\AppData\Local\Programs\Microsoft VS Code\bin;C:\Users\Kamakhya\AppData\Roaming\npm;C:\Users\Kamakhya\AppData\Roaming\Composer\vendor\bin
USERNAME=Kamakhya
OS=Windows_NT
PROCESSOR_IDENTIFIER=Intel64 Family 6 Model 158 Stepping 11, GenuineIntel



---------------  S Y S T E M  ---------------

OS: Windows 10.0 , 64 bit Build 17763 (10.0.17763.475)

CPU:total 4 (initial active 4) (4 cores per cpu, 1 threads per core) family 6 model 158 stepping 11, cmov, cx8, fxsr, mmx, sse, sse2, sse3, ssse3, sse4.1, sse4.2, popcnt, avx, avx2, aes, clmul, erms, 3dnowpref, lzcnt, tsc, tscinvbit, bmi1, bmi2, adx

Memory: 4k page, physical 16637240k(2417632k free), swap 18931144k(5352k free)

vm_info: OpenJDK 64-Bit Server VM (25.152-b01) for windows-amd64 JRE (1.8.0_152-release-1343-b01), built by "builder" with MS VC++ 10.0 (VS2010)

time: Fri Sep 06 14:33:15 2019
elapsed time: 1 seconds (0d 0h 0m 1s)

