#
# There is insufficient memory for the Java Runtime Environment to continue.
# Native memory allocation (malloc) failed to allocate 32744 bytes for ChunkPool::allocate
# Possible reasons:
#   The system is out of physical RAM or swap space
#   The process is running with CompressedOops enabled, and the Java Heap may be blocking the growth of the native heap
# Possible solutions:
#   Reduce memory load on the system
#   Increase physical memory or swap space
#   Check if swap backing store is full
#   Decrease Java heap size (-Xmx/-Xms)
#   Decrease number of Java threads
#   Decrease Java thread stack sizes (-Xss)
#   Set larger code cache with -XX:ReservedCodeCacheSize=
#   JVM is running with Unscaled Compressed Oops mode in which the Java heap is
#     placed in the first 4GB address space. The Java Heap base address is the
#     maximum limit for the native heap growth. Please use -XX:HeapBaseMinAddress
#     to set the Java Heap base and to place the Java Heap above 4GB virtual address.
# This output file may be truncated or incomplete.
#
#  Out of Memory Error (allocation.cpp:272), pid=1292, tid=0x000000000000221c
#
# JRE version: OpenJDK Runtime Environment (8.0_202-b03) (build 1.8.0_202-release-1483-b03)
# Java VM: OpenJDK 64-Bit Server VM (25.202-b03 mixed mode windows-amd64 compressed oops)
# Failed to write core dump. Minidumps are not enabled by default on client versions of Windows
#

---------------  T H R E A D  ---------------

Current thread (0x0000000017e46800):  JavaThread "Daemon worker" [_thread_in_vm, id=8732, stack(0x0000000019c60000,0x0000000019d60000)]

Stack: [0x0000000019c60000,0x0000000019d60000]
[error occurred during error reporting (printing stack bounds), id 0xc0000005]

Native frames: (J=compiled Java code, j=interpreted, Vv=VM code, C=native code)

Java frames: (J=compiled Java code, j=interpreted, Vv=VM code)
j  org.gradle.internal.service.scopes.BuildScopeServices.createFileCacheBackedScriptClassCompiler(Lorg/gradle/cache/CacheRepository;Lorg/gradle/StartParameter;Lorg/gradle/internal/logging/progress/ProgressLoggerFactory;Lorg/gradle/api/internal/initialization/loadercache/ClassLoaderCache;Lorg/gradle/configuration/ImportsReader;Lorg/gradle/internal/classloader/ClassLoaderHierarchyHasher;Lorg/gradle/internal/operations/BuildOperationExecutor;)Lorg/gradle/groovy/scripts/internal/FileCacheBackedScriptClassCompiler;+9
v  ~StubRoutines::call_stub
j  sun.reflect.NativeMethodAccessorImpl.invoke0(Ljava/lang/reflect/Method;Ljava/lang/Object;[Ljava/lang/Object;)Ljava/lang/Object;+0
j  sun.reflect.NativeMethodAccessorImpl.invoke(Ljava/lang/Object;[Ljava/lang/Object;)Ljava/lang/Object;+100
J 1292 C1 sun.reflect.DelegatingMethodAccessorImpl.invoke(Ljava/lang/Object;[Ljava/lang/Object;)Ljava/lang/Object; (10 bytes) @ 0x0000000002b34004 [0x0000000002b33f00+0x104]
J 1130 C1 java.lang.reflect.Method.invoke(Ljava/lang/Object;[Ljava/lang/Object;)Ljava/lang/Object; (62 bytes) @ 0x0000000002ad076c [0x0000000002ad0380+0x3ec]
j  org.gradle.internal.reflect.JavaMethod.invoke(Ljava/lang/Object;[Ljava/lang/Object;)Ljava/lang/Object;+6
j  org.gradle.internal.service.ReflectionBasedServiceMethod.invoke(Ljava/lang/Object;[Ljava/lang/Object;)Ljava/lang/Object;+6
j  org.gradle.internal.service.DefaultServiceRegistry$FactoryMethodService.invokeMethod([Ljava/lang/Object;)Ljava/lang/Object;+9
j  org.gradle.internal.service.DefaultServiceRegistry$FactoryService.create()Ljava/lang/Object;+7
j  org.gradle.internal.service.DefaultServiceRegistry$ManagedObjectServiceProvider.getInstance()Ljava/lang/Object;+24
J 1387 C1 org.gradle.internal.service.DefaultServiceRegistry$SingletonService.get()Ljava/lang/Object; (5 bytes) @ 0x0000000002b89174 [0x0000000002b89080+0xf4]
j  org.gradle.internal.service.DefaultServiceRegistry$FactoryService.assembleParameters()[Ljava/lang/Object;+44
j  org.gradle.internal.service.DefaultServiceRegistry$FactoryService.create()Ljava/lang/Object;+1
j  org.gradle.internal.service.DefaultServiceRegistry$ManagedObjectServiceProvider.getInstance()Ljava/lang/Object;+24
J 1387 C1 org.gradle.internal.service.DefaultServiceRegistry$SingletonService.get()Ljava/lang/Object; (5 bytes) @ 0x0000000002b89174 [0x0000000002b89080+0xf4]
j  org.gradle.internal.service.DefaultServiceRegistry.find(Ljava/lang/reflect/Type;)Ljava/lang/Object;+22
j  org.gradle.internal.service.DefaultServiceRegistry.get(Ljava/lang/reflect/Type;)Ljava/lang/Object;+2
j  org.gradle.internal.service.DefaultServiceRegistry.get(Ljava/lang/Class;)Ljava/lang/Object;+3
j  org.gradle.internal.service.scopes.BuildScopeServices.defaultScriptPluginFactory()Lorg/gradle/configuration/DefaultScriptPluginFactory;+7
j  org.gradle.internal.service.scopes.BuildScopeServices.createScriptPluginFactory(Lorg/gradle/internal/instantiation/InstantiatorFactory;Lorg/gradle/internal/operations/BuildOperationExecutor;Lorg/gradle/configuration/internal/UserCodeApplicationContext;)Lorg/gradle/configuration/ScriptPluginFactory;+1
v  ~StubRoutines::call_stub
j  sun.reflect.NativeMethodAccessorImpl.invoke0(Ljava/lang/reflect/Method;Ljava/lang/Object;[Ljava/lang/Object;)Ljava/lang/Object;+0
j  sun.reflect.NativeMethodAccessorImpl.invoke(Ljava/lang/Object;[Ljava/lang/Object;)Ljava/lang/Object;+100
J 1292 C1 sun.reflect.DelegatingMethodAccessorImpl.invoke(Ljava/lang/Object;[Ljava/lang/Object;)Ljava/lang/Object; (10 bytes) @ 0x0000000002b34004 [0x0000000002b33f00+0x104]
J 1130 C1 java.lang.reflect.Method.invoke(Ljava/lang/Object;[Ljava/lang/Object;)Ljava/lang/Object; (62 bytes) @ 0x0000000002ad076c [0x0000000002ad0380+0x3ec]
j  org.gradle.internal.reflect.JavaMethod.invoke(Ljava/lang/Object;[Ljava/lang/Object;)Ljava/lang/Object;+6
j  org.gradle.internal.service.ReflectionBasedServiceMethod.invoke(Ljava/lang/Object;[Ljava/lang/Object;)Ljava/lang/Object;+6
j  org.gradle.internal.service.DefaultServiceRegistry$FactoryMethodService.invokeMethod([Ljava/lang/Object;)Ljava/lang/Object;+9
j  org.gradle.internal.service.DefaultServiceRegistry$FactoryService.create()Ljava/lang/Object;+7
j  org.gradle.internal.service.DefaultServiceRegistry$ManagedObjectServiceProvider.getInstance()Ljava/lang/Object;+24
J 1387 C1 org.gradle.internal.service.DefaultServiceRegistry$SingletonService.get()Ljava/lang/Object; (5 bytes) @ 0x0000000002b89174 [0x0000000002b89080+0xf4]
j  org.gradle.internal.service.DefaultServiceRegistry$FactoryService.assembleParameters()[Ljava/lang/Object;+44
j  org.gradle.internal.service.DefaultServiceRegistry$FactoryService.create()Ljava/lang/Object;+1
j  org.gradle.internal.service.DefaultServiceRegistry$ManagedObjectServiceProvider.getInstance()Ljava/lang/Object;+24
J 1387 C1 org.gradle.internal.service.DefaultServiceRegistry$SingletonService.get()Ljava/lang/Object; (5 bytes) @ 0x0000000002b89174 [0x0000000002b89080+0xf4]
j  org.gradle.internal.service.DefaultServiceRegistry$FactoryService.assembleParameters()[Ljava/lang/Object;+44
j  org.gradle.internal.service.DefaultServiceRegistry$FactoryService.create()Ljava/lang/Object;+1
j  org.gradle.internal.service.DefaultServiceRegistry$ManagedObjectServiceProvider.getInstance()Ljava/lang/Object;+24
J 1387 C1 org.gradle.internal.service.DefaultServiceRegistry$SingletonService.get()Ljava/lang/Object; (5 bytes) @ 0x0000000002b89174 [0x0000000002b89080+0xf4]
j  org.gradle.internal.service.DefaultServiceRegistry.find(Ljava/lang/reflect/Type;)Ljava/lang/Object;+22
j  org.gradle.internal.service.DefaultServiceRegistry.get(Ljava/lang/reflect/Type;)Ljava/lang/Object;+2
j  org.gradle.internal.service.DefaultServiceRegistry.get(Ljava/lang/Class;)Ljava/lang/Object;+3
j  org.gradle.initialization.DefaultGradleLauncherFactory.doNewInstance(Lorg/gradle/api/internal/BuildDefinition;Lorg/gradle/internal/build/BuildState;Lorg/gradle/initialization/GradleLauncher;Lorg/gradle/internal/service/scopes/BuildTreeScopeServices;Ljava/util/List;)Lorg/gradle/initialization/DefaultGradleLauncher;+227
j  org.gradle.initialization.DefaultGradleLauncherFactory.newInstance(Lorg/gradle/api/internal/BuildDefinition;Lorg/gradle/internal/build/RootBuildState;Lorg/gradle/internal/service/scopes/BuildTreeScopeServices;)Lorg/gradle/initialization/GradleLauncher;+33
j  org.gradle.composite.internal.DefaultRootBuildState.<init>(Lorg/gradle/api/internal/BuildDefinition;Lorg/gradle/initialization/GradleLauncherFactory;Lorg/gradle/internal/event/ListenerManager;Lorg/gradle/internal/service/scopes/BuildTreeScopeServices;)V+15
j  org.gradle.composite.internal.DefaultIncludedBuildRegistry.createRootBuild(Lorg/gradle/api/internal/BuildDefinition;)Lorg/gradle/internal/build/RootBuildState;+35
j  org.gradle.launcher.exec.InProcessBuildActionExecuter.execute(Lorg/gradle/internal/invocation/BuildAction;Lorg/gradle/initialization/BuildRequestContext;Lorg/gradle/launcher/exec/BuildActionParameters;Lorg/gradle/internal/service/ServiceRegistry;)Lorg/gradle/launcher/exec/BuildActionResult;+61
j  org.gradle.launcher.exec.InProcessBuildActionExecuter.execute(Lorg/gradle/internal/invocation/BuildAction;Lorg/gradle/initialization/BuildRequestContext;Ljava/lang/Object;Lorg/gradle/internal/service/ServiceRegistry;)Lorg/gradle/launcher/exec/BuildActionResult;+9
j  org.gradle.launcher.exec.BuildTreeScopeBuildActionExecuter.execute(Lorg/gradle/internal/invocation/BuildAction;Lorg/gradle/initialization/BuildRequestContext;Lorg/gradle/launcher/exec/BuildActionParameters;Lorg/gradle/internal/service/ServiceRegistry;)Lorg/gradle/launcher/exec/BuildActionResult;+38
j  org.gradle.launcher.exec.BuildTreeScopeBuildActionExecuter.execute(Lorg/gradle/internal/invocation/BuildAction;Lorg/gradle/initialization/BuildRequestContext;Ljava/lang/Object;Lorg/gradle/internal/service/ServiceRegistry;)Lorg/gradle/launcher/exec/BuildActionResult;+9
j  org.gradle.tooling.internal.provider.ContinuousBuildActionExecuter.execute(Lorg/gradle/internal/invocation/BuildAction;Lorg/gradle/initialization/BuildRequestContext;Lorg/gradle/launcher/exec/BuildActionParameters;Lorg/gradle/internal/service/ServiceRegistry;)Lorg/gradle/launcher/exec/BuildActionResult;+58
j  org.gradle.tooling.internal.provider.ContinuousBuildActionExecuter.execute(Lorg/gradle/internal/invocation/BuildAction;Lorg/gradle/initialization/BuildRequestContext;Ljava/lang/Object;Lorg/gradle/internal/service/ServiceRegistry;)Lorg/gradle/launcher/exec/BuildActionResult;+9
j  org.gradle.tooling.internal.provider.SubscribableBuildActionExecuter.execute(Lorg/gradle/internal/invocation/BuildAction;Lorg/gradle/initialization/BuildRequestContext;Lorg/gradle/launcher/exec/BuildActionParameters;Lorg/gradle/internal/service/ServiceRegistry;)Lorg/gradle/launcher/exec/BuildActionResult;+45
j  org.gradle.tooling.internal.provider.SubscribableBuildActionExecuter.execute(Lorg/gradle/internal/invocation/BuildAction;Lorg/gradle/initialization/BuildRequestContext;Ljava/lang/Object;Lorg/gradle/internal/service/ServiceRegistry;)Lorg/gradle/launcher/exec/BuildActionResult;+9
j  org.gradle.tooling.internal.provider.SessionScopeBuildActionExecuter.execute(Lorg/gradle/internal/invocation/BuildAction;Lorg/gradle/initialization/BuildRequestContext;Lorg/gradle/launcher/exec/BuildActionParameters;Lorg/gradle/internal/service/ServiceRegistry;)Lorg/gradle/launcher/exec/BuildActionResult;+117
j  org.gradle.tooling.internal.provider.SessionScopeBuildActionExecuter.execute(Lorg/gradle/internal/invocation/BuildAction;Lorg/gradle/initialization/BuildRequestContext;Ljava/lang/Object;Lorg/gradle/internal/service/ServiceRegistry;)Lorg/gradle/launcher/exec/BuildActionResult;+9
j  org.gradle.tooling.internal.provider.GradleThreadBuildActionExecuter.execute(Lorg/gradle/internal/invocation/BuildAction;Lorg/gradle/initialization/BuildRequestContext;Lorg/gradle/launcher/exec/BuildActionParameters;Lorg/gradle/internal/service/ServiceRegistry;)Lorg/gradle/launcher/exec/BuildActionResult;+12
j  org.gradle.tooling.internal.provider.GradleThreadBuildActionExecuter.execute(Lorg/gradle/internal/invocation/BuildAction;Lorg/gradle/initialization/BuildRequestContext;Ljava/lang/Object;Lorg/gradle/internal/service/ServiceRegistry;)Lorg/gradle/launcher/exec/BuildActionResult;+9
j  org.gradle.tooling.internal.provider.ParallelismConfigurationBuildActionExecuter.execute(Lorg/gradle/internal/invocation/BuildAction;Lorg/gradle/initialization/BuildRequestContext;Lorg/gradle/launcher/exec/BuildActionParameters;Lorg/gradle/internal/service/ServiceRegistry;)Lorg/gradle/launcher/exec/BuildActionResult;+43
j  org.gradle.tooling.internal.provider.ParallelismConfigurationBuildActionExecuter.execute(Lorg/gradle/internal/invocation/BuildAction;Lorg/gradle/initialization/BuildRequestContext;Ljava/lang/Object;Lorg/gradle/internal/service/ServiceRegistry;)Lorg/gradle/launcher/exec/BuildActionResult;+9
j  org.gradle.tooling.internal.provider.StartParamsValidatingActionExecuter.execute(Lorg/gradle/internal/invocation/BuildAction;Lorg/gradle/initialization/BuildRequestContext;Lorg/gradle/launcher/exec/BuildActionParameters;Lorg/gradle/internal/service/ServiceRegistry;)Lorg/gradle/launcher/exec/BuildActionResult;+177
j  org.gradle.tooling.internal.provider.StartParamsValidatingActionExecuter.execute(Lorg/gradle/internal/invocation/BuildAction;Lorg/gradle/initialization/BuildRequestContext;Ljava/lang/Object;Lorg/gradle/internal/service/ServiceRegistry;)Lorg/gradle/launcher/exec/BuildActionResult;+9
j  org.gradle.tooling.internal.provider.SessionFailureReportingActionExecuter.execute(Lorg/gradle/internal/invocation/BuildAction;Lorg/gradle/initialization/BuildRequestContext;Lorg/gradle/launcher/exec/BuildActionParameters;Lorg/gradle/internal/service/ServiceRegistry;)Lorg/gradle/launcher/exec/BuildActionResult;+9
j  org.gradle.tooling.internal.provider.SessionFailureReportingActionExecuter.execute(Lorg/gradle/internal/invocation/BuildAction;Lorg/gradle/initialization/BuildRequestContext;Ljava/lang/Object;Lorg/gradle/internal/service/ServiceRegistry;)Lorg/gradle/launcher/exec/BuildActionResult;+9
j  org.gradle.tooling.internal.provider.SetupLoggingActionExecuter.execute(Lorg/gradle/internal/invocation/BuildAction;Lorg/gradle/initialization/BuildRequestContext;Lorg/gradle/launcher/exec/BuildActionParameters;Lorg/gradle/internal/service/ServiceRegistry;)Lorg/gradle/launcher/exec/BuildActionResult;+52
j  org.gradle.tooling.internal.provider.SetupLoggingActionExecuter.execute(Lorg/gradle/internal/invocation/BuildAction;Lorg/gradle/initialization/BuildRequestContext;Ljava/lang/Object;Lorg/gradle/internal/service/ServiceRegistry;)Lorg/gradle/launcher/exec/BuildActionResult;+9
j  org.gradle.launcher.daemon.server.exec.ExecuteBuild.doBuild(Lorg/gradle/launcher/daemon/server/api/DaemonCommandExecution;Lorg/gradle/launcher/daemon/protocol/Build;)V+118
j  org.gradle.launcher.daemon.server.exec.BuildCommandOnly.execute(Lorg/gradle/launcher/daemon/server/api/DaemonCommandExecution;)V+49
j  org.gradle.launcher.daemon.server.api.DaemonCommandExecution.proceed()Z+28
j  org.gradle.launcher.daemon.server.exec.WatchForDisconnection.execute(Lorg/gradle/launcher/daemon/server/api/DaemonCommandExecution;)V+19
j  org.gradle.launcher.daemon.server.api.DaemonCommandExecution.proceed()Z+28
j  org.gradle.launcher.daemon.server.exec.ResetDeprecationLogger.execute(Lorg/gradle/launcher/daemon/server/api/DaemonCommandExecution;)V+4
j  org.gradle.launcher.daemon.server.api.DaemonCommandExecution.proceed()Z+28
j  org.gradle.launcher.daemon.server.exec.RequestStopIfSingleUsedDaemon.execute(Lorg/gradle/launcher/daemon/server/api/DaemonCommandExecution;)V+33
j  org.gradle.launcher.daemon.server.api.DaemonCommandExecution.proceed()Z+28
j  org.gradle.launcher.daemon.server.exec.ForwardClientInput$2.call()Ljava/lang/Void;+4
j  org.gradle.launcher.daemon.server.exec.ForwardClientInput$2.call()Ljava/lang/Object;+1
j  org.gradle.util.Swapper.swap(Ljava/lang/Object;Ljava/util/concurrent/Callable;)Ljava/lang/Object;+21
j  org.gradle.launcher.daemon.server.exec.ForwardClientInput.execute(Lorg/gradle/launcher/daemon/server/api/DaemonCommandExecution;)V+63
j  org.gradle.launcher.daemon.server.api.DaemonCommandExecution.proceed()Z+28
j  org.gradle.launcher.daemon.server.exec.LogAndCheckHealth.execute(Lorg/gradle/launcher/daemon/server/api/DaemonCommandExecution;)V+28
j  org.gradle.launcher.daemon.server.api.DaemonCommandExecution.proceed()Z+28
j  org.gradle.launcher.daemon.server.exec.LogToClient.doBuild(Lorg/gradle/launcher/daemon/server/api/DaemonCommandExecution;Lorg/gradle/launcher/daemon/protocol/Build;)V+87
j  org.gradle.launcher.daemon.server.exec.BuildCommandOnly.execute(Lorg/gradle/launcher/daemon/server/api/DaemonCommandExecution;)V+49
j  org.gradle.launcher.daemon.server.api.DaemonCommandExecution.proceed()Z+28
j  org.gradle.launcher.daemon.server.exec.EstablishBuildEnvironment.doBuild(Lorg/gradle/launcher/daemon/server/api/DaemonCommandExecution;Lorg/gradle/launcher/daemon/protocol/Build;)V+351
j  org.gradle.launcher.daemon.server.exec.BuildCommandOnly.execute(Lorg/gradle/launcher/daemon/server/api/DaemonCommandExecution;)V+49
j  org.gradle.launcher.daemon.server.api.DaemonCommandExecution.proceed()Z+28
j  org.gradle.launcher.daemon.server.exec.StartBuildOrRespondWithBusy$1.run()V+44
j  org.gradle.launcher.daemon.server.DaemonStateCoordinator$1.run()V+4
j  org.gradle.internal.concurrent.ExecutorPolicy$CatchAndRecordFailures.onExecute(Ljava/lang/Runnable;)V+1
j  org.gradle.internal.concurrent.ManagedExecutorImpl$1.run()V+25
j  java.util.concurrent.ThreadPoolExecutor.runWorker(Ljava/util/concurrent/ThreadPoolExecutor$Worker;)V+95
j  java.util.concurrent.ThreadPoolExecutor$Worker.run()V+5
j  org.gradle.internal.concurrent.ThreadFactoryImpl$ManagedThreadRunnable.run()V+7
j  java.lang.Thread.run()V+11
v  ~StubRoutines::call_stub

---------------  P R O C E S S  ---------------

Java Threads: ( => current thread )
  0x0000000018724000 JavaThread "Cache worker for journal cache (C:\Users\abc\.gradle\caches\journal-1)" [_thread_blocked, id=10224, stack(0x000000001a460000,0x000000001a560000)]
  0x0000000018723800 JavaThread "File lock request listener" [_thread_in_native, id=9396, stack(0x000000001a160000,0x000000001a260000)]
  0x0000000018763000 JavaThread "Cache worker for file hash cache (C:\Users\abc\.gradle\caches\5.4.1\fileHashes)" [_thread_blocked, id=3144, stack(0x000000001a060000,0x000000001a160000)]
  0x00000000179a4800 JavaThread "Thread-9" [_thread_blocked, id=9812, stack(0x0000000019f60000,0x000000001a060000)]
  0x00000000179a3800 JavaThread "Stdin handler" [_thread_blocked, id=2912, stack(0x0000000019e60000,0x0000000019f60000)]
  0x00000000179a2800 JavaThread "Asynchronous log dispatcher for DefaultDaemonConnection: socket connection from /127.0.0.1:56095 to /127.0.0.1:56096" [_thread_blocked, id=7368, stack(0x0000000019d60000,0x0000000019e60000)]
=>0x0000000017e46800 JavaThread "Daemon worker" [_thread_in_vm, id=8732, stack(0x0000000019c60000,0x0000000019d60000)]
  0x0000000017e45000 JavaThread "Cancel handler" [_thread_blocked, id=972, stack(0x0000000019b60000,0x0000000019c60000)]
  0x0000000018046000 JavaThread "Handler for socket connection from /127.0.0.1:56095 to /127.0.0.1:56096" [_thread_in_native, id=9296, stack(0x0000000019860000,0x0000000019960000)]
  0x0000000018169000 JavaThread "Daemon" [_thread_blocked, id=9912, stack(0x0000000019760000,0x0000000019860000)]
  0x0000000017db9000 JavaThread "Daemon periodic checks" [_thread_blocked, id=5696, stack(0x0000000019660000,0x0000000019760000)]
  0x0000000018134000 JavaThread "Incoming local TCP Connector on port 56095" [_thread_in_native, id=3664, stack(0x0000000019420000,0x0000000019520000)]
  0x00000000182db000 JavaThread "Daemon health stats" [_thread_blocked, id=2360, stack(0x0000000018de0000,0x0000000018ee0000)]
  0x0000000015dfc000 JavaThread "Service Thread" daemon [_thread_blocked, id=5264, stack(0x0000000017010000,0x0000000017110000)]
  0x0000000015df3800 JavaThread "C1 CompilerThread1" daemon [_thread_blocked, id=3320, stack(0x0000000016f10000,0x0000000017010000)]
  0x0000000015df0800 JavaThread "C2 CompilerThread0" daemon [_thread_in_native, id=9532, stack(0x0000000016e10000,0x0000000016f10000)]
  0x0000000015dee800 JavaThread "Attach Listener" daemon [_thread_blocked, id=2280, stack(0x0000000016d10000,0x0000000016e10000)]
  0x00000000025ee800 JavaThread "Signal Dispatcher" daemon [_thread_blocked, id=8144, stack(0x0000000016c10000,0x0000000016d10000)]
  0x00000000025e7800 JavaThread "Finalizer" daemon [_thread_blocked, id=5936, stack(0x0000000016a20000,0x0000000016b20000)]
  0x0000000015dd7000 JavaThread "Reference Handler" daemon [_thread_blocked, id=3964, stack(0x0000000016920000,0x0000000016a20000)]
  0x000000000267d800 JavaThread "main" [_thread_blocked, id=5052, stack(0x0000000000c10000,0x0000000000d10000)]

Other Threads:
  0x0000000015db5000 VMThread [stack: 0x0000000016820000,0x0000000016920000] [id=4924]
  0x0000000015dfd000 WatcherThread [stack: 0x0000000017110000,0x0000000017210000] [id=5700]

VM state:not at safepoint (normal execution)

VM Mutex/Monitor currently owned by a thread: None

heap address: 0x00000000a0000000, size: 1536 MB, Compressed Oops mode: 32-bit
Narrow klass base: 0x0000000000000000, Narrow klass shift: 3
Compressed class space size: 1073741824 Address: 0x0000000100000000

Heap:
 PSYoungGen      total 21504K, used 12790K [0x00000000e0000000, 0x00000000e2900000, 0x0000000100000000)
  eden space 15872K, 58% used [0x00000000e0000000,0x00000000e090d600,0x00000000e0f80000)
  from space 5632K, 62% used [0x00000000e0f80000,0x00000000e12f0548,0x00000000e1500000)
  to   space 5120K, 0% used [0x00000000e2400000,0x00000000e2400000,0x00000000e2900000)
 ParOldGen       total 44032K, used 5368K [0x00000000a0000000, 0x00000000a2b00000, 0x00000000e0000000)
  object space 44032K, 12% used [0x00000000a0000000,0x00000000a053e0f8,0x00000000a2b00000)
 Metaspace       used 15461K, capacity 15876K, committed 16000K, reserved 1062912K
  class space    used 2194K, capacity 2360K, committed 2432K, reserved 1048576K

Card table byte_map: [0x0000000011a80000,0x0000000011d90000] byte_map_base: 0x0000000011580000

Marking Bits: (ParMarkBitMap*) 0x0000000062dd9f30
 Begin Bits: [0x0000000012190000, 0x0000000013990000)
 End Bits:   [0x0000000013990000, 0x0000000015190000)

Polling page: 0x00000000008a0000

CodeCache: size=245760Kb used=5142Kb max_used=5142Kb free=240618Kb
 bounds [0x00000000026c0000, 0x0000000002bd0000, 0x00000000116c0000]
 total_blobs=1869 nmethods=1481 adapters=302
 compilation: enabled

Compilation events (10 events):
Event: 6.953 Thread 0x0000000015df3800 1483       1       java.nio.Buffer::capacity (5 bytes)
Event: 6.953 Thread 0x0000000015df3800 nmethod 1483 0x0000000002bc4b90 code [0x0000000002bc4ce0, 0x0000000002bc4df0]
Event: 6.955 Thread 0x0000000015df3800 1484 %     3       com.google.common.io.LineBuffer::add @ 47 (204 bytes)
Event: 6.956 Thread 0x0000000015df3800 nmethod 1484% 0x0000000002bc4e50 code [0x0000000002bc5060, 0x0000000002bc5b38]
Event: 6.956 Thread 0x0000000015df3800 1485       3       com.google.common.io.LineBuffer::add (204 bytes)
Event: 6.958 Thread 0x0000000015df3800 nmethod 1485 0x0000000002bc6050 code [0x0000000002bc6240, 0x0000000002bc6b98]
Event: 6.960 Thread 0x0000000015df3800 1487       3       com.google.common.collect.Hashing::smear (19 bytes)
Event: 6.961 Thread 0x0000000015df3800 nmethod 1487 0x0000000002bc7050 code [0x0000000002bc71a0, 0x0000000002bc7370]
Event: 6.961 Thread 0x0000000015df3800 1488   !   3       org.gradle.internal.service.DefaultServiceRegistry$ManagedObjectServiceProvider::getInstance (81 bytes)
Event: 6.962 Thread 0x0000000015df3800 nmethod 1488 0x0000000002bc7410 code [0x0000000002bc7580, 0x0000000002bc79e8]

GC Heap History (10 events):
Event: 2.911 GC heap before
{Heap before GC invocations=3 (full 0):
 PSYoungGen      total 18944K, used 18934K [0x00000000e0000000, 0x00000000e1500000, 0x0000000100000000)
  eden space 16384K, 100% used [0x00000000e0000000,0x00000000e1000000,0x00000000e1000000)
  from space 2560K, 99% used [0x00000000e1280000,0x00000000e14fd960,0x00000000e1500000)
  to   space 2560K, 0% used [0x00000000e1000000,0x00000000e1000000,0x00000000e1280000)
 ParOldGen       total 44032K, used 282K [0x00000000a0000000, 0x00000000a2b00000, 0x00000000e0000000)
  object space 44032K, 0% used [0x00000000a0000000,0x00000000a00468d8,0x00000000a2b00000)
 Metaspace       used 6853K, capacity 7132K, committed 7424K, reserved 1056768K
  class space    used 840K, capacity 916K, committed 1024K, reserved 1048576K
Event: 2.918 GC heap after
Heap after GC invocations=3 (full 0):
 PSYoungGen      total 18944K, used 2532K [0x00000000e0000000, 0x00000000e1500000, 0x0000000100000000)
  eden space 16384K, 0% used [0x00000000e0000000,0x00000000e0000000,0x00000000e1000000)
  from space 2560K, 98% used [0x00000000e1000000,0x00000000e1279390,0x00000000e1280000)
  to   space 2560K, 0% used [0x00000000e1280000,0x00000000e1280000,0x00000000e1500000)
 ParOldGen       total 44032K, used 539K [0x00000000a0000000, 0x00000000a2b00000, 0x00000000e0000000)
  object space 44032K, 1% used [0x00000000a0000000,0x00000000a0086c08,0x00000000a2b00000)
 Metaspace       used 6853K, capacity 7132K, committed 7424K, reserved 1056768K
  class space    used 840K, capacity 916K, committed 1024K, reserved 1048576K
}
Event: 3.455 GC heap before
{Heap before GC invocations=4 (full 0):
 PSYoungGen      total 18944K, used 18916K [0x00000000e0000000, 0x00000000e1500000, 0x0000000100000000)
  eden space 16384K, 100% used [0x00000000e0000000,0x00000000e1000000,0x00000000e1000000)
  from space 2560K, 98% used [0x00000000e1000000,0x00000000e1279390,0x00000000e1280000)
  to   space 2560K, 0% used [0x00000000e1280000,0x00000000e1280000,0x00000000e1500000)
 ParOldGen       total 44032K, used 539K [0x00000000a0000000, 0x00000000a2b00000, 0x00000000e0000000)
  object space 44032K, 1% used [0x00000000a0000000,0x00000000a0086c08,0x00000000a2b00000)
 Metaspace       used 8986K, capacity 9258K, committed 9472K, reserved 1056768K
  class space    used 1169K, capacity 1259K, committed 1280K, reserved 1048576K
Event: 3.468 GC heap after
Heap after GC invocations=4 (full 0):
 PSYoungGen      total 18944K, used 2528K [0x00000000e0000000, 0x00000000e2500000, 0x0000000100000000)
  eden space 16384K, 0% used [0x00000000e0000000,0x00000000e0000000,0x00000000e1000000)
  from space 2560K, 98% used [0x00000000e1280000,0x00000000e14f8040,0x00000000e1500000)
  to   space 2560K, 0% used [0x00000000e1000000,0x00000000e1000000,0x00000000e1280000)
 ParOldGen       total 44032K, used 1955K [0x00000000a0000000, 0x00000000a2b00000, 0x00000000e0000000)
  object space 44032K, 4% used [0x00000000a0000000,0x00000000a01e8f48,0x00000000a2b00000)
 Metaspace       used 8986K, capacity 9258K, committed 9472K, reserved 1056768K
  class space    used 1169K, capacity 1259K, committed 1280K, reserved 1048576K
}
Event: 5.677 GC heap before
{Heap before GC invocations=5 (full 0):
 PSYoungGen      total 18944K, used 18912K [0x00000000e0000000, 0x00000000e2500000, 0x0000000100000000)
  eden space 16384K, 100% used [0x00000000e0000000,0x00000000e1000000,0x00000000e1000000)
  from space 2560K, 98% used [0x00000000e1280000,0x00000000e14f8040,0x00000000e1500000)
  to   space 2560K, 0% used [0x00000000e1000000,0x00000000e1000000,0x00000000e1280000)
 ParOldGen       total 44032K, used 1955K [0x00000000a0000000, 0x00000000a2b00000, 0x00000000e0000000)
  object space 44032K, 4% used [0x00000000a0000000,0x00000000a01e8f48,0x00000000a2b00000)
 Metaspace       used 12303K, capacity 12654K, committed 12800K, reserved 1060864K
  class space    used 1660K, capacity 1771K, committed 1792K, reserved 1048576K
Event: 5.689 GC heap after
Heap after GC invocations=5 (full 0):
 PSYoungGen      total 18944K, used 2544K [0x00000000e0000000, 0x00000000e1a00000, 0x0000000100000000)
  eden space 16384K, 0% used [0x00000000e0000000,0x00000000e0000000,0x00000000e1000000)
  from space 2560K, 99% used [0x00000000e1000000,0x00000000e127c030,0x00000000e1280000)
  to   space 5120K, 0% used [0x00000000e1500000,0x00000000e1500000,0x00000000e1a00000)
 ParOldGen       total 44032K, used 4347K [0x00000000a0000000, 0x00000000a2b00000, 0x00000000e0000000)
  object space 44032K, 9% used [0x00000000a0000000,0x00000000a043eca0,0x00000000a2b00000)
 Metaspace       used 12303K, capacity 12654K, committed 12800K, reserved 1060864K
  class space    used 1660K, capacity 1771K, committed 1792K, reserved 1048576K
}
Event: 6.077 GC heap before
{Heap before GC invocations=6 (full 0):
 PSYoungGen      total 18944K, used 18928K [0x00000000e0000000, 0x00000000e1a00000, 0x0000000100000000)
  eden space 16384K, 100% used [0x00000000e0000000,0x00000000e1000000,0x00000000e1000000)
  from space 2560K, 99% used [0x00000000e1000000,0x00000000e127c030,0x00000000e1280000)
  to   space 5120K, 0% used [0x00000000e1500000,0x00000000e1500000,0x00000000e1a00000)
 ParOldGen       total 44032K, used 4347K [0x00000000a0000000, 0x00000000a2b00000, 0x00000000e0000000)
  object space 44032K, 9% used [0x00000000a0000000,0x00000000a043eca0,0x00000000a2b00000)
 Metaspace       used 13555K, capacity 13972K, committed 14080K, reserved 1060864K
  class space    used 1862K, capacity 1998K, committed 2048K, reserved 1048576K
Event: 6.093 GC heap after
Heap after GC invocations=6 (full 0):
 PSYoungGen      total 20992K, used 4255K [0x00000000e0000000, 0x00000000e2b00000, 0x0000000100000000)
  eden space 15872K, 0% used [0x00000000e0000000,0x00000000e0000000,0x00000000e0f80000)
  from space 5120K, 83% used [0x00000000e1500000,0x00000000e1927dc8,0x00000000e1a00000)
  to   space 5632K, 0% used [0x00000000e0f80000,0x00000000e0f80000,0x00000000e1500000)
 ParOldGen       total 44032K, used 4347K [0x00000000a0000000, 0x00000000a2b00000, 0x00000000e0000000)
  object space 44032K, 9% used [0x00000000a0000000,0x00000000a043eca0,0x00000000a2b00000)
 Metaspace       used 13555K, capacity 13972K, committed 14080K, reserved 1060864K
  class space    used 1862K, capacity 1998K, committed 2048K, reserved 1048576K
}
Event: 6.585 GC heap before
{Heap before GC invocations=7 (full 0):
 PSYoungGen      total 20992K, used 20127K [0x00000000e0000000, 0x00000000e2b00000, 0x0000000100000000)
  eden space 15872K, 100% used [0x00000000e0000000,0x00000000e0f80000,0x00000000e0f80000)
  from space 5120K, 83% used [0x00000000e1500000,0x00000000e1927dc8,0x00000000e1a00000)
  to   space 5632K, 0% used [0x00000000e0f80000,0x00000000e0f80000,0x00000000e1500000)
 ParOldGen       total 44032K, used 4347K [0x00000000a0000000, 0x00000000a2b00000, 0x00000000e0000000)
  object space 44032K, 9% used [0x00000000a0000000,0x00000000a043eca0,0x00000000a2b00000)
 Metaspace       used 14521K, capacity 14936K, committed 15104K, reserved 1062912K
  class space    used 2046K, capacity 2192K, committed 2304K, reserved 1048576K
Event: 6.597 GC heap after
Heap after GC invocations=7 (full 0):
 PSYoungGen      total 21504K, used 3521K [0x00000000e0000000, 0x00000000e2900000, 0x0000000100000000)
  eden space 15872K, 0% used [0x00000000e0000000,0x00000000e0000000,0x00000000e0f80000)
  from space 5632K, 62% used [0x00000000e0f80000,0x00000000e12f0548,0x00000000e1500000)
  to   space 5120K, 0% used [0x00000000e2400000,0x00000000e2400000,0x00000000e2900000)
 ParOldGen       total 44032K, used 5368K [0x00000000a0000000, 0x00000000a2b00000, 0x00000000e0000000)
  object space 44032K, 12% used [0x00000000a0000000,0x00000000a053e0f8,0x00000000a2b00000)
 Metaspace       used 14521K, capacity 14936K, committed 15104K, reserved 1062912K
  class space    used 2046K, capacity 2192K, committed 2304K, reserved 1048576K
}

Deoptimization events (10 events):
Event: 5.213 Thread 0x0000000018046000 Uncommon trap: reason=unstable_if action=reinterpret pc=0x0000000002a87bac method=java.util.concurrent.ConcurrentHashMap.putVal(Ljava/lang/Object;Ljava/lang/Object;Z)Ljava/lang/Object; @ 206
Event: 5.489 Thread 0x0000000017e46800 Uncommon trap: reason=bimorphic action=maybe_recompile pc=0x0000000002959688 method=java.util.HashMap.putVal(ILjava/lang/Object;Ljava/lang/Object;ZZ)Ljava/lang/Object; @ 253
Event: 5.490 Thread 0x0000000017e46800 Uncommon trap: reason=bimorphic action=maybe_recompile pc=0x0000000002959688 method=java.util.HashMap.putVal(ILjava/lang/Object;Ljava/lang/Object;ZZ)Ljava/lang/Object; @ 253
Event: 5.490 Thread 0x0000000017e46800 Uncommon trap: reason=bimorphic action=maybe_recompile pc=0x0000000002959688 method=java.util.HashMap.putVal(ILjava/lang/Object;Ljava/lang/Object;ZZ)Ljava/lang/Object; @ 253
Event: 5.490 Thread 0x0000000017e46800 Uncommon trap: reason=bimorphic action=maybe_recompile pc=0x0000000002959688 method=java.util.HashMap.putVal(ILjava/lang/Object;Ljava/lang/Object;ZZ)Ljava/lang/Object; @ 253
Event: 5.998 Thread 0x0000000017e46800 Uncommon trap: reason=class_check action=maybe_recompile pc=0x0000000002993304 method=java.util.regex.Matcher.match(II)Z @ 86
Event: 6.030 Thread 0x0000000017e46800 Uncommon trap: reason=class_check action=maybe_recompile pc=0x0000000002993304 method=java.util.regex.Matcher.match(II)Z @ 86
Event: 6.031 Thread 0x0000000017e46800 Uncommon trap: reason=class_check action=maybe_recompile pc=0x0000000002993304 method=java.util.regex.Matcher.match(II)Z @ 86
Event: 6.031 Thread 0x0000000017e46800 Uncommon trap: reason=class_check action=maybe_recompile pc=0x000000000295d5e0 method=java.util.regex.Matcher.match(II)Z @ 86
Event: 6.814 Thread 0x0000000017e46800 Uncommon trap: reason=unstable_if action=reinterpret pc=0x0000000002a81db4 method=java.lang.String.lastIndexOf([CII[CIII)I @ 66

Classes redefined (0 events):
No events

Internal exceptions (10 events):
Event: 5.243 Thread 0x0000000018046000 Exception <a 'java/lang/NoSuchMethodError': <clinit>> (0x00000000e0875040) thrown at [D:\src\AOSP-openjdk-cygwin\jdk8u\hotspot\src\share\vm\prims\jni.cpp, line 1614]
Event: 5.264 Thread 0x0000000018046000 Exception <a 'java/lang/NoSuchMethodError': <clinit>> (0x00000000e08884a0) thrown at [D:\src\AOSP-openjdk-cygwin\jdk8u\hotspot\src\share\vm\prims\jni.cpp, line 1614]
Event: 5.285 Thread 0x0000000018046000 Exception <a 'java/lang/NoSuchMethodError': <clinit>> (0x00000000e08af948) thrown at [D:\src\AOSP-openjdk-cygwin\jdk8u\hotspot\src\share\vm\prims\jni.cpp, line 1614]
Event: 5.292 Thread 0x0000000018046000 Exception <a 'java/lang/NoSuchMethodError': <clinit>> (0x00000000e08c7968) thrown at [D:\src\AOSP-openjdk-cygwin\jdk8u\hotspot\src\share\vm\prims\jni.cpp, line 1614]
Event: 5.294 Thread 0x0000000018046000 Exception <a 'java/lang/NoSuchMethodError': <clinit>> (0x00000000e08d05f8) thrown at [D:\src\AOSP-openjdk-cygwin\jdk8u\hotspot\src\share\vm\prims\jni.cpp, line 1614]
Event: 5.299 Thread 0x0000000018046000 Exception <a 'java/lang/NoSuchMethodError': <clinit>> (0x00000000e08e6bc8) thrown at [D:\src\AOSP-openjdk-cygwin\jdk8u\hotspot\src\share\vm\prims\jni.cpp, line 1614]
Event: 5.321 Thread 0x0000000018046000 Exception <a 'java/lang/NoSuchMethodError': <clinit>> (0x00000000e0946c00) thrown at [D:\src\AOSP-openjdk-cygwin\jdk8u\hotspot\src\share\vm\prims\jni.cpp, line 1614]
Event: 5.359 Thread 0x0000000018046000 Exception <a 'java/lang/NoSuchMethodError': <clinit>> (0x00000000e0973aa8) thrown at [D:\src\AOSP-openjdk-cygwin\jdk8u\hotspot\src\share\vm\prims\jni.cpp, line 1614]
Event: 5.379 Thread 0x0000000018046000 Exception <a 'java/lang/NoSuchMethodError': <clinit>> (0x00000000e09a1f38) thrown at [D:\src\AOSP-openjdk-cygwin\jdk8u\hotspot\src\share\vm\prims\jni.cpp, line 1614]
Event: 5.381 Thread 0x0000000018046000 Exception <a 'java/lang/NoSuchMethodError': <clinit>> (0x00000000e09ad238) thrown at [D:\src\AOSP-openjdk-cygwin\jdk8u\hotspot\src\share\vm\prims\jni.cpp, line 1614]

Events (10 events):
Event: 6.970 loading class org/codehaus/groovy/control/MultipleCompilationErrorsException
Event: 6.970 loading class org/codehaus/groovy/control/MultipleCompilationErrorsException done
Event: 6.970 loading class org/codehaus/groovy/control/CompilationFailedException
Event: 6.970 loading class org/codehaus/groovy/control/CompilationFailedException done
Event: 6.978 loading class groovy/lang/GroovyRuntimeException
Event: 6.978 loading class groovy/lang/GroovyRuntimeException done
Event: 6.979 loading class org/gradle/groovy/scripts/ScriptCompilationException
Event: 6.979 loading class org/gradle/groovy/scripts/ScriptCompilationException done
Event: 6.979 loading class org/gradle/api/GradleScriptException
Event: 6.979 loading class org/gradle/api/GradleScriptException done


Dynamic libraries:
0x00007ff69d9b0000 - 0x00007ff69d9e1000 	F:\Android\Androidstudio\jre\bin\java.exe
0x00007ffab8b90000 - 0x00007ffab8d71000 	C:\WINDOWS\SYSTEM32\ntdll.dll
0x00007ffab66b0000 - 0x00007ffab6762000 	C:\WINDOWS\System32\KERNEL32.DLL
0x00007ffab5b30000 - 0x00007ffab5da3000 	C:\WINDOWS\System32\KERNELBASE.dll
0x00007ffab8a40000 - 0x00007ffab8ae1000 	C:\WINDOWS\System32\ADVAPI32.dll
0x00007ffab6770000 - 0x00007ffab680e000 	C:\WINDOWS\System32\msvcrt.dll
0x00007ffab89c0000 - 0x00007ffab8a1b000 	C:\WINDOWS\System32\sechost.dll
0x00007ffab6e90000 - 0x00007ffab6fb4000 	C:\WINDOWS\System32\RPCRT4.dll
0x00007ffab6fc0000 - 0x00007ffab7150000 	C:\WINDOWS\System32\USER32.dll
0x00007ffab5b10000 - 0x00007ffab5b30000 	C:\WINDOWS\System32\win32u.dll
0x00007ffab6620000 - 0x00007ffab6648000 	C:\WINDOWS\System32\GDI32.dll
0x00007ffab5810000 - 0x00007ffab59a2000 	C:\WINDOWS\System32\gdi32full.dll
0x00007ffab4f60000 - 0x00007ffab4fff000 	C:\WINDOWS\System32\msvcp_win.dll
0x00007ffab5a10000 - 0x00007ffab5b08000 	C:\WINDOWS\System32\ucrtbase.dll
0x00007ffaa1470000 - 0x00007ffaa16d9000 	C:\WINDOWS\WinSxS\amd64_microsoft.windows.common-controls_6595b64144ccf1df_6.0.17134.648_none_fb45a0e93062a6d2\COMCTL32.dll
0x00007ffab6960000 - 0x00007ffab6c82000 	C:\WINDOWS\System32\combase.dll
0x00007ffab5fa0000 - 0x00007ffab601a000 	C:\WINDOWS\System32\bcryptPrimitives.dll
0x00007ffab8990000 - 0x00007ffab89bd000 	C:\WINDOWS\System32\IMM32.DLL
0x0000000062530000 - 0x0000000062602000 	F:\Android\Androidstudio\jre\jre\bin\msvcr100.dll
0x0000000062610000 - 0x0000000062e56000 	F:\Android\Androidstudio\jre\jre\bin\server\jvm.dll
0x00007ffab6950000 - 0x00007ffab6958000 	C:\WINDOWS\System32\PSAPI.DLL
0x00007ffaaba30000 - 0x00007ffaaba39000 	C:\WINDOWS\SYSTEM32\WSOCK32.dll
0x00007ffab3130000 - 0x00007ffab3153000 	C:\WINDOWS\SYSTEM32\WINMM.dll
0x00007ffab6810000 - 0x00007ffab687c000 	C:\WINDOWS\System32\WS2_32.dll
0x00007ffaa7430000 - 0x00007ffaa743a000 	C:\WINDOWS\SYSTEM32\VERSION.dll
0x00007ffab3100000 - 0x00007ffab312a000 	C:\WINDOWS\SYSTEM32\WINMMBASE.dll
0x00007ffab57c0000 - 0x00007ffab5809000 	C:\WINDOWS\System32\cfgmgr32.dll
0x00007ffaabde0000 - 0x00007ffaabdef000 	F:\Android\Androidstudio\jre\jre\bin\verify.dll
0x00007ffaabdb0000 - 0x00007ffaabdd9000 	F:\Android\Androidstudio\jre\jre\bin\java.dll
0x00007ffaab510000 - 0x00007ffaab526000 	F:\Android\Androidstudio\jre\jre\bin\zip.dll
0x00007ffab7150000 - 0x00007ffab8590000 	C:\WINDOWS\System32\SHELL32.dll
0x00007ffab6c90000 - 0x00007ffab6d39000 	C:\WINDOWS\System32\shcore.dll
0x00007ffab5000000 - 0x00007ffab570d000 	C:\WINDOWS\System32\windows.storage.dll
0x00007ffab6d40000 - 0x00007ffab6d91000 	C:\WINDOWS\System32\shlwapi.dll
0x00007ffab4ec0000 - 0x00007ffab4ed1000 	C:\WINDOWS\System32\kernel.appcore.dll
0x00007ffab4ee0000 - 0x00007ffab4eff000 	C:\WINDOWS\System32\profapi.dll
0x00007ffab4f10000 - 0x00007ffab4f5c000 	C:\WINDOWS\System32\powrprof.dll
0x00007ffab4f00000 - 0x00007ffab4f0a000 	C:\WINDOWS\System32\FLTLIB.DLL
0x00007ffaa8bf0000 - 0x00007ffaa8c0a000 	F:\Android\Androidstudio\jre\jre\bin\net.dll
0x00007ffab4720000 - 0x00007ffab4786000 	C:\WINDOWS\system32\mswsock.dll
0x00007ffaa8c10000 - 0x00007ffaa8c21000 	F:\Android\Androidstudio\jre\jre\bin\nio.dll
0x00007ffaadcc0000 - 0x00007ffaadce6000 	C:\Users\abc\.gradle\native\29\windows-amd64\native-platform.dll
0x00007ffab1840000 - 0x00007ffab184d000 	F:\Android\Androidstudio\jre\jre\bin\management.dll
0x00007ffab48d0000 - 0x00007ffab48e7000 	C:\WINDOWS\SYSTEM32\CRYPTSP.dll
0x00007ffab4300000 - 0x00007ffab4333000 	C:\WINDOWS\system32\rsaenh.dll
0x00007ffab4a20000 - 0x00007ffab4a45000 	C:\WINDOWS\SYSTEM32\bcrypt.dll
0x00007ffab4da0000 - 0x00007ffab4dc8000 	C:\WINDOWS\SYSTEM32\USERENV.dll
0x00007ffab48f0000 - 0x00007ffab48fb000 	C:\WINDOWS\SYSTEM32\CRYPTBASE.dll
0x00007ffab44a0000 - 0x00007ffab44d8000 	C:\WINDOWS\SYSTEM32\IPHLPAPI.DLL
0x00007ffab61c0000 - 0x00007ffab61c8000 	C:\WINDOWS\System32\NSI.dll
0x00007ffaacf10000 - 0x00007ffaacf26000 	C:\WINDOWS\SYSTEM32\dhcpcsvc6.DLL
0x00007ffaaca10000 - 0x00007ffaaca2a000 	C:\WINDOWS\SYSTEM32\dhcpcsvc.DLL

VM Arguments:
jvm_args: -Xmx1536m -Dfile.encoding=windows-1252 -Duser.country=US -Duser.language=en -Duser.variant 
java_command: org.gradle.launcher.daemon.bootstrap.GradleDaemon 5.4.1
java_class_path (initial): C:\Users\abc\.gradle\wrapper\dists\gradle-5.4.1-all\3221gyojl5jsh0helicew7rwx\gradle-5.4.1\lib\gradle-launcher-5.4.1.jar
Launcher Type: SUN_STANDARD

Environment Variables:
CLASSPATH=.;.;C:\PROGRA~2\JMF21~1.1E\lib\sound.jar;C:\PROGRA~2\JMF21~1.1E\lib\jmf.jar;C:\PROGRA~2\JMF21~1.1E\lib;
PATH=C:\WINDOWS\system32;C:\WINDOWS;C:\WINDOWS\System32\Wbem;C:\WINDOWS\System32\WindowsPowerShell\v1.0\;C:\WINDOWS\System32\OpenSSH\;C:\Program Files\Java\jdk1.8.0_161\bin;C:\Program Files\Microsoft VS Code\bin;C:\Users\abc\AppData\Local\Microsoft\WindowsApps;
USERNAME=abc
OS=Windows_NT
PROCESSOR_IDENTIFIER=Intel64 Family 6 Model 58 Stepping 9, GenuineIntel



---------------  S Y S T E M  ---------------

OS: Windows 10.0 , 64 bit Build 17134 (10.0.17134.648)

CPU:total 2 (initial active 2) (2 cores per cpu, 1 threads per core) family 6 model 58 stepping 9, cmov, cx8, fxsr, mmx, sse, sse2, sse3, ssse3, sse4.1, sse4.2, popcnt, clmul, erms, tsc, tscinvbit, tscinv

Memory: 4k page, physical 4077284k(829592k free), swap 4691684k(2068k free)

vm_info: OpenJDK 64-Bit Server VM (25.202-b03) for windows-amd64 JRE (1.8.0_202-release-1483-b03), built by "builder" with MS VC++ 10.0 (VS2010)

time: Mon Dec 09 13:59:23 2019
timezone: Pacific Standard Time
elapsed time: 7 seconds (0d 0h 0m 7s)

