#
# There is insufficient memory for the Java Runtime Environment to continue.
# Native memory allocation (malloc) failed to allocate 1402576 bytes for Chunk::new
# Possible reasons:
#   The system is out of physical RAM or swap space
#   The process is running with CompressedOops enabled, and the Java Heap may be blocking the growth of the native heap
# Possible solutions:
#   Reduce memory load on the system
#   Increase physical memory or swap space
#   Check if swap backing store is full
#   Decrease Java heap size (-Xmx/-Xms)
#   Decrease number of Java threads
#   Decrease Java thread stack sizes (-Xss)
#   Set larger code cache with -XX:ReservedCodeCacheSize=
#   JVM is running with Unscaled Compressed Oops mode in which the Java heap is
#     placed in the first 4GB address space. The Java Heap base address is the
#     maximum limit for the native heap growth. Please use -XX:HeapBaseMinAddress
#     to set the Java Heap base and to place the Java Heap above 4GB virtual address.
# This output file may be truncated or incomplete.
#
#  Out of Memory Error (allocation.cpp:389), pid=9844, tid=0x000000000000245c
#
# JRE version: OpenJDK Runtime Environment (8.0_202-b03) (build 1.8.0_202-release-1483-b03)
# Java VM: OpenJDK 64-Bit Server VM (25.202-b03 mixed mode windows-amd64 compressed oops)
# Failed to write core dump. Minidumps are not enabled by default on client versions of Windows
#

---------------  T H R E A D  ---------------

Current thread (0x0000000015a03000):  JavaThread "C2 CompilerThread0" daemon [_thread_in_native, id=9308, stack(0x0000000016a30000,0x0000000016b30000)]

Stack: [0x0000000016a30000,0x0000000016b30000]
[error occurred during error reporting (printing stack bounds), id 0xc0000005]

Native frames: (J=compiled Java code, j=interpreted, Vv=VM code, C=native code)


Current CompileTask:
C2:2134728 26089       4       com.android.tools.r8.ir.conversion.IRBuilder::build (835 bytes)


---------------  P R O C E S S  ---------------

Java Threads: ( => current thread )
  0x000000001a988800 JavaThread "ForkJoinPool.commonPool-worker-1" daemon [_thread_in_Java, id=8440, stack(0x0000000027250000,0x0000000027350000)]
  0x000000001a982800 JavaThread "ForkJoinPool.commonPool-worker-0" daemon [_thread_in_Java, id=9784, stack(0x0000000027150000,0x0000000027250000)]
  0x000000001a97a000 JavaThread "Cache worker for Java compile cache (F:\Android projects (My code)\KabunaStateGovernment\.gradle\5.4.1\javaCompile)" [_thread_blocked, id=7752, stack(0x0000000027050000,0x0000000027150000)]
  0x000000001a981000 JavaThread "Cache worker for Java compile cache (C:\Users\abc\.gradle\caches\5.4.1\javaCompile)" [_thread_blocked, id=1052, stack(0x0000000026f50000,0x0000000027050000)]
  0x000000001a985800 JavaThread "stdout" daemon [_thread_in_native, id=9788, stack(0x0000000026e50000,0x0000000026f50000)]
  0x000000001a986000 JavaThread "stderr" daemon [_thread_in_native, id=3700, stack(0x0000000026d50000,0x0000000026e50000)]
  0x000000001a987000 JavaThread "stdout" daemon [_thread_in_native, id=7020, stack(0x0000000026c50000,0x0000000026d50000)]
  0x000000001a97e000 JavaThread "stderr" daemon [_thread_in_native, id=6860, stack(0x0000000026b50000,0x0000000026c50000)]
  0x000000001a983000 JavaThread "pool-4-thread-1" [_thread_blocked, id=3324, stack(0x0000000026a50000,0x0000000026b50000)]
  0x000000001a984000 JavaThread "MarlinRenderer Disposer" daemon [_thread_blocked, id=1236, stack(0x0000000026850000,0x0000000026950000)]
  0x000000001a984800 JavaThread "Java2D Disposer" daemon [_thread_blocked, id=784, stack(0x0000000026750000,0x0000000026850000)]
  0x000000001a97b800 JavaThread "Cache worker for execution history cache (F:\Android projects (My code)\KabunaStateGovernment\.gradle\5.4.1\executionHistory)" [_thread_blocked, id=9724, stack(0x0000000025d50000,0x0000000025e50000)]
  0x000000001a980000 JavaThread "Execution worker for ':'" [_thread_blocked, id=728, stack(0x0000000025c50000,0x0000000025d50000)]
  0x000000001a97b000 JavaThread "Cache worker for file content cache (F:\Android projects (My code)\KabunaStateGovernment\.gradle\5.4.1\fileContent)" [_thread_blocked, id=356, stack(0x0000000025a50000,0x0000000025b50000)]
  0x000000001a97e800 JavaThread "Cache worker for file content cache (C:\Users\abc\.gradle\caches\5.4.1\fileContent)" [_thread_blocked, id=6944, stack(0x0000000025950000,0x0000000025a50000)]
  0x0000000015a48800 JavaThread "Cache worker for Build Output Cleanup Cache (F:\Android projects (My code)\KabunaStateGovernment\.gradle\buildOutputCleanup)" [_thread_blocked, id=7100, stack(0x0000000025850000,0x0000000025950000)]
  0x0000000015a47000 JavaThread "pool-3-thread-1" [_thread_blocked, id=8436, stack(0x0000000025750000,0x0000000025850000)]
  0x000000001ad01800 JavaThread "Build operations Thread 2" [_thread_blocked, id=1256, stack(0x0000000025650000,0x0000000025750000)]
  0x000000001ad00800 JavaThread "Build operations" [_thread_blocked, id=6532, stack(0x0000000025550000,0x0000000025650000)]
  0x000000001acff000 JavaThread "Cache worker for cache directory md-rule (C:\Users\abc\.gradle\caches\5.4.1\md-rule)" [_thread_blocked, id=3508, stack(0x0000000025450000,0x0000000025550000)]
  0x000000001acf4800 JavaThread "Cache worker for cache directory md-supplier (C:\Users\abc\.gradle\caches\5.4.1\md-supplier)" [_thread_blocked, id=2452, stack(0x0000000025350000,0x0000000025450000)]
  0x000000001acfd000 JavaThread "Cache worker for file hash cache (F:\Android projects (My code)\KabunaStateGovernment\.gradle\5.4.1\fileHashes)" [_thread_blocked, id=7124, stack(0x0000000025250000,0x0000000025350000)]
  0x000000001acfe800 JavaThread "Thread-28" [_thread_blocked, id=7224, stack(0x0000000025150000,0x0000000025250000)]
  0x000000001ad00000 JavaThread "Asynchronous log dispatcher for DefaultDaemonConnection: socket connection from /127.0.0.1:49824 to /127.0.0.1:62735" [_thread_blocked, id=8048, stack(0x0000000024f50000,0x0000000025050000)]
  0x000000001acf4000 JavaThread "Daemon worker Thread 2" [_thread_blocked, id=6068, stack(0x0000000024e50000,0x0000000024f50000)]
  0x000000001acf7800 JavaThread "Cancel handler" [_thread_blocked, id=8068, stack(0x0000000024d50000,0x0000000024e50000)]
  0x000000001acf3000 JavaThread "Handler for socket connection from /127.0.0.1:49824 to /127.0.0.1:62735" [_thread_in_native, id=3968, stack(0x0000000024c50000,0x0000000024d50000)]
  0x000000001acfa000 JavaThread "Daemon Thread 2" [_thread_blocked, id=8744, stack(0x0000000024b50000,0x0000000024c50000)]
  0x000000001acfc000 JavaThread "Memory manager" [_thread_blocked, id=1120, stack(0x0000000020b60000,0x0000000020c60000)]
  0x0000000015a4c000 JavaThread "Cache worker for execution history cache (C:\Users\abc\.gradle\caches\5.4.1\executionHistory)" [_thread_blocked, id=5184, stack(0x000000001d130000,0x000000001d230000)]
  0x0000000015a4c800 JavaThread "Cache worker for journal cache (C:\Users\abc\.gradle\caches\journal-1)" [_thread_blocked, id=9792, stack(0x0000000019e80000,0x0000000019f80000)]
  0x0000000015a45800 JavaThread "File lock request listener" [_thread_in_native, id=8092, stack(0x0000000019d80000,0x0000000019e80000)]
  0x0000000015a65000 JavaThread "Cache worker for file hash cache (C:\Users\abc\.gradle\caches\5.4.1\fileHashes)" [_thread_blocked, id=8088, stack(0x0000000019c80000,0x0000000019d80000)]
  0x0000000017b8f000 JavaThread "Daemon periodic checks" [_thread_blocked, id=9036, stack(0x0000000019280000,0x0000000019380000)]
  0x0000000017b92000 JavaThread "Incoming local TCP Connector on port 49824" [_thread_in_native, id=7128, stack(0x0000000019040000,0x0000000019140000)]
  0x0000000015a72000 JavaThread "Daemon health stats" [_thread_blocked, id=9080, stack(0x0000000018a00000,0x0000000018b00000)]
  0x0000000015a8b000 JavaThread "Service Thread" daemon [_thread_blocked, id=7256, stack(0x0000000016c30000,0x0000000016d30000)]
  0x0000000015a3a800 JavaThread "C1 CompilerThread1" daemon [_thread_blocked, id=9540, stack(0x0000000016b30000,0x0000000016c30000)]
=>0x0000000015a03000 JavaThread "C2 CompilerThread0" daemon [_thread_in_native, id=9308, stack(0x0000000016a30000,0x0000000016b30000)]
  0x00000000159fe800 JavaThread "Attach Listener" daemon [_thread_blocked, id=188, stack(0x0000000016930000,0x0000000016a30000)]
  0x00000000021de800 JavaThread "Signal Dispatcher" daemon [_thread_blocked, id=8652, stack(0x0000000016830000,0x0000000016930000)]
  0x00000000021d7800 JavaThread "Finalizer" daemon [_thread_blocked, id=2228, stack(0x0000000016640000,0x0000000016740000)]
  0x00000000159e7000 JavaThread "Reference Handler" daemon [_thread_blocked, id=8024, stack(0x0000000016540000,0x0000000016640000)]
  0x00000000023cd800 JavaThread "main" [_thread_blocked, id=8720, stack(0x00000000007f0000,0x00000000008f0000)]

Other Threads:
  0x00000000159c5000 VMThread [stack: 0x0000000016440000,0x0000000016540000] [id=6696]
  0x0000000015a8d000 WatcherThread [stack: 0x0000000016d30000,0x0000000016e30000] [id=6192]

VM state:not at safepoint (normal execution)

VM Mutex/Monitor currently owned by a thread: None

OutOfMemory and StackOverflow Exception counts:
OutOfMemoryError java_heap_errors=1

heap address: 0x00000000a0000000, size: 1536 MB, Compressed Oops mode: 32-bit
Narrow klass base: 0x0000000000000000, Narrow klass shift: 3
Compressed class space size: 1073741824 Address: 0x0000000100000000

Heap:
 PSYoungGen      total 464384K, used 209180K [0x00000000e0000000, 0x00000000ffd80000, 0x0000000100000000)
  eden space 410112K, 49% used [0x00000000e0000000,0x00000000ec545d10,0x00000000f9080000)
  from space 54272K, 13% used [0x00000000fc880000,0x00000000fcf81440,0x00000000ffd80000)
  to   space 55808K, 0% used [0x00000000f9080000,0x00000000f9080000,0x00000000fc700000)
 ParOldGen       total 156160K, used 98191K [0x00000000a0000000, 0x00000000a9880000, 0x00000000e0000000)
  object space 156160K, 62% used [0x00000000a0000000,0x00000000a5fe3e48,0x00000000a9880000)
 Metaspace       used 106787K, capacity 110648K, committed 111064K, reserved 1146880K
  class space    used 12950K, capacity 13731K, committed 13824K, reserved 1048576K

Card table byte_map: [0x0000000011790000,0x0000000011aa0000] byte_map_base: 0x0000000011290000

Marking Bits: (ParMarkBitMap*) 0x00000000690f9f30
 Begin Bits: [0x0000000011da0000, 0x00000000135a0000)
 End Bits:   [0x00000000135a0000, 0x0000000014da0000)

Polling page: 0x00000000005e0000

CodeCache: size=245760Kb used=73244Kb max_used=73254Kb free=172515Kb
 bounds [0x00000000023d0000, 0x0000000006c10000, 0x00000000113d0000]
 total_blobs=21229 nmethods=20196 adapters=945
 compilation: enabled

Compilation events (10 events):
Event: 2133.340 Thread 0x0000000015a03000 nmethod 26080 0x0000000006378590 code [0x00000000063787e0, 0x0000000006379860]
Event: 2133.341 Thread 0x0000000015a03000 26098       4       com.android.tools.r8.graph.DexString::encodeToMutf8 (162 bytes)
Event: 2133.358 Thread 0x0000000015a03000 nmethod 26098 0x0000000005f12e50 code [0x0000000005f12fa0, 0x0000000005f135d8]
Event: 2133.358 Thread 0x0000000015a03000 26089       4       com.android.tools.r8.ir.conversion.IRBuilder::build (835 bytes)
Event: 2133.405 Thread 0x0000000015a3a800 26103       2       com.android.tools.r8.ir.optimize.CodeRewriter$$Lambda$634/1731612034::get$Lambda (9 bytes)
Event: 2133.406 Thread 0x0000000015a3a800 nmethod 26103 0x0000000005f12a10 code [0x0000000005f12b60, 0x0000000005f12cf0]
Event: 2133.440 Thread 0x0000000015a3a800 26104       2       com.android.tools.r8.graph.DexItemFactory$$Lambda$695/1891247412::apply (15 bytes)
Event: 2133.440 Thread 0x0000000015a3a800 nmethod 26104 0x0000000006378150 code [0x00000000063782a0, 0x0000000006378470]
Event: 2133.946 Thread 0x0000000015a3a800 26108       2       com.android.tools.r8.ir.conversion.IRBuilder$BlockInfo::replaceNormalPredecessor (23 bytes)
Event: 2133.947 Thread 0x0000000015a3a800 nmethod 26108 0x00000000069a5210 code [0x00000000069a5380, 0x00000000069a5538]

GC Heap History (10 events):
Event: 2101.354 GC heap before
{Heap before GC invocations=33 (full 4):
 PSYoungGen      total 457728K, used 433682K [0x00000000e0000000, 0x0000000100000000, 0x0000000100000000)
  eden space 405504K, 100% used [0x00000000e0000000,0x00000000f8c00000,0x00000000f8c00000)
  from space 52224K, 53% used [0x00000000fcd00000,0x00000000fe884a00,0x0000000100000000)
  to   space 59392K, 0% used [0x00000000f8c00000,0x00000000f8c00000,0x00000000fc600000)
 ParOldGen       total 136704K, used 99359K [0x00000000a0000000, 0x00000000a8580000, 0x00000000e0000000)
  object space 136704K, 72% used [0x00000000a0000000,0x00000000a6107d50,0x00000000a8580000)
 Metaspace       used 106687K, capacity 110628K, committed 110808K, reserved 1146880K
  class space    used 12964K, capacity 13743K, committed 13824K, reserved 1048576K
Event: 2101.446 GC heap after
Heap after GC invocations=33 (full 4):
 PSYoungGen      total 464896K, used 5031K [0x00000000e0000000, 0x0000000100000000, 0x0000000100000000)
  eden space 405504K, 0% used [0x00000000e0000000,0x00000000e0000000,0x00000000f8c00000)
  from space 59392K, 8% used [0x00000000f8c00000,0x00000000f90e9cf8,0x00000000fc600000)
  to   space 59392K, 0% used [0x00000000fc600000,0x00000000fc600000,0x0000000100000000)
 ParOldGen       total 136704K, used 121909K [0x00000000a0000000, 0x00000000a8580000, 0x00000000e0000000)
  object space 136704K, 89% used [0x00000000a0000000,0x00000000a770d698,0x00000000a8580000)
 Metaspace       used 106687K, capacity 110628K, committed 110808K, reserved 1146880K
  class space    used 12964K, capacity 13743K, committed 13824K, reserved 1048576K
}
Event: 2101.446 GC heap before
{Heap before GC invocations=34 (full 5):
 PSYoungGen      total 464896K, used 5031K [0x00000000e0000000, 0x0000000100000000, 0x0000000100000000)
  eden space 405504K, 0% used [0x00000000e0000000,0x00000000e0000000,0x00000000f8c00000)
  from space 59392K, 8% used [0x00000000f8c00000,0x00000000f90e9cf8,0x00000000fc600000)
  to   space 59392K, 0% used [0x00000000fc600000,0x00000000fc600000,0x0000000100000000)
 ParOldGen       total 136704K, used 121909K [0x00000000a0000000, 0x00000000a8580000, 0x00000000e0000000)
  object space 136704K, 89% used [0x00000000a0000000,0x00000000a770d698,0x00000000a8580000)
 Metaspace       used 106687K, capacity 110628K, committed 110808K, reserved 1146880K
  class space    used 12964K, capacity 13743K, committed 13824K, reserved 1048576K
Event: 2102.521 GC heap after
Heap after GC invocations=34 (full 5):
 PSYoungGen      total 464896K, used 0K [0x00000000e0000000, 0x0000000100000000, 0x0000000100000000)
  eden space 405504K, 0% used [0x00000000e0000000,0x00000000e0000000,0x00000000f8c00000)
  from space 59392K, 0% used [0x00000000f8c00000,0x00000000f8c00000,0x00000000fc600000)
  to   space 59392K, 0% used [0x00000000fc600000,0x00000000fc600000,0x0000000100000000)
 ParOldGen       total 156160K, used 82252K [0x00000000a0000000, 0x00000000a9880000, 0x00000000e0000000)
  object space 156160K, 52% used [0x00000000a0000000,0x00000000a50533e0,0x00000000a9880000)
 Metaspace       used 106595K, capacity 110462K, committed 110808K, reserved 1146880K
  class space    used 12938K, capacity 13696K, committed 13824K, reserved 1048576K
}
Event: 2115.926 GC heap before
{Heap before GC invocations=35 (full 5):
 PSYoungGen      total 464896K, used 405504K [0x00000000e0000000, 0x0000000100000000, 0x0000000100000000)
  eden space 405504K, 100% used [0x00000000e0000000,0x00000000f8c00000,0x00000000f8c00000)
  from space 59392K, 0% used [0x00000000f8c00000,0x00000000f8c00000,0x00000000fc600000)
  to   space 59392K, 0% used [0x00000000fc600000,0x00000000fc600000,0x0000000100000000)
 ParOldGen       total 156160K, used 83548K [0x00000000a0000000, 0x00000000a9880000, 0x00000000e0000000)
  object space 156160K, 53% used [0x00000000a0000000,0x00000000a51972e8,0x00000000a9880000)
 Metaspace       used 106631K, capacity 110472K, committed 110808K, reserved 1146880K
  class space    used 12939K, capacity 13697K, committed 13824K, reserved 1048576K
Event: 2115.970 GC heap after
Heap after GC invocations=35 (full 5):
 PSYoungGen      total 460800K, used 16050K [0x00000000e0000000, 0x00000000ffc00000, 0x0000000100000000)
  eden space 405504K, 0% used [0x00000000e0000000,0x00000000e0000000,0x00000000f8c00000)
  from space 55296K, 29% used [0x00000000fc600000,0x00000000fd5acb40,0x00000000ffc00000)
  to   space 57344K, 0% used [0x00000000f8c00000,0x00000000f8c00000,0x00000000fc400000)
 ParOldGen       total 156160K, used 83556K [0x00000000a0000000, 0x00000000a9880000, 0x00000000e0000000)
  object space 156160K, 53% used [0x00000000a0000000,0x00000000a51992e8,0x00000000a9880000)
 Metaspace       used 106631K, capacity 110472K, committed 110808K, reserved 1146880K
  class space    used 12939K, capacity 13697K, committed 13824K, reserved 1048576K
}
Event: 2125.975 GC heap before
{Heap before GC invocations=36 (full 5):
 PSYoungGen      total 460800K, used 421554K [0x00000000e0000000, 0x00000000ffc00000, 0x0000000100000000)
  eden space 405504K, 100% used [0x00000000e0000000,0x00000000f8c00000,0x00000000f8c00000)
  from space 55296K, 29% used [0x00000000fc600000,0x00000000fd5acb40,0x00000000ffc00000)
  to   space 57344K, 0% used [0x00000000f8c00000,0x00000000f8c00000,0x00000000fc400000)
 ParOldGen       total 156160K, used 83558K [0x00000000a0000000, 0x00000000a9880000, 0x00000000e0000000)
  object space 156160K, 53% used [0x00000000a0000000,0x00000000a5199b20,0x00000000a9880000)
 Metaspace       used 106662K, capacity 110538K, committed 110808K, reserved 1146880K
  class space    used 12941K, capacity 13698K, committed 13824K, reserved 1048576K
Event: 2126.059 GC heap after
Heap after GC invocations=36 (full 5):
 PSYoungGen      total 462848K, used 5731K [0x00000000e0000000, 0x0000000100000000, 0x0000000100000000)
  eden space 405504K, 0% used [0x00000000e0000000,0x00000000e0000000,0x00000000f8c00000)
  from space 57344K, 9% used [0x00000000f8c00000,0x00000000f9198e10,0x00000000fc400000)
  to   space 56832K, 0% used [0x00000000fc880000,0x00000000fc880000,0x0000000100000000)
 ParOldGen       total 156160K, used 96027K [0x00000000a0000000, 0x00000000a9880000, 0x00000000e0000000)
  object space 156160K, 61% used [0x00000000a0000000,0x00000000a5dc6d38,0x00000000a9880000)
 Metaspace       used 106662K, capacity 110538K, committed 110808K, reserved 1146880K
  class space    used 12941K, capacity 13698K, committed 13824K, reserved 1048576K
}
Event: 2130.397 GC heap before
{Heap before GC invocations=37 (full 5):
 PSYoungGen      total 462848K, used 411235K [0x00000000e0000000, 0x0000000100000000, 0x0000000100000000)
  eden space 405504K, 100% used [0x00000000e0000000,0x00000000f8c00000,0x00000000f8c00000)
  from space 57344K, 9% used [0x00000000f8c00000,0x00000000f9198e10,0x00000000fc400000)
  to   space 56832K, 0% used [0x00000000fc880000,0x00000000fc880000,0x0000000100000000)
 ParOldGen       total 156160K, used 96027K [0x00000000a0000000, 0x00000000a9880000, 0x00000000e0000000)
  object space 156160K, 61% used [0x00000000a0000000,0x00000000a5dc6d38,0x00000000a9880000)
 Metaspace       used 106718K, capacity 110548K, committed 110808K, reserved 1146880K
  class space    used 12944K, capacity 13699K, committed 13824K, reserved 1048576K
Event: 2130.418 GC heap after
Heap after GC invocations=37 (full 5):
 PSYoungGen      total 464384K, used 7173K [0x00000000e0000000, 0x00000000ffd80000, 0x0000000100000000)
  eden space 410112K, 0% used [0x00000000e0000000,0x00000000e0000000,0x00000000f9080000)
  from space 54272K, 13% used [0x00000000fc880000,0x00000000fcf81440,0x00000000ffd80000)
  to   space 55808K, 0% used [0x00000000f9080000,0x00000000f9080000,0x00000000fc700000)
 ParOldGen       total 156160K, used 98191K [0x00000000a0000000, 0x00000000a9880000, 0x00000000e0000000)
  object space 156160K, 62% used [0x00000000a0000000,0x00000000a5fe3e48,0x00000000a9880000)
 Metaspace       used 106718K, capacity 110548K, committed 110808K, reserved 1146880K
  class space    used 12944K, capacity 13699K, committed 13824K, reserved 1048576K
}

Deoptimization events (10 events):
Event: 2127.036 Thread 0x000000001a988800 Uncommon trap: reason=unstable_if action=reinterpret pc=0x000000000659b264 method=java.util.Arrays.equals([Ljava/lang/Object;[Ljava/lang/Object;)Z @ 52
Event: 2127.036 Thread 0x000000001a988800 Uncommon trap: reason=null_check action=make_not_entrant pc=0x00000000063a7150 method=com.android.tools.r8.graph.DexString.computeEquals(Ljava/lang/Object;)Z @ 1
Event: 2127.212 Thread 0x000000001a982800 Uncommon trap: reason=unstable_if action=reinterpret pc=0x0000000005f54738 method=com.android.tools.r8.graph.DexString.countBytes(Ljava/lang/String;)I @ 19
Event: 2128.869 Thread 0x000000001a988800 Uncommon trap: reason=unstable_if action=reinterpret pc=0x0000000006336f10 method=com.android.tools.r8.ir.conversion.JarSourceCode.getCanonicalDebugPositionAtOffset(I)Lcom/android/tools/r8/ir/code/Position; @ 73
Event: 2128.869 Thread 0x000000001a988800 Uncommon trap: reason=unstable_if action=reinterpret pc=0x0000000006adae9c method=com.android.tools.r8.ir.desugar.InterfaceMethodRewriter.rewriteMethodReferences(Lcom/android/tools/r8/graph/DexEncodedMethod;Lcom/android/tools/r8/ir/code/IRCode;)V @ 218
Event: 2128.925 Thread 0x000000001a988800 Uncommon trap: reason=unstable_if action=reinterpret pc=0x0000000006a1ee44 method=com.android.tools.r8.ir.conversion.DexBuilder.removeRedundantDebugPositions(Lcom/android/tools/r8/ir/code/IRCode;)V @ 568
Event: 2129.137 Thread 0x000000001a982800 Uncommon trap: reason=unstable_if action=reinterpret pc=0x000000000636ca78 method=com.android.tools.r8.graph.DexString.slowCompareTo(Lcom/android/tools/r8/graph/DexString;)I @ 80
Event: 2131.080 Thread 0x000000001a988800 Uncommon trap: reason=unstable_if action=reinterpret pc=0x0000000006ab2350 method=com.android.tools.r8.ir.code.Value.isDead(Lcom/android/tools/r8/graph/AppInfo;Ljava/util/Set;)Z @ 159
Event: 2131.204 Thread 0x000000001a982800 Uncommon trap: reason=unstable_if action=reinterpret pc=0x00000000068dfcf8 method=com.android.tools.r8.ir.code.Value.isDead(Lcom/android/tools/r8/graph/AppInfo;Ljava/util/Set;)Z @ 103
Event: 2132.041 Thread 0x000000001a982800 Uncommon trap: reason=class_check action=maybe_recompile pc=0x0000000004638ae4 method=com.android.tools.r8.ir.optimize.CodeRewriter.allowNewFilledArrayConstruction(Lcom/android/tools/r8/ir/code/Instruction;)Z @ 18

Classes redefined (0 events):
No events

Internal exceptions (10 events):
Event: 2073.276 Thread 0x000000001acf4000 Exception <a 'sun/nio/fs/WindowsException'> (0x00000000e8233d10) thrown at [D:\src\AOSP-openjdk-cygwin\jdk8u\hotspot\src\share\vm\prims\jni.cpp, line 710]
Event: 2073.292 Thread 0x000000001acf4000 Exception <a 'sun/nio/fs/WindowsException'> (0x00000000e95d7bb8) thrown at [D:\src\AOSP-openjdk-cygwin\jdk8u\hotspot\src\share\vm\prims\jni.cpp, line 710]
Event: 2073.292 Thread 0x000000001acf4000 Exception <a 'sun/nio/fs/WindowsException'> (0x00000000e95d8e90) thrown at [D:\src\AOSP-openjdk-cygwin\jdk8u\hotspot\src\share\vm\prims\jni.cpp, line 710]
Event: 2073.292 Thread 0x000000001acf4000 Exception <a 'sun/nio/fs/WindowsException'> (0x00000000e95dba98) thrown at [D:\src\AOSP-openjdk-cygwin\jdk8u\hotspot\src\share\vm\prims\jni.cpp, line 710]
Event: 2073.304 Thread 0x000000001acf4000 Exception <a 'sun/nio/fs/WindowsException'> (0x00000000e960c540) thrown at [D:\src\AOSP-openjdk-cygwin\jdk8u\hotspot\src\share\vm\prims\jni.cpp, line 710]
Event: 2073.304 Thread 0x000000001acf4000 Exception <a 'sun/nio/fs/WindowsException'> (0x00000000e960d818) thrown at [D:\src\AOSP-openjdk-cygwin\jdk8u\hotspot\src\share\vm\prims\jni.cpp, line 710]
Event: 2073.304 Thread 0x000000001acf4000 Exception <a 'sun/nio/fs/WindowsException'> (0x00000000e9610420) thrown at [D:\src\AOSP-openjdk-cygwin\jdk8u\hotspot\src\share\vm\prims\jni.cpp, line 710]
Event: 2127.036 Thread 0x000000001a988800 Implicit null exception at 0x00000000063a6fcf to 0x00000000063a7141
Event: 2128.869 Thread 0x000000001a988800 Implicit null exception at 0x0000000006ad8851 to 0x0000000006adae41
Event: 2132.417 Thread 0x000000001a988800 Exception <a 'java/lang/OutOfMemoryError'> (0x00000000e85c12e8) thrown at [D:\src\AOSP-openjdk-cygwin\jdk8u\hotspot\src\share\vm\prims\jni.cpp, line 736]

Events (10 events):
Event: 2133.425 Thread 0x000000001a982800 DEOPT PACKING pc=0x000000000652b6d4 sp=0x000000002724d2c0
Event: 2133.425 Thread 0x000000001a982800 DEOPT UNPACKING pc=0x00000000024171d0 sp=0x000000002724d1b0 mode 0
Event: 2133.499 Thread 0x000000001a982800 DEOPT PACKING pc=0x00000000064ff753 sp=0x000000002724db10
Event: 2133.499 Thread 0x000000001a982800 DEOPT UNPACKING pc=0x00000000024171d0 sp=0x000000002724d968 mode 0
Event: 2133.565 Thread 0x000000001a982800 DEOPT PACKING pc=0x0000000005261c56 sp=0x000000002724d570
Event: 2133.565 Thread 0x000000001a982800 DEOPT UNPACKING pc=0x00000000024171d0 sp=0x000000002724d368 mode 0
Event: 2133.946 Thread 0x000000001a982800 DEOPT PACKING pc=0x0000000003acd806 sp=0x000000002724d9c0
Event: 2133.946 Thread 0x000000001a982800 DEOPT UNPACKING pc=0x00000000024171d0 sp=0x000000002724d6d0 mode 0
Event: 2133.947 Thread 0x000000001a982800 DEOPT PACKING pc=0x0000000005261bc0 sp=0x000000002724d570
Event: 2133.947 Thread 0x000000001a982800 DEOPT UNPACKING pc=0x00000000024171d0 sp=0x000000002724d368 mode 0


Dynamic libraries:
0x00007ff7a6150000 - 0x00007ff7a6181000 	F:\Android\Androidstudio\jre\bin\java.exe
0x00007ffc65820000 - 0x00007ffc65a01000 	C:\WINDOWS\SYSTEM32\ntdll.dll
0x00007ffc642f0000 - 0x00007ffc643a2000 	C:\WINDOWS\System32\KERNEL32.DLL
0x00007ffc61c50000 - 0x00007ffc61ec3000 	C:\WINDOWS\System32\KERNELBASE.dll
0x00007ffc62cb0000 - 0x00007ffc62d51000 	C:\WINDOWS\System32\ADVAPI32.dll
0x00007ffc62f20000 - 0x00007ffc62fbe000 	C:\WINDOWS\System32\msvcrt.dll
0x00007ffc63b50000 - 0x00007ffc63bab000 	C:\WINDOWS\System32\sechost.dll
0x00007ffc62ff0000 - 0x00007ffc63114000 	C:\WINDOWS\System32\RPCRT4.dll
0x00007ffc64020000 - 0x00007ffc641b0000 	C:\WINDOWS\System32\USER32.dll
0x00007ffc62b20000 - 0x00007ffc62b40000 	C:\WINDOWS\System32\win32u.dll
0x00007ffc63130000 - 0x00007ffc63158000 	C:\WINDOWS\System32\GDI32.dll
0x00007ffc62980000 - 0x00007ffc62b12000 	C:\WINDOWS\System32\gdi32full.dll
0x00007ffc62bc0000 - 0x00007ffc62c5f000 	C:\WINDOWS\System32\msvcp_win.dll
0x00007ffc61f80000 - 0x00007ffc62078000 	C:\WINDOWS\System32\ucrtbase.dll
0x00007ffc50e30000 - 0x00007ffc51099000 	C:\WINDOWS\WinSxS\amd64_microsoft.windows.common-controls_6595b64144ccf1df_6.0.17134.648_none_fb45a0e93062a6d2\COMCTL32.dll
0x00007ffc63780000 - 0x00007ffc63aa2000 	C:\WINDOWS\System32\combase.dll
0x00007ffc62b40000 - 0x00007ffc62bba000 	C:\WINDOWS\System32\bcryptPrimitives.dll
0x00007ffc62fc0000 - 0x00007ffc62fed000 	C:\WINDOWS\System32\IMM32.DLL
0x00000000694e0000 - 0x00000000695b2000 	F:\Android\Androidstudio\jre\jre\bin\msvcr100.dll
0x0000000068930000 - 0x0000000069176000 	F:\Android\Androidstudio\jre\jre\bin\server\jvm.dll
0x00007ffc63120000 - 0x00007ffc63128000 	C:\WINDOWS\System32\PSAPI.DLL
0x00007ffc5f5f0000 - 0x00007ffc5f5f9000 	C:\WINDOWS\SYSTEM32\WSOCK32.dll
0x00007ffc62dc0000 - 0x00007ffc62e2c000 	C:\WINDOWS\System32\WS2_32.dll
0x00007ffc5fdc0000 - 0x00007ffc5fde3000 	C:\WINDOWS\SYSTEM32\WINMM.dll
0x00007ffc53d70000 - 0x00007ffc53d7a000 	C:\WINDOWS\SYSTEM32\VERSION.dll
0x00007ffc5fd90000 - 0x00007ffc5fdba000 	C:\WINDOWS\SYSTEM32\WINMMBASE.dll
0x00007ffc62c60000 - 0x00007ffc62ca9000 	C:\WINDOWS\System32\cfgmgr32.dll
0x00007ffc5e4d0000 - 0x00007ffc5e4df000 	F:\Android\Androidstudio\jre\jre\bin\verify.dll
0x00007ffc595c0000 - 0x00007ffc595e9000 	F:\Android\Androidstudio\jre\jre\bin\java.dll
0x00007ffc5c4b0000 - 0x00007ffc5c4c6000 	F:\Android\Androidstudio\jre\jre\bin\zip.dll
0x00007ffc643b0000 - 0x00007ffc657f0000 	C:\WINDOWS\System32\SHELL32.dll
0x00007ffc636d0000 - 0x00007ffc63779000 	C:\WINDOWS\System32\shcore.dll
0x00007ffc62270000 - 0x00007ffc6297d000 	C:\WINDOWS\System32\windows.storage.dll
0x00007ffc62d60000 - 0x00007ffc62db1000 	C:\WINDOWS\System32\shlwapi.dll
0x00007ffc61b60000 - 0x00007ffc61b71000 	C:\WINDOWS\System32\kernel.appcore.dll
0x00007ffc61bd0000 - 0x00007ffc61bef000 	C:\WINDOWS\System32\profapi.dll
0x00007ffc61b80000 - 0x00007ffc61bcc000 	C:\WINDOWS\System32\powrprof.dll
0x00007ffc61b50000 - 0x00007ffc61b5a000 	C:\WINDOWS\System32\FLTLIB.DLL
0x00007ffc5c3b0000 - 0x00007ffc5c3ca000 	F:\Android\Androidstudio\jre\jre\bin\net.dll
0x00007ffc613b0000 - 0x00007ffc61416000 	C:\WINDOWS\system32\mswsock.dll
0x00007ffc595a0000 - 0x00007ffc595b1000 	F:\Android\Androidstudio\jre\jre\bin\nio.dll
0x00007ffc59630000 - 0x00007ffc59656000 	C:\Users\abc\.gradle\native\29\windows-amd64\native-platform.dll
0x00007ffc5e4c0000 - 0x00007ffc5e4cd000 	F:\Android\Androidstudio\jre\jre\bin\management.dll
0x00007ffc61560000 - 0x00007ffc61577000 	C:\WINDOWS\SYSTEM32\CRYPTSP.dll
0x00007ffc60f30000 - 0x00007ffc60f63000 	C:\WINDOWS\system32\rsaenh.dll
0x00007ffc61690000 - 0x00007ffc616b5000 	C:\WINDOWS\SYSTEM32\bcrypt.dll
0x00007ffc61a30000 - 0x00007ffc61a58000 	C:\WINDOWS\SYSTEM32\USERENV.dll
0x00007ffc61580000 - 0x00007ffc6158b000 	C:\WINDOWS\SYSTEM32\CRYPTBASE.dll
0x00007ffc610d0000 - 0x00007ffc61108000 	C:\WINDOWS\SYSTEM32\IPHLPAPI.DLL
0x00007ffc63340000 - 0x00007ffc63348000 	C:\WINDOWS\System32\NSI.dll
0x00007ffc59fb0000 - 0x00007ffc59fc6000 	C:\WINDOWS\SYSTEM32\dhcpcsvc6.DLL
0x00007ffc5a220000 - 0x00007ffc5a23a000 	C:\WINDOWS\SYSTEM32\dhcpcsvc.DLL
0x00007ffc51d80000 - 0x00007ffc51da4000 	F:\Android\Androidstudio\jre\jre\bin\sunec.dll
0x00007ffc61110000 - 0x00007ffc611ce000 	C:\WINDOWS\SYSTEM32\DNSAPI.dll
0x00007ffc55460000 - 0x00007ffc5546a000 	C:\Windows\System32\rasadhlp.dll
0x00007ffc55950000 - 0x00007ffc559c2000 	C:\WINDOWS\System32\fwpuclnt.dll
0x00007ffc51d70000 - 0x00007ffc51d7b000 	F:\Android\Androidstudio\jre\jre\bin\sunmscapi.dll
0x00007ffc62080000 - 0x00007ffc62262000 	C:\WINDOWS\System32\CRYPT32.dll
0x00007ffc61b30000 - 0x00007ffc61b42000 	C:\WINDOWS\System32\MSASN1.dll
0x00007ffc60c20000 - 0x00007ffc60c51000 	C:\WINDOWS\SYSTEM32\ntmarta.dll
0x00007ffc4e600000 - 0x00007ffc4e79c000 	F:\Android\Androidstudio\jre\jre\bin\awt.dll
0x00007ffc641b0000 - 0x00007ffc64273000 	C:\WINDOWS\System32\OLEAUT32.dll
0x00007ffc602c0000 - 0x00007ffc602e9000 	C:\WINDOWS\SYSTEM32\dwmapi.dll
0x00007ffc5ed40000 - 0x00007ffc5f307000 	C:\WINDOWS\SYSTEM32\d2d1.dll
0x00007ffc5feb0000 - 0x00007ffc5ff3b000 	C:\WINDOWS\SYSTEM32\apphelp.dll
0x00007ffc60030000 - 0x00007ffc600c8000 	C:\WINDOWS\system32\uxtheme.dll

VM Arguments:
jvm_args: -Xmx1536m -Dfile.encoding=windows-1252 -Duser.country=US -Duser.language=en -Duser.variant 
java_command: org.gradle.launcher.daemon.bootstrap.GradleDaemon 5.4.1
java_class_path (initial): C:\Users\abc\.gradle\wrapper\dists\gradle-5.4.1-all\3221gyojl5jsh0helicew7rwx\gradle-5.4.1\lib\gradle-launcher-5.4.1.jar
Launcher Type: SUN_STANDARD

Environment Variables:
CLASSPATH=.;.;C:\PROGRA~2\JMF21~1.1E\lib\sound.jar;C:\PROGRA~2\JMF21~1.1E\lib\jmf.jar;C:\PROGRA~2\JMF21~1.1E\lib;
PATH=C:\WINDOWS\system32;C:\WINDOWS;C:\WINDOWS\System32\Wbem;C:\WINDOWS\System32\WindowsPowerShell\v1.0\;C:\WINDOWS\System32\OpenSSH\;C:\Program Files\Java\jdk1.8.0_161\bin;C:\Program Files\Microsoft VS Code\bin;C:\Users\abc\AppData\Local\Microsoft\WindowsApps;
USERNAME=abc
OS=Windows_NT
PROCESSOR_IDENTIFIER=Intel64 Family 6 Model 58 Stepping 9, GenuineIntel



---------------  S Y S T E M  ---------------

OS: Windows 10.0 , 64 bit Build 17134 (10.0.17134.648)

CPU:total 2 (initial active 2) (2 cores per cpu, 1 threads per core) family 6 model 58 stepping 9, cmov, cx8, fxsr, mmx, sse, sse2, sse3, ssse3, sse4.1, sse4.2, popcnt, clmul, erms, tsc, tscinvbit, tscinv

Memory: 4k page, physical 4077284k(258704k free), swap 4691684k(5128k free)

vm_info: OpenJDK 64-Bit Server VM (25.202-b03) for windows-amd64 JRE (1.8.0_202-release-1483-b03), built by "builder" with MS VC++ 10.0 (VS2010)

time: Mon Dec 09 14:57:24 2019
timezone: Pacific Standard Time
elapsed time: 2133 seconds (0d 0h 35m 33s)

