#
# There is insufficient memory for the Java Runtime Environment to continue.
# Native memory allocation (malloc) failed to allocate 962416 bytes for Chunk::new
# Possible reasons:
#   The system is out of physical RAM or swap space
#   The process is running with CompressedOops enabled, and the Java Heap may be blocking the growth of the native heap
# Possible solutions:
#   Reduce memory load on the system
#   Increase physical memory or swap space
#   Check if swap backing store is full
#   Decrease Java heap size (-Xmx/-Xms)
#   Decrease number of Java threads
#   Decrease Java thread stack sizes (-Xss)
#   Set larger code cache with -XX:ReservedCodeCacheSize=
#   JVM is running with Unscaled Compressed Oops mode in which the Java heap is
#     placed in the first 4GB address space. The Java Heap base address is the
#     maximum limit for the native heap growth. Please use -XX:HeapBaseMinAddress
#     to set the Java Heap base and to place the Java Heap above 4GB virtual address.
# This output file may be truncated or incomplete.
#
#  Out of Memory Error (allocation.cpp:389), pid=5872, tid=0x0000000000002600
#
# JRE version: OpenJDK Runtime Environment (8.0_202-b03) (build 1.8.0_202-release-1483-b03)
# Java VM: OpenJDK 64-Bit Server VM (25.202-b03 mixed mode windows-amd64 compressed oops)
# Failed to write core dump. Minidumps are not enabled by default on client versions of Windows
#

---------------  T H R E A D  ---------------

Current thread (0x00000000165a8000):  JavaThread "C2 CompilerThread0" daemon [_thread_in_native, id=9728, stack(0x0000000017c20000,0x0000000017d20000)]

Stack: [0x0000000017c20000,0x0000000017d20000]
[error occurred during error reporting (printing stack bounds), id 0xc0000005]

Native frames: (J=compiled Java code, j=interpreted, Vv=VM code, C=native code)


Current CompileTask:
C2:7995352 27973   !   4       java.io.ObjectOutputStream::writeObject0 (619 bytes)


---------------  P R O C E S S  ---------------

Java Threads: ( => current thread )
  0x000000001d1ee800 JavaThread "pool-30-thread-1" [_thread_blocked, id=6180, stack(0x000000001ae70000,0x000000001af70000)]
  0x000000001d1ea800 JavaThread "Build operations Thread 4" [_thread_blocked, id=9864, stack(0x0000000024770000,0x0000000024870000)]
  0x000000001d1ed800 JavaThread "Build operations Thread 3" [_thread_blocked, id=9020, stack(0x0000000024070000,0x0000000024170000)]
  0x000000001d1e9000 JavaThread "Build operations Thread 2" [_thread_blocked, id=936, stack(0x0000000023470000,0x0000000023570000)]
  0x000000001d1eb800 JavaThread "Build operations" [_thread_blocked, id=4748, stack(0x0000000021ed0000,0x0000000021fd0000)]
  0x000000001ed17000 JavaThread "Thread-319" [_thread_blocked, id=3516, stack(0x000000001e3e0000,0x000000001e4e0000)]
  0x000000001ed0c000 JavaThread "Asynchronous log dispatcher for DefaultDaemonConnection: socket connection from /127.0.0.1:49839 to /127.0.0.1:56022" [_thread_blocked, id=7064, stack(0x000000001ab70000,0x000000001ac70000)]
  0x000000001ed11800 JavaThread "Daemon worker Thread 12" [_thread_blocked, id=9856, stack(0x000000001aa70000,0x000000001ab70000)]
  0x000000001ed0a000 JavaThread "Cancel handler" [_thread_blocked, id=6076, stack(0x000000001a770000,0x000000001a870000)]
  0x000000001ed10800 JavaThread "Handler for socket connection from /127.0.0.1:49839 to /127.0.0.1:56022" [_thread_in_native, id=1196, stack(0x000000001a670000,0x000000001a770000)]
  0x000000001ed10000 JavaThread "Daemon Thread 12" [_thread_blocked, id=10132, stack(0x0000000001030000,0x0000000001130000)]
  0x000000001ed0f000 JavaThread "Cache worker for Java compile cache (C:\Users\Abhishek\.gradle\caches\5.4.1\javaCompile)" [_thread_blocked, id=8592, stack(0x0000000024570000,0x0000000024670000)]
  0x000000001d10f000 JavaThread "Cache worker for file content cache (C:\Users\Abhishek\.gradle\caches\5.4.1\fileContent)" [_thread_blocked, id=10732, stack(0x0000000020d80000,0x0000000020e80000)]
  0x000000001d111800 JavaThread "Memory manager" [_thread_blocked, id=9688, stack(0x0000000000e30000,0x0000000000f30000)]
  0x000000001d10c000 JavaThread "Cache worker for execution history cache (C:\Users\Abhishek\.gradle\caches\5.4.1\executionHistory)" [_thread_blocked, id=8280, stack(0x0000000020580000,0x0000000020680000)]
  0x0000000018fe3000 JavaThread "Cache worker for journal cache (C:\Users\Abhishek\.gradle\caches\journal-1)" [_thread_blocked, id=9188, stack(0x000000001b170000,0x000000001b270000)]
  0x0000000018fe6000 JavaThread "File lock request listener" [_thread_in_native, id=9196, stack(0x000000001b070000,0x000000001b170000)]
  0x0000000018fdf800 JavaThread "Cache worker for file hash cache (C:\Users\Abhishek\.gradle\caches\5.4.1\fileHashes)" [_thread_blocked, id=8944, stack(0x000000001af70000,0x000000001b070000)]
  0x0000000018147800 JavaThread "Daemon periodic checks" [_thread_blocked, id=9788, stack(0x000000001a570000,0x000000001a670000)]
  0x00000000186d1000 JavaThread "Incoming local TCP Connector on port 49839" [_thread_in_native, id=9784, stack(0x000000001a330000,0x000000001a430000)]
  0x000000001990b000 JavaThread "Daemon health stats" [_thread_blocked, id=9772, stack(0x0000000019cf0000,0x0000000019df0000)]
  0x0000000017f43000 JavaThread "Service Thread" daemon [_thread_blocked, id=9716, stack(0x0000000018320000,0x0000000018420000)]
  0x00000000165b1800 JavaThread "C1 CompilerThread2" daemon [_thread_blocked, id=3976, stack(0x0000000017e20000,0x0000000017f20000)]
  0x00000000165bf000 JavaThread "C2 CompilerThread1" daemon [_thread_blocked, id=9704, stack(0x0000000017d20000,0x0000000017e20000)]
=>0x00000000165a8000 JavaThread "C2 CompilerThread0" daemon [_thread_in_native, id=9728, stack(0x0000000017c20000,0x0000000017d20000)]
  0x00000000165b5800 JavaThread "Attach Listener" daemon [_thread_blocked, id=10004, stack(0x0000000017b20000,0x0000000017c20000)]
  0x00000000165b4800 JavaThread "Signal Dispatcher" daemon [_thread_blocked, id=4736, stack(0x0000000017a20000,0x0000000017b20000)]
  0x0000000002c3b000 JavaThread "Finalizer" daemon [_thread_blocked, id=1164, stack(0x0000000017820000,0x0000000017920000)]
  0x0000000016599000 JavaThread "Reference Handler" daemon [_thread_blocked, id=9028, stack(0x0000000017720000,0x0000000017820000)]
  0x0000000002abe000 JavaThread "main" [_thread_blocked, id=9992, stack(0x0000000002940000,0x0000000002a40000)]

Other Threads:
  0x0000000016576000 VMThread [stack: 0x0000000017620000,0x0000000017720000] [id=9960]
  0x0000000017f44800 WatcherThread [stack: 0x0000000018420000,0x0000000018520000] [id=6884]

VM state:at safepoint (normal execution)

VM Mutex/Monitor currently owned by a thread:  ([mutex/lock_event])
[0x0000000002abd2b0] Threads_lock - owner thread: 0x0000000016576000
[0x0000000002abce30] Heap_lock - owner thread: 0x000000001d1ee800

heap address: 0x00000000a0000000, size: 1536 MB, Compressed Oops mode: 32-bit
Narrow klass base: 0x0000000000000000, Narrow klass shift: 3
Compressed class space size: 1073741824 Address: 0x0000000100000000

Heap:
 PSYoungGen      total 377344K, used 655K [0x00000000e0000000, 0x00000000fa780000, 0x0000000100000000)
  eden space 321024K, 0% used [0x00000000e0000000,0x00000000e0000000,0x00000000f3980000)
  from space 56320K, 1% used [0x00000000f3980000,0x00000000f3a23ca0,0x00000000f7080000)
  to   space 51712K, 0% used [0x00000000f7500000,0x00000000f7500000,0x00000000fa780000)
 ParOldGen       total 207360K, used 66743K [0x00000000a0000000, 0x00000000aca80000, 0x00000000e0000000)
  object space 207360K, 32% used [0x00000000a0000000,0x00000000a412dca8,0x00000000aca80000)
 Metaspace       used 117402K, capacity 121922K, committed 124504K, reserved 1165312K
  class space    used 14625K, capacity 15449K, committed 16000K, reserved 1048576K

Card table byte_map: [0x0000000012000000,0x0000000012310000] byte_map_base: 0x0000000011b00000

Marking Bits: (ParMarkBitMap*) 0x0000000059259f30
 Begin Bits: [0x0000000012910000, 0x0000000014110000)
 End Bits:   [0x0000000014110000, 0x0000000015910000)

Polling page: 0x0000000000c30000

CodeCache: size=245760Kb used=76103Kb max_used=76198Kb free=169656Kb
 bounds [0x0000000002c40000, 0x0000000007720000, 0x0000000011c40000]
 total_blobs=21817 nmethods=20879 adapters=846
 compilation: enabled

Compilation events (10 events):
Event: 7993.891 Thread 0x00000000165b1800 nmethod 27968 0x0000000003198950 code [0x0000000003198aa0, 0x0000000003198bd0]
Event: 7993.891 Thread 0x00000000165b1800 27969       3       java.util.Collections::emptyListIterator (4 bytes)
Event: 7993.891 Thread 0x00000000165b1800 nmethod 27969 0x0000000002ed4750 code [0x0000000002ed48a0, 0x0000000002ed49d0]
Event: 7993.891 Thread 0x00000000165b1800 27970       3       java.util.Collections$EmptyList::listIterator (4 bytes)
Event: 7993.891 Thread 0x00000000165bf000 27971   !   4       java.io.ObjectOutputStream::writeOrdinaryObject (175 bytes)
Event: 7993.891 Thread 0x00000000165b1800 nmethod 27970 0x000000000303de90 code [0x000000000303e000, 0x000000000303e1b0]
Event: 7993.893 Thread 0x00000000165b1800 27972   !   3       org.gradle.internal.serialize.ExceptionReplacingObjectOutputStream$1::transform (15 bytes)
Event: 7993.894 Thread 0x00000000165b1800 nmethod 27972 0x0000000003fc1e50 code [0x0000000003fc2020, 0x0000000003fc2858]
Event: 7993.894 Thread 0x00000000165a8000 27973   !   4       java.io.ObjectOutputStream::writeObject0 (619 bytes)
Event: 7993.903 Thread 0x00000000165bf000 nmethod 27971 0x0000000006bde2d0 code [0x0000000006bde480, 0x0000000006bded50]

GC Heap History (10 events):
Event: 7994.016 GC heap after
Heap after GC invocations=48 (full 5):
 PSYoungGen      total 377344K, used 1444K [0x00000000e0000000, 0x00000000fa780000, 0x0000000100000000)
  eden space 321024K, 0% used [0x00000000e0000000,0x00000000e0000000,0x00000000f3980000)
  from space 56320K, 2% used [0x00000000f3980000,0x00000000f3ae9020,0x00000000f7080000)
  to   space 51712K, 0% used [0x00000000f7500000,0x00000000f7500000,0x00000000fa780000)
 ParOldGen       total 207360K, used 79020K [0x00000000a0000000, 0x00000000aca80000, 0x00000000e0000000)
  object space 207360K, 38% used [0x00000000a0000000,0x00000000a4d2b318,0x00000000aca80000)
 Metaspace       used 117344K, capacity 122746K, committed 123992K, reserved 1163264K
  class space    used 14717K, capacity 15654K, committed 16000K, reserved 1048576K
}
Event: 7994.016 GC heap before
{Heap before GC invocations=49 (full 6):
 PSYoungGen      total 377344K, used 1444K [0x00000000e0000000, 0x00000000fa780000, 0x0000000100000000)
  eden space 321024K, 0% used [0x00000000e0000000,0x00000000e0000000,0x00000000f3980000)
  from space 56320K, 2% used [0x00000000f3980000,0x00000000f3ae9020,0x00000000f7080000)
  to   space 51712K, 0% used [0x00000000f7500000,0x00000000f7500000,0x00000000fa780000)
 ParOldGen       total 207360K, used 79020K [0x00000000a0000000, 0x00000000aca80000, 0x00000000e0000000)
  object space 207360K, 38% used [0x00000000a0000000,0x00000000a4d2b318,0x00000000aca80000)
 Metaspace       used 117344K, capacity 122746K, committed 123992K, reserved 1163264K
  class space    used 14717K, capacity 15654K, committed 16000K, reserved 1048576K
Event: 7994.902 GC heap after
Heap after GC invocations=49 (full 6):
 PSYoungGen      total 377344K, used 0K [0x00000000e0000000, 0x00000000fa780000, 0x0000000100000000)
  eden space 321024K, 0% used [0x00000000e0000000,0x00000000e0000000,0x00000000f3980000)
  from space 56320K, 0% used [0x00000000f3980000,0x00000000f3980000,0x00000000f7080000)
  to   space 51712K, 0% used [0x00000000f7500000,0x00000000f7500000,0x00000000fa780000)
 ParOldGen       total 207360K, used 67519K [0x00000000a0000000, 0x00000000aca80000, 0x00000000e0000000)
  object space 207360K, 32% used [0x00000000a0000000,0x00000000a41efe98,0x00000000aca80000)
 Metaspace       used 116754K, capacity 121218K, committed 123992K, reserved 1161216K
  class space    used 14580K, capacity 15385K, committed 16000K, reserved 1048576K
}
Event: 7994.912 GC heap before
{Heap before GC invocations=50 (full 6):
 PSYoungGen      total 377344K, used 4353K [0x00000000e0000000, 0x00000000fa780000, 0x0000000100000000)
  eden space 321024K, 1% used [0x00000000e0000000,0x00000000e04407f8,0x00000000f3980000)
  from space 56320K, 0% used [0x00000000f3980000,0x00000000f3980000,0x00000000f7080000)
  to   space 51712K, 0% used [0x00000000f7500000,0x00000000f7500000,0x00000000fa780000)
 ParOldGen       total 207360K, used 67519K [0x00000000a0000000, 0x00000000aca80000, 0x00000000e0000000)
  object space 207360K, 32% used [0x00000000a0000000,0x00000000a41efe98,0x00000000aca80000)
 Metaspace       used 116891K, capacity 121378K, committed 123992K, reserved 1165312K
  class space    used 14590K, capacity 15417K, committed 16000K, reserved 1048576K
Event: 7994.915 GC heap after
Heap after GC invocations=50 (full 6):
 PSYoungGen      total 372736K, used 218K [0x00000000e0000000, 0x00000000fa780000, 0x0000000100000000)
  eden space 321024K, 0% used [0x00000000e0000000,0x00000000e0000000,0x00000000f3980000)
  from space 51712K, 0% used [0x00000000f7500000,0x00000000f7536b80,0x00000000fa780000)
  to   space 56320K, 0% used [0x00000000f3980000,0x00000000f3980000,0x00000000f7080000)
 ParOldGen       total 207360K, used 67519K [0x00000000a0000000, 0x00000000aca80000, 0x00000000e0000000)
  object space 207360K, 32% used [0x00000000a0000000,0x00000000a41efe98,0x00000000aca80000)
 Metaspace       used 116891K, capacity 121378K, committed 123992K, reserved 1165312K
  class space    used 14590K, capacity 15417K, committed 16000K, reserved 1048576K
}
Event: 7994.915 GC heap before
{Heap before GC invocations=51 (full 7):
 PSYoungGen      total 372736K, used 218K [0x00000000e0000000, 0x00000000fa780000, 0x0000000100000000)
  eden space 321024K, 0% used [0x00000000e0000000,0x00000000e0000000,0x00000000f3980000)
  from space 51712K, 0% used [0x00000000f7500000,0x00000000f7536b80,0x00000000fa780000)
  to   space 56320K, 0% used [0x00000000f3980000,0x00000000f3980000,0x00000000f7080000)
 ParOldGen       total 207360K, used 67519K [0x00000000a0000000, 0x00000000aca80000, 0x00000000e0000000)
  object space 207360K, 32% used [0x00000000a0000000,0x00000000a41efe98,0x00000000aca80000)
 Metaspace       used 116891K, capacity 121378K, committed 123992K, reserved 1165312K
  class space    used 14590K, capacity 15417K, committed 16000K, reserved 1048576K
Event: 7995.131 GC heap after
Heap after GC invocations=51 (full 7):
 PSYoungGen      total 372736K, used 0K [0x00000000e0000000, 0x00000000fa780000, 0x0000000100000000)
  eden space 321024K, 0% used [0x00000000e0000000,0x00000000e0000000,0x00000000f3980000)
  from space 51712K, 0% used [0x00000000f7500000,0x00000000f7500000,0x00000000fa780000)
  to   space 56320K, 0% used [0x00000000f3980000,0x00000000f3980000,0x00000000f7080000)
 ParOldGen       total 207360K, used 66743K [0x00000000a0000000, 0x00000000aca80000, 0x00000000e0000000)
  object space 207360K, 32% used [0x00000000a0000000,0x00000000a412dca8,0x00000000aca80000)
 Metaspace       used 116891K, capacity 121378K, committed 123992K, reserved 1161216K
  class space    used 14590K, capacity 15417K, committed 16000K, reserved 1048576K
}
Event: 7995.265 GC heap before
{Heap before GC invocations=52 (full 7):
 PSYoungGen      total 372736K, used 5903K [0x00000000e0000000, 0x00000000fa780000, 0x0000000100000000)
  eden space 321024K, 1% used [0x00000000e0000000,0x00000000e05c3eb8,0x00000000f3980000)
  from space 51712K, 0% used [0x00000000f7500000,0x00000000f7500000,0x00000000fa780000)
  to   space 56320K, 0% used [0x00000000f3980000,0x00000000f3980000,0x00000000f7080000)
 ParOldGen       total 207360K, used 66743K [0x00000000a0000000, 0x00000000aca80000, 0x00000000e0000000)
  object space 207360K, 32% used [0x00000000a0000000,0x00000000a412dca8,0x00000000aca80000)
 Metaspace       used 117402K, capacity 121922K, committed 124504K, reserved 1165312K
  class space    used 14625K, capacity 15449K, committed 16000K, reserved 1048576K
Event: 7995.268 GC heap after
Heap after GC invocations=52 (full 7):
 PSYoungGen      total 377344K, used 655K [0x00000000e0000000, 0x00000000fa780000, 0x0000000100000000)
  eden space 321024K, 0% used [0x00000000e0000000,0x00000000e0000000,0x00000000f3980000)
  from space 56320K, 1% used [0x00000000f3980000,0x00000000f3a23ca0,0x00000000f7080000)
  to   space 51712K, 0% used [0x00000000f7500000,0x00000000f7500000,0x00000000fa780000)
 ParOldGen       total 207360K, used 66743K [0x00000000a0000000, 0x00000000aca80000, 0x00000000e0000000)
  object space 207360K, 32% used [0x00000000a0000000,0x00000000a412dca8,0x00000000aca80000)
 Metaspace       used 117402K, capacity 121922K, committed 124504K, reserved 1165312K
  class space    used 14625K, capacity 15449K, committed 16000K, reserved 1048576K
}
Event: 7995.268 GC heap before
{Heap before GC invocations=53 (full 8):
 PSYoungGen      total 377344K, used 655K [0x00000000e0000000, 0x00000000fa780000, 0x0000000100000000)
  eden space 321024K, 0% used [0x00000000e0000000,0x00000000e0000000,0x00000000f3980000)
  from space 56320K, 1% used [0x00000000f3980000,0x00000000f3a23ca0,0x00000000f7080000)
  to   space 51712K, 0% used [0x00000000f7500000,0x00000000f7500000,0x00000000fa780000)
 ParOldGen       total 207360K, used 66743K [0x00000000a0000000, 0x00000000aca80000, 0x00000000e0000000)
  object space 207360K, 32% used [0x00000000a0000000,0x00000000a412dca8,0x00000000aca80000)
 Metaspace       used 117402K, capacity 121922K, committed 124504K, reserved 1165312K
  class space    used 14625K, capacity 15449K, committed 16000K, reserved 1048576K

Deoptimization events (10 events):
Event: 7993.681 Thread 0x000000001ed11800 Uncommon trap: reason=bimorphic action=maybe_recompile pc=0x000000000362285c method=org.gradle.internal.logging.text.AbstractStyledTextOutput.text(Ljava/lang/Object;)Lorg/gradle/internal/logging/text/StyledTextOutput; @ 11
Event: 7993.684 Thread 0x000000001ed11800 Uncommon trap: reason=bimorphic action=maybe_recompile pc=0x000000000362285c method=org.gradle.internal.logging.text.AbstractStyledTextOutput.text(Ljava/lang/Object;)Lorg/gradle/internal/logging/text/StyledTextOutput; @ 11
Event: 7993.686 Thread 0x000000001ed11800 Uncommon trap: reason=unstable_if action=reinterpret pc=0x00000000068464a0 method=org.gradle.internal.operations.DefaultBuildOperationExecutor$3.stop()V @ 61
Event: 7993.693 Thread 0x000000001ed11800 Uncommon trap: reason=unstable_if action=reinterpret pc=0x0000000004452fbc method=java.io.ObjectStreamClass.processQueue(Ljava/lang/ref/ReferenceQueue;Ljava/util/concurrent/ConcurrentMap;)V @ 6
Event: 7993.697 Thread 0x000000001ed11800 Uncommon trap: reason=unstable_if action=reinterpret pc=0x000000000415a1bc method=org.gradle.internal.serialize.ExceptionReplacingObjectOutputStream.doReplaceObject(Ljava/lang/Object;)Ljava/lang/Object; @ 4
Event: 7993.871 Thread 0x000000001ed11800 Uncommon trap: reason=class_check action=maybe_recompile pc=0x0000000002dd7f28 method=java.lang.String.equals(Ljava/lang/Object;)Z @ 8
Event: 7993.872 Thread 0x000000001ed11800 Uncommon trap: reason=class_check action=maybe_recompile pc=0x0000000002dd7f28 method=java.lang.String.equals(Ljava/lang/Object;)Z @ 8
Event: 7993.872 Thread 0x000000001ed11800 Uncommon trap: reason=class_check action=maybe_recompile pc=0x0000000002dd7f28 method=java.lang.String.equals(Ljava/lang/Object;)Z @ 8
Event: 7993.872 Thread 0x000000001ed11800 Uncommon trap: reason=class_check action=maybe_recompile pc=0x0000000002dd7f28 method=java.lang.String.equals(Ljava/lang/Object;)Z @ 8
Event: 7993.880 Thread 0x000000001ed11800 Uncommon trap: reason=predicate action=maybe_recompile pc=0x0000000003f7be8c method=java.util.concurrent.CopyOnWriteArrayList.indexOf(Ljava/lang/Object;[Ljava/lang/Object;II)I @ 41

Classes redefined (0 events):
No events

Internal exceptions (10 events):
Event: 7941.264 Thread 0x000000001ed11800 Exception <a 'java/net/SocketTimeoutException': Read timed out> (0x00000000f051e520) thrown at [D:\src\AOSP-openjdk-cygwin\jdk8u\hotspot\src\share\vm\prims\jni.cpp, line 736]
Event: 7941.554 Thread 0x000000001ed11800 Exception <a 'java/net/SocketTimeoutException': Read timed out> (0x00000000f0530310) thrown at [D:\src\AOSP-openjdk-cygwin\jdk8u\hotspot\src\share\vm\prims\jni.cpp, line 736]
Event: 7948.426 Thread 0x000000001ed11800 Exception <a 'java/net/SocketTimeoutException': Read timed out> (0x00000000e1ce2fe8) thrown at [D:\src\AOSP-openjdk-cygwin\jdk8u\hotspot\src\share\vm\prims\jni.cpp, line 736]
Event: 7958.984 Thread 0x000000001ed11800 Exception <a 'java/net/SocketTimeoutException': Read timed out> (0x00000000e215de60) thrown at [D:\src\AOSP-openjdk-cygwin\jdk8u\hotspot\src\share\vm\prims\jni.cpp, line 736]
Event: 7965.433 Thread 0x000000001ed11800 Exception <a 'java/net/SocketTimeoutException': Read timed out> (0x00000000e242ae18) thrown at [D:\src\AOSP-openjdk-cygwin\jdk8u\hotspot\src\share\vm\prims\jni.cpp, line 736]
Event: 7970.964 Thread 0x000000001ed11800 Exception <a 'java/net/SocketTimeoutException': Read timed out> (0x00000000e28c1168) thrown at [D:\src\AOSP-openjdk-cygwin\jdk8u\hotspot\src\share\vm\prims\jni.cpp, line 736]
Event: 7985.890 Thread 0x000000001ed11800 Exception <a 'java/io/FileNotFoundException'> (0x00000000e46c0778) thrown at [D:\src\AOSP-openjdk-cygwin\jdk8u\hotspot\src\share\vm\prims\jni.cpp, line 710]
Event: 7986.269 Thread 0x000000001ed11800 Exception <a 'java/io/IOException'> (0x00000000e4eed180) thrown at [D:\src\AOSP-openjdk-cygwin\jdk8u\hotspot\src\share\vm\prims\jni.cpp, line 710]
Event: 7986.573 Thread 0x000000001ed17000 Exception <a 'java/lang/NoSuchMethodError': <clinit>> (0x00000000e516d790) thrown at [D:\src\AOSP-openjdk-cygwin\jdk8u\hotspot\src\share\vm\prims\jni.cpp, line 1614]
Event: 7986.575 Thread 0x000000001ed17000 Exception <a 'java/lang/NoSuchMethodError': <clinit>> (0x00000000e5475120) thrown at [D:\src\AOSP-openjdk-cygwin\jdk8u\hotspot\src\share\vm\prims\jni.cpp, line 1614]

Events (10 events):
Event: 7995.229 loading class org/apache/commons/io/filefilter/FileFilterUtils done
Event: 7995.260 loading class com/google/wireless/android/sdk/stats/JvmDetails$1
Event: 7995.260 loading class com/google/wireless/android/sdk/stats/JvmDetails$1 done
Event: 7995.260 loading class com/google/wireless/android/sdk/stats/JvmDetails$Builder
Event: 7995.260 loading class com/google/wireless/android/sdk/stats/JvmDetails$Builder done
Event: 7995.263 loading class com/google/wireless/android/play/playlog/proto/ClientAnalytics$LogEvent
Event: 7995.263 loading class com/google/wireless/android/play/playlog/proto/ClientAnalytics$LogEvent done
Event: 7995.264 loading class com/google/wireless/android/play/playlog/proto/ClientAnalytics$LogEventOrBuilder
Event: 7995.264 loading class com/google/wireless/android/play/playlog/proto/ClientAnalytics$LogEventOrBuilder done
Event: 7995.264 Executing VM operation: CollectForMetadataAllocation


Dynamic libraries:
0x00007ff7b1af0000 - 0x00007ff7b1b21000 	C:\Program Files\Android\Android Studio\jre\bin\java.exe
0x00007ffcecb80000 - 0x00007ffcecd70000 	C:\WINDOWS\SYSTEM32\ntdll.dll
0x00007ffcec030000 - 0x00007ffcec0e2000 	C:\WINDOWS\System32\KERNEL32.DLL
0x00007ffce9e80000 - 0x00007ffcea122000 	C:\WINDOWS\System32\KERNELBASE.dll
0x00007ffcec9e0000 - 0x00007ffceca83000 	C:\WINDOWS\System32\ADVAPI32.dll
0x00007ffceb7e0000 - 0x00007ffceb87e000 	C:\WINDOWS\System32\msvcrt.dll
0x00007ffceca90000 - 0x00007ffcecb27000 	C:\WINDOWS\System32\sechost.dll
0x00007ffceb420000 - 0x00007ffceb540000 	C:\WINDOWS\System32\RPCRT4.dll
0x00007ffcec1c0000 - 0x00007ffcec353000 	C:\WINDOWS\System32\USER32.dll
0x00007ffcea3a0000 - 0x00007ffcea3c1000 	C:\WINDOWS\System32\win32u.dll
0x00007ffcec410000 - 0x00007ffcec436000 	C:\WINDOWS\System32\GDI32.dll
0x00007ffcea130000 - 0x00007ffcea2c4000 	C:\WINDOWS\System32\gdi32full.dll
0x00007ffcea2d0000 - 0x00007ffcea36e000 	C:\WINDOWS\System32\msvcp_win.dll
0x00007ffce9b90000 - 0x00007ffce9c8a000 	C:\WINDOWS\System32\ucrtbase.dll
0x00007ffcd6c40000 - 0x00007ffcd6ec5000 	C:\WINDOWS\WinSxS\amd64_microsoft.windows.common-controls_6595b64144ccf1df_6.0.18362.30_none_a1435978519dce7f\COMCTL32.dll
0x00007ffceada0000 - 0x00007ffceb0d6000 	C:\WINDOWS\System32\combase.dll
0x00007ffce9d40000 - 0x00007ffce9dc1000 	C:\WINDOWS\System32\bcryptPrimitives.dll
0x00007ffcec380000 - 0x00007ffcec3ae000 	C:\WINDOWS\System32\IMM32.DLL
0x00000000589b0000 - 0x0000000058a82000 	C:\Program Files\Android\Android Studio\jre\jre\bin\msvcr100.dll
0x0000000058a90000 - 0x00000000592d6000 	C:\Program Files\Android\Android Studio\jre\jre\bin\server\jvm.dll
0x00007ffceaca0000 - 0x00007ffceaca8000 	C:\WINDOWS\System32\PSAPI.DLL
0x00007ffce0490000 - 0x00007ffce0499000 	C:\WINDOWS\SYSTEM32\WSOCK32.dll
0x00007ffceacc0000 - 0x00007ffcead2f000 	C:\WINDOWS\System32\WS2_32.dll
0x00007ffce7cb0000 - 0x00007ffce7cd4000 	C:\WINDOWS\SYSTEM32\WINMM.dll
0x00007ffcdbe30000 - 0x00007ffcdbe3a000 	C:\WINDOWS\SYSTEM32\VERSION.dll
0x00007ffce7c80000 - 0x00007ffce7cad000 	C:\WINDOWS\SYSTEM32\WINMMBASE.dll
0x00007ffce9e30000 - 0x00007ffce9e7a000 	C:\WINDOWS\System32\cfgmgr32.dll
0x00007ffce0480000 - 0x00007ffce048f000 	C:\Program Files\Android\Android Studio\jre\jre\bin\verify.dll
0x00007ffce0450000 - 0x00007ffce0479000 	C:\Program Files\Android\Android Studio\jre\jre\bin\java.dll
0x00007ffce0430000 - 0x00007ffce0446000 	C:\Program Files\Android\Android Studio\jre\jre\bin\zip.dll
0x00007ffceb880000 - 0x00007ffcebf60000 	C:\WINDOWS\System32\SHELL32.dll
0x00007ffceb290000 - 0x00007ffceb339000 	C:\WINDOWS\System32\shcore.dll
0x00007ffcea3d0000 - 0x00007ffceab4b000 	C:\WINDOWS\System32\windows.storage.dll
0x00007ffce9b30000 - 0x00007ffce9b4f000 	C:\WINDOWS\System32\profapi.dll
0x00007ffce9ae0000 - 0x00007ffce9b2a000 	C:\WINDOWS\System32\powrprof.dll
0x00007ffce9ab0000 - 0x00007ffce9ac0000 	C:\WINDOWS\System32\UMPDC.dll
0x00007ffceb3c0000 - 0x00007ffceb412000 	C:\WINDOWS\System32\shlwapi.dll
0x00007ffce9ac0000 - 0x00007ffce9ad1000 	C:\WINDOWS\System32\kernel.appcore.dll
0x00007ffce9b70000 - 0x00007ffce9b87000 	C:\WINDOWS\System32\cryptsp.dll
0x00007ffce0410000 - 0x00007ffce042a000 	C:\Program Files\Android\Android Studio\jre\jre\bin\net.dll
0x00007ffce92c0000 - 0x00007ffce9327000 	C:\WINDOWS\system32\mswsock.dll
0x00007ffce03f0000 - 0x00007ffce0401000 	C:\Program Files\Android\Android Studio\jre\jre\bin\nio.dll
0x00007ffce52e0000 - 0x00007ffce5306000 	C:\Users\Abhishek\.gradle\native\29\windows-amd64\native-platform.dll
0x00007ffce03e0000 - 0x00007ffce03ed000 	C:\Program Files\Android\Android Studio\jre\jre\bin\management.dll
0x00007ffce8e80000 - 0x00007ffce8eb3000 	C:\WINDOWS\system32\rsaenh.dll
0x00007ffcea370000 - 0x00007ffcea396000 	C:\WINDOWS\System32\bcrypt.dll
0x00007ffce99d0000 - 0x00007ffce99f5000 	C:\WINDOWS\SYSTEM32\USERENV.dll
0x00007ffce9490000 - 0x00007ffce949c000 	C:\WINDOWS\SYSTEM32\CRYPTBASE.dll
0x00007ffce9020000 - 0x00007ffce905a000 	C:\WINDOWS\SYSTEM32\IPHLPAPI.DLL
0x00007ffcecb30000 - 0x00007ffcecb38000 	C:\WINDOWS\System32\NSI.dll
0x00007ffce2bb0000 - 0x00007ffce2bc6000 	C:\WINDOWS\SYSTEM32\dhcpcsvc6.DLL
0x00007ffce4030000 - 0x00007ffce404c000 	C:\WINDOWS\SYSTEM32\dhcpcsvc.DLL
0x00007ffce9060000 - 0x00007ffce912a000 	C:\WINDOWS\SYSTEM32\DNSAPI.dll
0x00007ffce7dd0000 - 0x00007ffce7e5f000 	C:\WINDOWS\system32\apphelp.dll
0x00007ffcd8d50000 - 0x00007ffcd8d74000 	C:\Program Files\Android\Android Studio\jre\jre\bin\sunec.dll
0x00007ffcdf0d0000 - 0x00007ffcdf0da000 	C:\Windows\System32\rasadhlp.dll
0x00007ffce2390000 - 0x00007ffce2407000 	C:\WINDOWS\System32\fwpuclnt.dll
0x00007ffcde580000 - 0x00007ffcde58b000 	C:\Program Files\Android\Android Studio\jre\jre\bin\sunmscapi.dll
0x00007ffceab50000 - 0x00007ffceac99000 	C:\WINDOWS\System32\CRYPT32.dll
0x00007ffce9b50000 - 0x00007ffce9b62000 	C:\WINDOWS\System32\MSASN1.dll

VM Arguments:
jvm_args: -Xmx1536m -Dfile.encoding=windows-1252 -Duser.country=US -Duser.language=en -Duser.variant 
java_command: org.gradle.launcher.daemon.bootstrap.GradleDaemon 5.4.1
java_class_path (initial): C:\Users\Abhishek\.gradle\wrapper\dists\gradle-5.4.1-all\3221gyojl5jsh0helicew7rwx\gradle-5.4.1\lib\gradle-launcher-5.4.1.jar
Launcher Type: SUN_STANDARD

Environment Variables:
PATH=C:\WINDOWS\system32;C:\WINDOWS;C:\WINDOWS\System32\Wbem;C:\WINDOWS\System32\WindowsPowerShell\v1.0\;C:\Program Files\nodejs\;C:\WINDOWS\System32\OpenSSH\;C:\Program Files\Java\jdk-12.0.2\bin;C:\Users\Abhishek\AppData\Roaming\npm;C:\Users\Abhishek\AppData\Local\Programs\Microsoft VS Code\bin;C:\Users\Abhishek\AppData\Local\Microsoft\WindowsApps;
USERNAME=Abhishek
OS=Windows_NT
PROCESSOR_IDENTIFIER=Intel64 Family 6 Model 58 Stepping 9, GenuineIntel



---------------  S Y S T E M  ---------------

OS: Windows 10.0 , 64 bit Build 18362 (10.0.18362.1)

CPU:total 4 (initial active 4) (2 cores per cpu, 2 threads per core) family 6 model 58 stepping 9, cmov, cx8, fxsr, mmx, sse, sse2, sse3, ssse3, sse4.1, sse4.2, popcnt, avx, clmul, erms, ht, tsc, tscinvbit, tscinv

Memory: 4k page, physical 8232304k(1158460k free), swap 27295636k(76k free)

vm_info: OpenJDK 64-Bit Server VM (25.202-b03) for windows-amd64 JRE (1.8.0_202-release-1483-b03), built by "builder" with MS VC++ 10.0 (VS2010)

time: Sat Dec 14 13:50:31 2019
timezone: India Standard Time
elapsed time: 7995 seconds (0d 2h 13m 15s)

