JvmtiExport can_access_local_variables 0
JvmtiExport can_hotswap_or_post_breakpoint 0
JvmtiExport can_post_on_exceptions 0
# 512 ciObject found
ciMethod java/lang/Object <init> ()V 4097 1 146130 0 0
ciMethod java/lang/Object hashCode ()I 2049 1 256 0 -1
ciMethod java/lang/Object equals (Ljava/lang/Object;)Z 2201 1 4401 0 -1
ciMethod java/lang/Object clone ()Ljava/lang/Object; 2049 1 256 0 -1
ciMethod java/lang/String <init> ([CII)V 1841 1 5380 0 704
ciMethod java/lang/String <init> ([BIILjava/lang/String;)V 3073 1 1074 0 -1
ciMethod java/lang/String <init> ([CZ)V 2049 1 10464 0 64
ciMethod java/lang/String length ()I 3081 1 90394 0 0
ciMethod java/lang/String charAt (I)C 4097 1 652697 0 -1
ciMethod java/lang/String codePointAt (I)I 889 1 4624 0 -1
ciMethod java/lang/String getChars ([CI)V 2049 1 5388 0 0
ciMethod java/lang/String equals (Ljava/lang/Object;)Z 2049 11137 7737 0 -1
ciMethod java/lang/String equalsIgnoreCase (Ljava/lang/String;)Z 2049 1 5405 0 1472
ciMethod java/lang/String regionMatches (ZILjava/lang/String;II)Z 1593 625 3861 0 0
ciMethod java/lang/String startsWith (Ljava/lang/String;I)Z 2049 1953 5405 0 256
ciMethod java/lang/String endsWith (Ljava/lang/String;)Z 2657 1 12722 0 256
ciMethod java/lang/String hashCode ()I 2825 32769 1045 0 288
ciMethod java/lang/String lastIndexOf (I)I 2065 1 13458 0 0
ciMethod java/lang/String lastIndexOf (II)I 977 50241 960 0 288
ciMethod java/lang/String lastIndexOfSupplementary (II)I 0 0 1 0 -1
ciMethod java/lang/String substring (II)Ljava/lang/String; 2057 1 5382 0 960
ciMethod java/lang/String concat (Ljava/lang/String;)Ljava/lang/String; 2049 1 5388 0 896
ciMethod java/lang/String replace (CC)Ljava/lang/String; 993 49153 839 0 1152
ciMethod java/lang/String toUpperCase (Ljava/util/Locale;)Ljava/lang/String; 1113 27601 1046 0 0
ciMethod java/lang/String toCharArray ()[C 2049 1 7476 0 -1
ciMethod java/lang/ClassLoader definePackage (Ljava/lang/String;Ljava/lang/String;Ljava/lang/String;Ljava/lang/String;Ljava/lang/String;Ljava/lang/String;Ljava/lang/String;Ljava/net/URL;)Ljava/lang/Package; 865 1 360 0 0
ciMethod java/lang/ClassLoader getPackage (Ljava/lang/String;)Ljava/lang/Package; 2049 1 4049 0 0
ciMethod java/lang/System nanoTime ()J 3073 1 384 0 -1
ciMethod java/lang/System arraycopy (Ljava/lang/Object;ILjava/lang/Object;II)V 4097 1 512 0 -1
ciMethod java/lang/Throwable addSuppressed (Ljava/lang/Throwable;)V 0 0 1 0 -1
ciMethod java/security/SecureClassLoader defineClass (Ljava/lang/String;[BIILjava/security/CodeSource;)Ljava/lang/Class; 1817 1 2048 0 -1
ciMethod java/security/SecureClassLoader defineClass (Ljava/lang/String;Ljava/nio/ByteBuffer;Ljava/security/CodeSource;)Ljava/lang/Class; 0 0 1 0 -1
ciMethod java/lang/ref/Reference get ()Ljava/lang/Object; 1065 1 133 0 -1
ciMethod java/lang/ref/Reference <init> (Ljava/lang/Object;)V 2057 1 2629 0 0
ciMethod java/lang/ref/Reference <init> (Ljava/lang/Object;Ljava/lang/ref/ReferenceQueue;)V 2057 1 10626 0 96
ciMethod java/lang/ref/SoftReference <init> (Ljava/lang/Object;)V 1409 1 1290 0 0
ciMethod java/lang/ref/SoftReference get ()Ljava/lang/Object; 2049 1 4291 0 0
ciMethod java/lang/Thread currentThread ()Ljava/lang/Thread; 2049 1 256 0 -1
ciMethod java/lang/Thread interrupt ()V 0 0 1 0 -1
ciMethod java/lang/Thread interrupted ()Z 2049 1 2206 0 -1
ciMethod java/util/Map get (Ljava/lang/Object;)Ljava/lang/Object; 0 0 1 0 -1
ciMethod java/util/Map put (Ljava/lang/Object;Ljava/lang/Object;)Ljava/lang/Object; 0 0 1 0 -1
ciMethod java/util/Hashtable <init> (IF)V 2065 1 400 0 0
ciMethod java/util/Hashtable <init> (I)V 673 1 84 0 0
ciMethod java/util/Hashtable <init> ()V 2529 1 316 0 0
ciMethod java/util/Hashtable get (Ljava/lang/Object;)Ljava/lang/Object; 2049 313 1488 0 -1
ciMethod java/util/Dictionary <init> ()V 2065 1 400 0 0
ciMethod sun/misc/Unsafe ensureClassInitialized (Ljava/lang/Class;)V 1145 1 143 0 -1
ciMethod java/io/ByteArrayInputStream <init> ([B)V 49 1 85 0 0
ciMethod java/io/InputStream <init> ()V 2081 1 5496 0 0
ciMethod java/io/InputStream read ([BII)I 9 1489 1 0 -1
ciMethod java/io/InputStream close ()V 0 0 1 0 -1
ciMethod java/net/URLClassLoader getAndVerifyPackage (Ljava/lang/String;Ljava/util/jar/Manifest;Ljava/net/URL;)Ljava/lang/Package; 2049 1 2049 0 0
ciMethod java/net/URLClassLoader definePackageInternal (Ljava/lang/String;Ljava/util/jar/Manifest;Ljava/net/URL;)V 1817 1 2048 0 0
ciMethod java/net/URLClassLoader defineClass (Ljava/lang/String;Lsun/misc/Resource;)Ljava/lang/Class; 801 1 2048 0 0
ciMethod java/net/URLClassLoader definePackage (Ljava/lang/String;Ljava/util/jar/Manifest;Ljava/net/URL;)Ljava/lang/Package; 865 1 359 0 0
ciMethod java/net/URLClassLoader isSealed (Ljava/lang/String;Ljava/util/jar/Manifest;)Z 1513 1 1689 0 0
ciMethod java/net/URLClassLoader access$000 (Ljava/net/URLClassLoader;)Lsun/misc/URLClassPath; 1041 1 130 0 0
ciMethod java/net/URLClassLoader access$100 (Ljava/net/URLClassLoader;Ljava/lang/String;Lsun/misc/Resource;)Ljava/lang/Class; 801 1 2042 0 0
ciMethod java/util/jar/Manifest <init> (Ljava/io/InputStream;)V 89 1 67 0 0
ciMethod java/util/jar/Manifest <init> (Ljava/util/jar/JarVerifier;Ljava/io/InputStream;)V 137 1 149 0 0
ciMethod java/util/jar/Manifest getMainAttributes ()Ljava/util/jar/Attributes; 1025 1 128 0 0
ciMethod java/util/jar/Manifest getEntries ()Ljava/util/Map; 1025 1 128 0 0
ciMethod java/util/jar/Manifest getAttributes (Ljava/lang/String;)Ljava/util/jar/Attributes; 2049 1 2153 0 0
ciMethod java/util/jar/Manifest getTrustedAttributes (Ljava/lang/String;)Ljava/util/jar/Attributes; 2041 1 2063 0 0
ciMethod java/util/jar/Manifest read (Ljava/io/InputStream;)V 1201 401 150 0 -1
ciMethod java/util/jar/Manifest parseName ([BI)Ljava/lang/String; 401 1 50 0 -1
ciMethod java/security/CodeSource <init> (Ljava/net/URL;[Ljava/security/CodeSigner;)V 1817 1 2048 0 0
ciMethod java/nio/Buffer position ()I 1025 1 128 0 -1
ciMethod java/lang/Character charCount (I)I 1233 1 7880 0 -1
ciMethod java/lang/Character toChars (I[CI)I 0 0 1 0 -1
ciMethod java/lang/Character toChars (I)[C 0 0 1 0 -1
ciMethod java/lang/Character toLowerCase (C)C 3081 1 11220 0 0
ciMethod java/lang/Character toLowerCase (I)I 4097 1 96463 0 0
ciMethod java/lang/Character toUpperCase (C)C 1601 1 10185 0 0
ciMethod java/lang/Character toUpperCase (I)I 1601 1 10187 0 0
ciMethod java/lang/Character toUpperCaseEx (I)I 2049 1 32875 0 -1
ciMethod java/lang/Character toUpperCaseCharArray (I)[C 0 0 1 0 -1
ciMethod java/lang/Float isNaN (F)Z 2049 1 2201 0 0
ciMethod java/lang/Float floatToRawIntBits (F)I 9 1 1 0 -1
ciMethod java/util/Comparator compare (Ljava/lang/Object;Ljava/lang/Object;)I 0 0 1 0 -1
ciMethod java/security/AccessController doPrivileged (Ljava/security/PrivilegedAction;)Ljava/lang/Object; 2049 1 256 0 -1
ciMethod java/util/AbstractList <init> ()V 2065 1 5981 0 0
ciMethod java/util/AbstractCollection <init> ()V 641 1 9132 0 0
ciMethod java/util/Stack pop ()Ljava/lang/Object; 129 1 257 0 -1
ciMethod java/util/Stack empty ()Z 257 1 569 0 -1
ciMethod java/util/ArrayList <init> ()V 937 1 2433 0 0
ciMethod java/util/ArrayList size ()I 1025 1 128 0 -1
ciMethod java/util/ArrayList get (I)Ljava/lang/Object; 2033 1 8349 0 -1
ciMethod java/util/ArrayList add (Ljava/lang/Object;)Z 441 1 6512 0 -1
ciMethod java/util/AbstractMap <init> ()V 649 1 3035 0 0
ciMethod sun/misc/SharedSecrets javaUtilJarAccess ()Lsun/misc/JavaUtilJarAccess; 2049 1 4323 0 0
ciMethod java/util/HashMap hash (Ljava/lang/Object;)I 2049 1 20607 0 0
ciMethod java/util/HashMap tableSizeFor (I)I 2041 1 1292 0 -1
ciMethod java/util/HashMap <init> (IF)V 2049 1 1287 0 0
ciMethod java/util/HashMap <init> (I)V 2049 1 670 0 0
ciMethod java/util/HashMap <init> ()V 273 1 1083 0 0
ciMethod java/util/HashMap get (Ljava/lang/Object;)Ljava/lang/Object; 2049 1 11865 0 576
ciMethod java/util/HashMap getNode (ILjava/lang/Object;)Ljava/util/HashMap$Node; 2065 17 5388 0 544
ciMethod java/util/HashMap containsKey (Ljava/lang/Object;)Z 121 1 1394 0 -1
ciMethod java/util/HashMap put (Ljava/lang/Object;Ljava/lang/Object;)Ljava/lang/Object; 905 1 6271 0 224
ciMethod java/util/HashMap putVal (ILjava/lang/Object;Ljava/lang/Object;ZZ)Ljava/lang/Object; 937 25 5829 0 131